<?xml version="1.0" encoding="UTF-8"?>
<coverage generated="1790359960092" clover="3.2.0">
  <project timestamp="1790359960092" name="All files">
    <metrics statements="238" coveredstatements="238" conditionals="270" coveredconditionals="270" methods="80" coveredmethods="80" elements="588" coveredelements="588" complexity="0" loc="238" ncloc="238" packages="1" files="7" classes="7"/>
    <file name="device-policy.ts" path="/Users/adam/git/vibey-storm/lane-h/clients/app/src/core/device-policy.ts">
      <metrics statements="9" coveredstatements="9" conditionals="6" coveredconditionals="6" methods="3" coveredmethods="3"/>
      <line num="18" count="3" type="stmt"/>
      <line num="29" count="14" type="stmt"/>
      <line num="30" count="14" type="cond" truecount="2" falsecount="0"/>
      <line num="31" count="9" type="stmt"/>
      <line num="34" count="5" type="stmt"/>
      <line num="38" count="4" type="stmt"/>
      <line num="39" count="24" type="cond" truecount="2" falsecount="0"/>
      <line num="40" count="20" type="stmt"/>
      <line num="42" count="4" type="cond" truecount="2" falsecount="0"/>
    </file>
    <file name="hub-client.ts" path="/Users/adam/git/vibey-storm/lane-h/clients/app/src/core/hub-client.ts">
      <metrics statements="114" coveredstatements="114" conditionals="124" coveredconditionals="124" methods="44" coveredmethods="44"/>
      <line num="41" count="26" type="stmt"/>
      <line num="42" count="26" type="stmt"/>
      <line num="48" count="2" type="stmt"/>
      <line num="49" count="2" type="stmt"/>
      <line num="50" count="35" type="stmt"/>
      <line num="53" count="2" type="stmt"/>
      <line num="64" count="35" type="stmt"/>
      <line num="69" count="2" type="cond" truecount="1" falsecount="0"/>
      <line num="74" count="5" type="stmt"/>
      <line num="75" count="5" type="cond" truecount="2" falsecount="0"/>
      <line num="76" count="2" type="stmt"/>
      <line num="78" count="3" type="stmt"/>
      <line num="82" count="2" type="stmt"/>
      <line num="83" count="2" type="cond" truecount="2" falsecount="0"/>
      <line num="87" count="4" type="stmt"/>
      <line num="88" count="4" type="cond" truecount="2" falsecount="0"/>
      <line num="89" count="4" type="stmt"/>
      <line num="93" count="18" type="stmt"/>
      <line num="94" count="7" type="stmt"/>
      <line num="96" count="7" type="cond" truecount="3" falsecount="0"/>
      <line num="101" count="5" type="cond" truecount="2" falsecount="0"/>
      <line num="102" count="5" type="stmt"/>
      <line num="103" count="5" type="cond" truecount="2" falsecount="0"/>
      <line num="104" count="5" type="stmt"/>
      <line num="107" count="7" type="cond" truecount="3" falsecount="0"/>
      <line num="109" count="6" type="stmt"/>
      <line num="113" count="7" type="stmt"/>
      <line num="119" count="4" type="cond" truecount="2" falsecount="0"/>
      <line num="120" count="1" type="stmt"/>
      <line num="122" count="3" type="stmt"/>
      <line num="123" count="3" type="cond" truecount="5" falsecount="0"/>
      <line num="124" count="1" type="stmt"/>
      <line num="126" count="2" type="cond" truecount="2" falsecount="0"/>
      <line num="127" count="2" type="stmt"/>
      <line num="134" count="2" type="stmt"/>
      <line num="138" count="2" type="cond" truecount="2" falsecount="0"/>
      <line num="142" count="2" type="stmt"/>
      <line num="148" count="4" type="stmt"/>
      <line num="149" count="4" type="stmt"/>
      <line num="150" count="4" type="cond" truecount="2" falsecount="0"/>
      <line num="151" count="4" type="cond" truecount="2" falsecount="0"/>
      <line num="155" count="2" type="cond" truecount="2" falsecount="0"/>
      <line num="156" count="1" type="stmt"/>
      <line num="158" count="1" type="stmt"/>
      <line num="162" count="1" type="stmt"/>
      <line num="166" count="2" type="stmt"/>
      <line num="170" count="3" type="stmt"/>
      <line num="171" count="3" type="stmt"/>
      <line num="173" count="3" type="stmt"/>
      <line num="174" count="3" type="stmt"/>
      <line num="177" count="3" type="stmt"/>
      <line num="181" count="1" type="stmt"/>
      <line num="185" count="1" type="stmt"/>
      <line num="189" count="1" type="stmt"/>
      <line num="195" count="3" type="stmt"/>
      <line num="196" count="3" type="cond" truecount="2" falsecount="0"/>
      <line num="197" count="3" type="stmt"/>
      <line num="198" count="4" type="cond" truecount="2" falsecount="0"/>
      <line num="199" count="3" type="stmt"/>
      <line num="211" count="4" type="stmt"/>
      <line num="212" count="4" type="cond" truecount="2" falsecount="0"/>
      <line num="213" count="1" type="stmt"/>
      <line num="215" count="3" type="stmt"/>
      <line num="218" count="4" type="cond" truecount="2" falsecount="0"/>
      <line num="220" count="3" type="stmt"/>
      <line num="230" count="2" type="stmt"/>
      <line num="231" count="2" type="cond" truecount="2" falsecount="0"/>
      <line num="232" count="2" type="stmt"/>
      <line num="233" count="3" type="cond" truecount="2" falsecount="0"/>
      <line num="234" count="2" type="stmt"/>
      <line num="249" count="10" type="cond" truecount="5" falsecount="0"/>
      <line num="251" count="2" type="stmt"/>
      <line num="253" count="2" type="stmt"/>
      <line num="255" count="2" type="cond" truecount="2" falsecount="0"/>
      <line num="256" count="1" type="stmt"/>
      <line num="258" count="1" type="stmt"/>
      <line num="261" count="3" type="stmt"/>
      <line num="262" count="3" type="stmt"/>
      <line num="264" count="1" type="stmt"/>
      <line num="266" count="2" type="cond" truecount="2" falsecount="0"/>
      <line num="267" count="1" type="stmt"/>
      <line num="269" count="1" type="stmt"/>
      <line num="272" count="1" type="stmt"/>
      <line num="277" count="3" type="cond" truecount="2" falsecount="0"/>
      <line num="278" count="3" type="cond" truecount="2" falsecount="0"/>
      <line num="279" count="3" type="cond" truecount="2" falsecount="0"/>
      <line num="280" count="3" type="stmt"/>
      <line num="300" count="2" type="stmt"/>
      <line num="304" count="4" type="stmt"/>
      <line num="305" count="4" type="stmt"/>
      <line num="309" count="6" type="stmt"/>
      <line num="310" count="6" type="stmt"/>
      <line num="311" count="4" type="stmt"/>
      <line num="313" count="2" type="stmt"/>
      <line num="318" count="40" type="stmt"/>
      <line num="322" count="5" type="stmt"/>
      <line num="323" count="5" type="stmt"/>
      <line num="331" count="45" type="stmt"/>
      <line num="336" count="45" type="stmt"/>
      <line num="337" count="45" type="stmt"/>
      <line num="339" count="1" type="stmt"/>
      <line num="341" count="44" type="stmt"/>
      <line num="342" count="44" type="cond" truecount="2" falsecount="0"/>
      <line num="343" count="9" type="stmt"/>
      <line num="344" count="9" type="cond" truecount="2" falsecount="0"/>
      <line num="345" count="8" type="stmt"/>
      <line num="347" count="1" type="stmt"/>
      <line num="349" count="35" type="stmt"/>
      <line num="350" count="35" type="stmt"/>
      <line num="352" count="1" type="stmt"/>
      <line num="357" count="20" type="cond" truecount="2" falsecount="0"/>
      <line num="358" count="4" type="stmt"/>
      <line num="360" count="16" type="stmt"/>
      <line num="364" count="63" type="cond" truecount="3" falsecount="0"/>
    </file>
    <file name="identity.ts" path="/Users/adam/git/vibey-storm/lane-h/clients/app/src/core/identity.ts">
      <metrics statements="4" coveredstatements="4" conditionals="2" coveredconditionals="2" methods="2" coveredmethods="2"/>
      <line num="7" count="2" type="stmt"/>
      <line num="10" count="2" type="stmt"/>
      <line num="13" count="7" type="cond" truecount="2" falsecount="0"/>
      <line num="17" count="6" type="stmt"/>
    </file>
    <file name="pairing.ts" path="/Users/adam/git/vibey-storm/lane-h/clients/app/src/core/pairing.ts">
      <metrics statements="34" coveredstatements="34" conditionals="41" coveredconditionals="41" methods="4" coveredmethods="4"/>
      <line num="11" count="2" type="stmt"/>
      <line num="12" count="2" type="stmt"/>
      <line num="13" count="2" type="stmt"/>
      <line num="14" count="2" type="stmt"/>
      <line num="18" count="16" type="stmt"/>
      <line num="19" count="16" type="stmt"/>
      <line num="21" count="1" type="stmt"/>
      <line num="23" count="15" type="stmt"/>
      <line num="24" count="15" type="cond" truecount="4" falsecount="0"/>
      <line num="25" count="2" type="stmt"/>
      <line num="27" count="13" type="stmt"/>
      <line num="28" count="13" type="cond" truecount="2" falsecount="0"/>
      <line num="29" count="13" type="cond" truecount="2" falsecount="0"/>
      <line num="30" count="13" type="cond" truecount="2" falsecount="0"/>
      <line num="31" count="13" type="stmt"/>
      <line num="32" count="13" type="cond" truecount="4" falsecount="0"/>
      <line num="33" count="2" type="stmt"/>
      <line num="35" count="11" type="cond" truecount="5" falsecount="0"/>
      <line num="36" count="2" type="stmt"/>
      <line num="38" count="9" type="cond" truecount="2" falsecount="0"/>
      <line num="39" count="2" type="stmt"/>
      <line num="41" count="7" type="stmt"/>
      <line num="42" count="7" type="cond" truecount="4" falsecount="0"/>
      <line num="43" count="1" type="stmt"/>
      <line num="45" count="6" type="cond" truecount="4" falsecount="0"/>
      <line num="46" count="1" type="stmt"/>
      <line num="48" count="5" type="stmt"/>
      <line num="56" count="5" type="stmt"/>
      <line num="60" count="17" type="stmt"/>
      <line num="61" count="17" type="cond" truecount="2" falsecount="0"/>
      <line num="65" count="3" type="cond" truecount="4" falsecount="0"/>
      <line num="66" count="3" type="stmt"/>
      <line num="73" count="2" type="stmt"/>
      <line num="77" count="1" type="stmt"/>
    </file>
    <file name="presenters.ts" path="/Users/adam/git/vibey-storm/lane-h/clients/app/src/core/presenters.ts">
      <metrics statements="54" coveredstatements="54" conditionals="72" coveredconditionals="72" methods="18" coveredmethods="18"/>
      <line num="18" count="14" type="cond" truecount="2" falsecount="0"/>
      <line num="23" count="11" type="stmt"/>
      <line num="24" count="11" type="cond" truecount="2" falsecount="0"/>
      <line num="28" count="4" type="stmt"/>
      <line num="29" count="6" type="cond" truecount="2" falsecount="0"/>
      <line num="30" count="6" type="stmt"/>
      <line num="44" count="6" type="stmt"/>
      <line num="46" count="4" type="cond" truecount="4" falsecount="0"/>
      <line num="47" count="4" type="stmt"/>
      <line num="51" count="11" type="stmt"/>
      <line num="63" count="7" type="stmt"/>
      <line num="74" count="2" type="stmt"/>
      <line num="75" count="6" type="stmt"/>
      <line num="76" count="6" type="stmt"/>
      <line num="77" count="6" type="cond" truecount="4" falsecount="0"/>
      <line num="78" count="6" type="cond" truecount="2" falsecount="0"/>
      <line num="85" count="6" type="stmt"/>
      <line num="97" count="4" type="stmt"/>
      <line num="105" count="9" type="cond" truecount="2" falsecount="0"/>
      <line num="106" count="5" type="stmt"/>
      <line num="108" count="4" type="stmt"/>
      <line num="109" count="4" type="stmt"/>
      <line num="110" count="4" type="stmt"/>
      <line num="111" count="4" type="cond" truecount="2" falsecount="0"/>
      <line num="112" count="3" type="stmt"/>
      <line num="113" count="3" type="stmt"/>
      <line num="115" count="4" type="stmt"/>
      <line num="119" count="8" type="stmt"/>
      <line num="120" count="8" type="cond" truecount="2" falsecount="0"/>
      <line num="121" count="3" type="stmt"/>
      <line num="123" count="5" type="stmt"/>
      <line num="124" count="5" type="cond" truecount="2" falsecount="0"/>
      <line num="125" count="1" type="stmt"/>
      <line num="127" count="4" type="stmt"/>
      <line num="128" count="4" type="cond" truecount="2" falsecount="0"/>
      <line num="132" count="4" type="cond" truecount="2" falsecount="0"/>
      <line num="133" count="1" type="stmt"/>
      <line num="135" count="3" type="stmt"/>
      <line num="136" count="3" type="cond" truecount="2" falsecount="0"/>
      <line num="137" count="1" type="stmt"/>
      <line num="139" count="2" type="cond" truecount="2" falsecount="0"/>
      <line num="143" count="6" type="cond" truecount="2" falsecount="0"/>
      <line num="144" count="3" type="stmt"/>
      <line num="146" count="3" type="stmt"/>
      <line num="147" count="3" type="cond" truecount="2" falsecount="0"/>
      <line num="148" count="1" type="stmt"/>
      <line num="150" count="2" type="cond" truecount="4" falsecount="0"/>
      <line num="154" count="7" type="cond" truecount="2" falsecount="0"/>
      <line num="155" count="2" type="stmt"/>
      <line num="157" count="5" type="cond" truecount="2" falsecount="0"/>
      <line num="158" count="1" type="stmt"/>
      <line num="160" count="4" type="cond" truecount="2" falsecount="0"/>
      <line num="161" count="3" type="cond" truecount="4" falsecount="0"/>
      <line num="163" count="1" type="stmt"/>
    </file>
    <file name="screens.ts" path="/Users/adam/git/vibey-storm/lane-h/clients/app/src/core/screens.ts">
      <metrics statements="5" coveredstatements="5" conditionals="0" coveredconditionals="0" methods="4" coveredmethods="4"/>
      <line num="6" count="2" type="stmt"/>
      <line num="20" count="2" type="stmt"/>
      <line num="60" count="18" type="stmt"/>
      <line num="63" count="9" type="stmt"/>
      <line num="64" count="22" type="stmt"/>
    </file>
    <file name="settings.ts" path="/Users/adam/git/vibey-storm/lane-h/clients/app/src/core/settings.ts">
      <metrics statements="18" coveredstatements="18" conditionals="25" coveredconditionals="25" methods="5" coveredmethods="5"/>
      <line num="13" count="2" type="stmt"/>
      <line num="23" count="2" type="stmt"/>
      <line num="32" count="2" type="stmt"/>
      <line num="47" count="10" type="cond" truecount="5" falsecount="0"/>
      <line num="49" count="3" type="stmt"/>
      <line num="51" count="1" type="stmt"/>
      <line num="53" count="3" type="stmt"/>
      <line num="55" count="2" type="stmt"/>
      <line num="57" count="1" type="stmt"/>
      <line num="63" count="5" type="stmt"/>
      <line num="64" count="5" type="cond" truecount="2" falsecount="0"/>
      <line num="66" count="1" type="stmt"/>
      <line num="68" count="5" type="cond" truecount="4" falsecount="0"/>
      <line num="69" count="5" type="cond" truecount="4" falsecount="0"/>
      <line num="72" count="5" type="stmt"/>
      <line num="77" count="30" type="stmt"/>
      <line num="86" count="3" type="stmt"/>
      <line num="90" count="5" type="cond" truecount="2" falsecount="0"/>
    </file>
  </project>
</coverage>
