<?xml version="1.0" encoding="UTF-8"?>
<coverage generated="1790360681567" clover="3.2.0">
  <project timestamp="1790360681567" name="All files">
    <metrics statements="245" coveredstatements="245" conditionals="274" coveredconditionals="274" methods="81" coveredmethods="81" elements="600" coveredelements="600" complexity="0" loc="245" ncloc="245" packages="1" files="7" classes="7"/>
    <file name="device-policy.ts" path="/Users/adam/git/vibey-storm/lane-h/clients/app/src/core/device-policy.ts">
      <metrics statements="9" coveredstatements="9" conditionals="6" coveredconditionals="6" methods="3" coveredmethods="3"/>
      <line num="18" count="3" type="stmt"/>
      <line num="29" count="13" type="stmt"/>
      <line num="30" count="13" type="cond" truecount="2" falsecount="0"/>
      <line num="31" count="9" type="stmt"/>
      <line num="34" count="4" type="stmt"/>
      <line num="38" count="4" type="stmt"/>
      <line num="39" count="24" type="cond" truecount="2" falsecount="0"/>
      <line num="40" count="20" type="stmt"/>
      <line num="42" count="4" type="cond" truecount="2" falsecount="0"/>
    </file>
    <file name="hub-client.ts" path="/Users/adam/git/vibey-storm/lane-h/clients/app/src/core/hub-client.ts">
      <metrics statements="119" coveredstatements="119" conditionals="126" coveredconditionals="126" methods="44" coveredmethods="44"/>
      <line num="41" count="26" type="stmt"/>
      <line num="42" count="26" type="stmt"/>
      <line num="48" count="2" type="stmt"/>
      <line num="49" count="2" type="stmt"/>
      <line num="50" count="36" type="stmt"/>
      <line num="53" count="2" type="stmt"/>
      <line num="64" count="36" type="stmt"/>
      <line num="65" count="36" type="stmt"/>
      <line num="70" count="2" type="cond" truecount="1" falsecount="0"/>
      <line num="75" count="5" type="stmt"/>
      <line num="76" count="5" type="cond" truecount="2" falsecount="0"/>
      <line num="77" count="2" type="stmt"/>
      <line num="79" count="3" type="stmt"/>
      <line num="83" count="2" type="stmt"/>
      <line num="84" count="2" type="cond" truecount="2" falsecount="0"/>
      <line num="88" count="4" type="stmt"/>
      <line num="89" count="4" type="cond" truecount="2" falsecount="0"/>
      <line num="90" count="4" type="stmt"/>
      <line num="94" count="18" type="stmt"/>
      <line num="95" count="7" type="stmt"/>
      <line num="97" count="7" type="cond" truecount="3" falsecount="0"/>
      <line num="102" count="5" type="cond" truecount="2" falsecount="0"/>
      <line num="103" count="5" type="stmt"/>
      <line num="104" count="5" type="cond" truecount="2" falsecount="0"/>
      <line num="105" count="5" type="stmt"/>
      <line num="108" count="7" type="cond" truecount="3" falsecount="0"/>
      <line num="110" count="6" type="stmt"/>
      <line num="114" count="7" type="stmt"/>
      <line num="120" count="4" type="cond" truecount="2" falsecount="0"/>
      <line num="121" count="1" type="stmt"/>
      <line num="123" count="3" type="stmt"/>
      <line num="124" count="3" type="cond" truecount="5" falsecount="0"/>
      <line num="125" count="1" type="stmt"/>
      <line num="127" count="2" type="cond" truecount="2" falsecount="0"/>
      <line num="128" count="2" type="stmt"/>
      <line num="135" count="2" type="stmt"/>
      <line num="139" count="2" type="cond" truecount="2" falsecount="0"/>
      <line num="143" count="2" type="stmt"/>
      <line num="149" count="7" type="stmt"/>
      <line num="151" count="7" type="stmt"/>
      <line num="152" count="7" type="cond" truecount="2" falsecount="0"/>
      <line num="153" count="7" type="stmt"/>
      <line num="154" count="7" type="stmt"/>
      <line num="155" count="7" type="stmt"/>
      <line num="156" count="7" type="cond" truecount="2" falsecount="0"/>
      <line num="157" count="7" type="cond" truecount="2" falsecount="0"/>
      <line num="161" count="2" type="cond" truecount="2" falsecount="0"/>
      <line num="162" count="1" type="stmt"/>
      <line num="164" count="1" type="stmt"/>
      <line num="168" count="1" type="stmt"/>
      <line num="172" count="2" type="stmt"/>
      <line num="176" count="3" type="stmt"/>
      <line num="177" count="3" type="stmt"/>
      <line num="179" count="3" type="stmt"/>
      <line num="180" count="3" type="stmt"/>
      <line num="183" count="3" type="stmt"/>
      <line num="187" count="1" type="stmt"/>
      <line num="191" count="1" type="stmt"/>
      <line num="195" count="1" type="stmt"/>
      <line num="201" count="3" type="stmt"/>
      <line num="202" count="3" type="cond" truecount="2" falsecount="0"/>
      <line num="203" count="3" type="stmt"/>
      <line num="204" count="4" type="cond" truecount="2" falsecount="0"/>
      <line num="205" count="3" type="stmt"/>
      <line num="217" count="4" type="stmt"/>
      <line num="218" count="4" type="cond" truecount="2" falsecount="0"/>
      <line num="219" count="1" type="stmt"/>
      <line num="221" count="3" type="stmt"/>
      <line num="224" count="4" type="cond" truecount="2" falsecount="0"/>
      <line num="226" count="3" type="stmt"/>
      <line num="236" count="2" type="stmt"/>
      <line num="237" count="2" type="cond" truecount="2" falsecount="0"/>
      <line num="238" count="2" type="stmt"/>
      <line num="239" count="3" type="cond" truecount="2" falsecount="0"/>
      <line num="240" count="2" type="stmt"/>
      <line num="255" count="13" type="cond" truecount="5" falsecount="0"/>
      <line num="257" count="5" type="stmt"/>
      <line num="259" count="2" type="stmt"/>
      <line num="261" count="2" type="cond" truecount="2" falsecount="0"/>
      <line num="262" count="1" type="stmt"/>
      <line num="264" count="1" type="stmt"/>
      <line num="267" count="3" type="stmt"/>
      <line num="268" count="3" type="stmt"/>
      <line num="270" count="1" type="stmt"/>
      <line num="272" count="2" type="cond" truecount="2" falsecount="0"/>
      <line num="273" count="1" type="stmt"/>
      <line num="275" count="1" type="stmt"/>
      <line num="278" count="1" type="stmt"/>
      <line num="283" count="3" type="cond" truecount="2" falsecount="0"/>
      <line num="284" count="3" type="cond" truecount="2" falsecount="0"/>
      <line num="285" count="3" type="cond" truecount="2" falsecount="0"/>
      <line num="286" count="3" type="stmt"/>
      <line num="306" count="2" type="stmt"/>
      <line num="310" count="6" type="stmt"/>
      <line num="311" count="6" type="stmt"/>
      <line num="315" count="6" type="stmt"/>
      <line num="316" count="6" type="stmt"/>
      <line num="317" count="4" type="stmt"/>
      <line num="319" count="2" type="stmt"/>
      <line num="324" count="40" type="stmt"/>
      <line num="328" count="8" type="stmt"/>
      <line num="329" count="8" type="stmt"/>
      <line num="337" count="48" type="stmt"/>
      <line num="342" count="48" type="stmt"/>
      <line num="343" count="48" type="stmt"/>
      <line num="345" count="1" type="stmt"/>
      <line num="347" count="47" type="stmt"/>
      <line num="348" count="47" type="cond" truecount="2" falsecount="0"/>
      <line num="349" count="9" type="stmt"/>
      <line num="350" count="9" type="cond" truecount="2" falsecount="0"/>
      <line num="351" count="8" type="stmt"/>
      <line num="353" count="1" type="stmt"/>
      <line num="355" count="38" type="stmt"/>
      <line num="356" count="38" type="stmt"/>
      <line num="358" count="1" type="stmt"/>
      <line num="363" count="20" type="cond" truecount="2" falsecount="0"/>
      <line num="364" count="4" type="stmt"/>
      <line num="366" count="16" type="stmt"/>
      <line num="370" count="66" type="cond" truecount="3" falsecount="0"/>
    </file>
    <file name="identity.ts" path="/Users/adam/git/vibey-storm/lane-h/clients/app/src/core/identity.ts">
      <metrics statements="4" coveredstatements="4" conditionals="2" coveredconditionals="2" methods="2" coveredmethods="2"/>
      <line num="7" count="2" type="stmt"/>
      <line num="10" count="2" type="stmt"/>
      <line num="13" count="7" type="cond" truecount="2" falsecount="0"/>
      <line num="17" count="6" type="stmt"/>
    </file>
    <file name="pairing.ts" path="/Users/adam/git/vibey-storm/lane-h/clients/app/src/core/pairing.ts">
      <metrics statements="34" coveredstatements="34" conditionals="41" coveredconditionals="41" methods="4" coveredmethods="4"/>
      <line num="11" count="2" type="stmt"/>
      <line num="12" count="2" type="stmt"/>
      <line num="13" count="2" type="stmt"/>
      <line num="14" count="2" type="stmt"/>
      <line num="18" count="16" type="stmt"/>
      <line num="19" count="16" type="stmt"/>
      <line num="21" count="1" type="stmt"/>
      <line num="23" count="15" type="stmt"/>
      <line num="24" count="15" type="cond" truecount="4" falsecount="0"/>
      <line num="25" count="2" type="stmt"/>
      <line num="27" count="13" type="stmt"/>
      <line num="28" count="13" type="cond" truecount="2" falsecount="0"/>
      <line num="29" count="13" type="cond" truecount="2" falsecount="0"/>
      <line num="30" count="13" type="cond" truecount="2" falsecount="0"/>
      <line num="31" count="13" type="stmt"/>
      <line num="32" count="13" type="cond" truecount="4" falsecount="0"/>
      <line num="33" count="2" type="stmt"/>
      <line num="35" count="11" type="cond" truecount="5" falsecount="0"/>
      <line num="36" count="2" type="stmt"/>
      <line num="38" count="9" type="cond" truecount="2" falsecount="0"/>
      <line num="39" count="2" type="stmt"/>
      <line num="41" count="7" type="stmt"/>
      <line num="42" count="7" type="cond" truecount="4" falsecount="0"/>
      <line num="43" count="1" type="stmt"/>
      <line num="45" count="6" type="cond" truecount="4" falsecount="0"/>
      <line num="46" count="1" type="stmt"/>
      <line num="48" count="5" type="stmt"/>
      <line num="56" count="5" type="stmt"/>
      <line num="60" count="17" type="stmt"/>
      <line num="61" count="17" type="cond" truecount="2" falsecount="0"/>
      <line num="65" count="3" type="cond" truecount="4" falsecount="0"/>
      <line num="66" count="3" type="stmt"/>
      <line num="73" count="2" type="stmt"/>
      <line num="77" count="1" type="stmt"/>
    </file>
    <file name="presenters.ts" path="/Users/adam/git/vibey-storm/lane-h/clients/app/src/core/presenters.ts">
      <metrics statements="56" coveredstatements="56" conditionals="74" coveredconditionals="74" methods="19" coveredmethods="19"/>
      <line num="21" count="2" type="stmt"/>
      <line num="32" count="17" type="cond" truecount="2" falsecount="0"/>
      <line num="37" count="14" type="cond" truecount="2" falsecount="0"/>
      <line num="42" count="11" type="stmt"/>
      <line num="43" count="11" type="cond" truecount="2" falsecount="0"/>
      <line num="47" count="4" type="stmt"/>
      <line num="48" count="6" type="cond" truecount="2" falsecount="0"/>
      <line num="49" count="6" type="stmt"/>
      <line num="63" count="6" type="stmt"/>
      <line num="65" count="4" type="cond" truecount="4" falsecount="0"/>
      <line num="66" count="4" type="stmt"/>
      <line num="70" count="11" type="stmt"/>
      <line num="83" count="7" type="stmt"/>
      <line num="94" count="2" type="stmt"/>
      <line num="95" count="6" type="stmt"/>
      <line num="96" count="6" type="stmt"/>
      <line num="97" count="6" type="cond" truecount="4" falsecount="0"/>
      <line num="98" count="6" type="cond" truecount="2" falsecount="0"/>
      <line num="105" count="6" type="stmt"/>
      <line num="117" count="4" type="stmt"/>
      <line num="125" count="9" type="cond" truecount="2" falsecount="0"/>
      <line num="126" count="5" type="stmt"/>
      <line num="128" count="4" type="stmt"/>
      <line num="129" count="4" type="stmt"/>
      <line num="130" count="4" type="stmt"/>
      <line num="131" count="4" type="cond" truecount="2" falsecount="0"/>
      <line num="132" count="3" type="stmt"/>
      <line num="133" count="3" type="stmt"/>
      <line num="135" count="4" type="stmt"/>
      <line num="139" count="8" type="stmt"/>
      <line num="140" count="8" type="cond" truecount="2" falsecount="0"/>
      <line num="141" count="3" type="stmt"/>
      <line num="143" count="5" type="stmt"/>
      <line num="144" count="5" type="cond" truecount="2" falsecount="0"/>
      <line num="145" count="1" type="stmt"/>
      <line num="147" count="4" type="stmt"/>
      <line num="148" count="4" type="cond" truecount="2" falsecount="0"/>
      <line num="152" count="4" type="cond" truecount="2" falsecount="0"/>
      <line num="153" count="1" type="stmt"/>
      <line num="155" count="3" type="stmt"/>
      <line num="156" count="3" type="cond" truecount="2" falsecount="0"/>
      <line num="157" count="1" type="stmt"/>
      <line num="159" count="2" type="cond" truecount="2" falsecount="0"/>
      <line num="163" count="6" type="cond" truecount="2" falsecount="0"/>
      <line num="164" count="3" type="stmt"/>
      <line num="166" count="3" type="stmt"/>
      <line num="167" count="3" type="cond" truecount="2" falsecount="0"/>
      <line num="168" count="1" type="stmt"/>
      <line num="170" count="2" type="cond" truecount="4" falsecount="0"/>
      <line num="174" count="7" type="cond" truecount="2" falsecount="0"/>
      <line num="175" count="2" type="stmt"/>
      <line num="177" count="5" type="cond" truecount="2" falsecount="0"/>
      <line num="178" count="1" type="stmt"/>
      <line num="180" count="4" type="cond" truecount="2" falsecount="0"/>
      <line num="181" count="3" type="cond" truecount="4" falsecount="0"/>
      <line num="183" count="1" type="stmt"/>
    </file>
    <file name="screens.ts" path="/Users/adam/git/vibey-storm/lane-h/clients/app/src/core/screens.ts">
      <metrics statements="5" coveredstatements="5" conditionals="0" coveredconditionals="0" methods="4" coveredmethods="4"/>
      <line num="6" count="2" type="stmt"/>
      <line num="20" count="2" type="stmt"/>
      <line num="60" count="18" type="stmt"/>
      <line num="63" count="9" type="stmt"/>
      <line num="64" count="22" type="stmt"/>
    </file>
    <file name="settings.ts" path="/Users/adam/git/vibey-storm/lane-h/clients/app/src/core/settings.ts">
      <metrics statements="18" coveredstatements="18" conditionals="25" coveredconditionals="25" methods="5" coveredmethods="5"/>
      <line num="13" count="2" type="stmt"/>
      <line num="23" count="2" type="stmt"/>
      <line num="32" count="2" type="stmt"/>
      <line num="47" count="10" type="cond" truecount="5" falsecount="0"/>
      <line num="49" count="3" type="stmt"/>
      <line num="51" count="1" type="stmt"/>
      <line num="53" count="3" type="stmt"/>
      <line num="55" count="2" type="stmt"/>
      <line num="57" count="1" type="stmt"/>
      <line num="63" count="5" type="stmt"/>
      <line num="64" count="5" type="cond" truecount="2" falsecount="0"/>
      <line num="66" count="1" type="stmt"/>
      <line num="68" count="5" type="cond" truecount="4" falsecount="0"/>
      <line num="69" count="5" type="cond" truecount="4" falsecount="0"/>
      <line num="72" count="5" type="stmt"/>
      <line num="77" count="30" type="stmt"/>
      <line num="86" count="3" type="stmt"/>
      <line num="90" count="5" type="cond" truecount="2" falsecount="0"/>
    </file>
  </project>
</coverage>
