{"/Users/adam/git/vibey-storm/lane-h/clients/app/src/core/device-policy.ts": {"path":"/Users/adam/git/vibey-storm/lane-h/clients/app/src/core/device-policy.ts","statementMap":{"0":{"start":{"line":18,"column":79},"end":{"line":26,"column":3}},"1":{"start":{"line":29,"column":20},"end":{"line":29,"column":50}},"2":{"start":{"line":30,"column":4},"end":{"line":32,"column":5}},"3":{"start":{"line":31,"column":6},"end":{"line":31,"column":49}},"4":{"start":{"line":34,"column":4},"end":{"line":34,"column":65}},"5":{"start":{"line":38,"column":4},"end":{"line":55,"column":7}},"6":{"start":{"line":39,"column":6},"end":{"line":41,"column":7}},"7":{"start":{"line":40,"column":8},"end":{"line":40,"column":98}},"8":{"start":{"line":42,"column":6},"end":{"line":54,"column":12}}},"fnMap":{"0":{"name":"(anonymous_0)","decl":{"start":{"line":28,"column":2},"end":{"line":28,"column":3}},"loc":{"start":{"line":28,"column":47},"end":{"line":35,"column":3}},"line":28},"1":{"name":"(anonymous_1)","decl":{"start":{"line":37,"column":2},"end":{"line":37,"column":3}},"loc":{"start":{"line":37,"column":69},"end":{"line":56,"column":3}},"line":37},"2":{"name":"(anonymous_2)","decl":{"start":{"line":38,"column":27},"end":{"line":38,"column":28}},"loc":{"start":{"line":38,"column":47},"end":{"line":55,"column":5}},"line":38}},"branchMap":{"0":{"loc":{"start":{"line":30,"column":4},"end":{"line":32,"column":5}},"type":"if","locations":[{"start":{"line":30,"column":4},"end":{"line":32,"column":5}},{"start":{},"end":{}}],"line":30},"1":{"loc":{"start":{"line":39,"column":6},"end":{"line":41,"column":7}},"type":"if","locations":[{"start":{"line":39,"column":6},"end":{"line":41,"column":7}},{"start":{},"end":{}}],"line":39},"2":{"loc":{"start":{"line":42,"column":13},"end":{"line":54,"column":11}},"type":"cond-expr","locations":[{"start":{"line":43,"column":10},"end":{"line":48,"column":11}},{"start":{"line":49,"column":10},"end":{"line":54,"column":11}}],"line":42}},"s":{"0":3,"1":13,"2":13,"3":9,"4":4,"5":4,"6":24,"7":20,"8":4},"f":{"0":13,"1":4,"2":24},"b":{"0":[9,4],"1":[20,4],"2":[1,3]},"_coverageSchema":"1a1c01bbd47fc00a2c39e90264f33305004495a9","hash":"da5ce06ee1cc96b8b180da7cbacd7f38f95e2cf3"}
,"/Users/adam/git/vibey-storm/lane-h/clients/app/src/core/hub-client.ts": {"path":"/Users/adam/git/vibey-storm/lane-h/clients/app/src/core/hub-client.ts","statementMap":{"0":{"start":{"line":41,"column":4},"end":{"line":41,"column":19}},"1":{"start":{"line":42,"column":4},"end":{"line":42,"column":27}},"2":{"start":{"line":48,"column":37},"end":{"line":48,"column":66}},"3":{"start":{"line":49,"column":32},"end":{"line":49,"column":35}},"4":{"start":{"line":50,"column":33},"end":{"line":50,"column":38}},"5":{"start":{"line":53,"column":86},"end":{"line":62,"column":3}},"6":{"start":{"line":64,"column":21},"end":{"line":64,"column":22}},"7":{"start":{"line":65,"column":32},"end":{"line":65,"column":57}},"8":{"start":{"line":70,"column":56},"end":{"line":70,"column":79}},"9":{"start":{"line":75,"column":20},"end":{"line":75,"column":52}},"10":{"start":{"line":76,"column":4},"end":{"line":78,"column":5}},"11":{"start":{"line":77,"column":6},"end":{"line":77,"column":103}},"12":{"start":{"line":79,"column":4},"end":{"line":79,"column":19}},"13":{"start":{"line":83,"column":21},"end":{"line":83,"column":40}},"14":{"start":{"line":84,"column":4},"end":{"line":84,"column":91}},"15":{"start":{"line":88,"column":17},"end":{"line":88,"column":49}},"16":{"start":{"line":89,"column":18},"end":{"line":89,"column":66}},"17":{"start":{"line":90,"column":4},"end":{"line":90,"column":27}},"18":{"start":{"line":94,"column":19},"end":{"line":94,"column":53}},"19":{"start":{"line":95,"column":4},"end":{"line":98,"column":6}},"20":{"start":{"line":97,"column":8},"end":{"line":97,"column":105}},"21":{"start":{"line":102,"column":18},"end":{"line":102,"column":95}},"22":{"start":{"line":103,"column":19},"end":{"line":103,"column":58}},"23":{"start":{"line":104,"column":18},"end":{"line":104,"column":71}},"24":{"start":{"line":105,"column":4},"end":{"line":116,"column":10}},"25":{"start":{"line":108,"column":10},"end":{"line":108,"column":103}},"26":{"start":{"line":110,"column":22},"end":{"line":116,"column":7}},"27":{"start":{"line":114,"column":62},"end":{"line":114,"column":88}},"28":{"start":{"line":120,"column":4},"end":{"line":122,"column":5}},"29":{"start":{"line":121,"column":6},"end":{"line":121,"column":102}},"30":{"start":{"line":123,"column":19},"end":{"line":123,"column":93}},"31":{"start":{"line":124,"column":4},"end":{"line":126,"column":5}},"32":{"start":{"line":125,"column":6},"end":{"line":125,"column":81}},"33":{"start":{"line":127,"column":18},"end":{"line":127,"column":82}},"34":{"start":{"line":128,"column":4},"end":{"line":145,"column":6}},"35":{"start":{"line":135,"column":75},"end":{"line":135,"column":103}},"36":{"start":{"line":139,"column":50},"end":{"line":139,"column":118}},"37":{"start":{"line":143,"column":67},"end":{"line":143,"column":91}},"38":{"start":{"line":149,"column":21},"end":{"line":149,"column":53}},"39":{"start":{"line":151,"column":16},"end":{"line":151,"column":55}},"40":{"start":{"line":152,"column":22},"end":{"line":152,"column":66}},"41":{"start":{"line":153,"column":4},"end":{"line":153,"column":40}},"42":{"start":{"line":154,"column":17},"end":{"line":154,"column":60}},"43":{"start":{"line":155,"column":19},"end":{"line":155,"column":94}},"44":{"start":{"line":156,"column":21},"end":{"line":156,"column":75}},"45":{"start":{"line":157,"column":4},"end":{"line":157,"column":90}},"46":{"start":{"line":161,"column":4},"end":{"line":163,"column":5}},"47":{"start":{"line":162,"column":6},"end":{"line":162,"column":84}},"48":{"start":{"line":164,"column":4},"end":{"line":167,"column":6}},"49":{"start":{"line":168,"column":4},"end":{"line":168,"column":46}},"50":{"start":{"line":172,"column":4},"end":{"line":172,"column":37}},"51":{"start":{"line":176,"column":21},"end":{"line":176,"column":42}},"52":{"start":{"line":177,"column":20},"end":{"line":182,"column":5}},"53":{"start":{"line":179,"column":21},"end":{"line":179,"column":104}},"54":{"start":{"line":180,"column":8},"end":{"line":180,"column":47}},"55":{"start":{"line":183,"column":4},"end":{"line":183,"column":19}},"56":{"start":{"line":187,"column":4},"end":{"line":187,"column":36}},"57":{"start":{"line":191,"column":4},"end":{"line":191,"column":38}},"58":{"start":{"line":195,"column":4},"end":{"line":197,"column":6}},"59":{"start":{"line":201,"column":19},"end":{"line":201,"column":50}},"60":{"start":{"line":202,"column":18},"end":{"line":202,"column":71}},"61":{"start":{"line":203,"column":4},"end":{"line":213,"column":10}},"62":{"start":{"line":204,"column":38},"end":{"line":204,"column":93}},"63":{"start":{"line":205,"column":22},"end":{"line":213,"column":7}},"64":{"start":{"line":217,"column":19},"end":{"line":217,"column":51}},"65":{"start":{"line":218,"column":4},"end":{"line":220,"column":5}},"66":{"start":{"line":219,"column":6},"end":{"line":219,"column":75}},"67":{"start":{"line":221,"column":4},"end":{"line":232,"column":6}},"68":{"start":{"line":224,"column":42},"end":{"line":224,"column":101}},"69":{"start":{"line":226,"column":38},"end":{"line":230,"column":11}},"70":{"start":{"line":236,"column":19},"end":{"line":236,"column":92}},"71":{"start":{"line":237,"column":17},"end":{"line":237,"column":69}},"72":{"start":{"line":238,"column":4},"end":{"line":246,"column":10}},"73":{"start":{"line":239,"column":36},"end":{"line":239,"column":93}},"74":{"start":{"line":240,"column":21},"end":{"line":246,"column":7}},"75":{"start":{"line":255,"column":4},"end":{"line":279,"column":5}},"76":{"start":{"line":257,"column":8},"end":{"line":257,"column":41}},"77":{"start":{"line":259,"column":8},"end":{"line":259,"column":40}},"78":{"start":{"line":261,"column":8},"end":{"line":263,"column":9}},"79":{"start":{"line":262,"column":10},"end":{"line":262,"column":123}},"80":{"start":{"line":264,"column":8},"end":{"line":264,"column":35}},"81":{"start":{"line":267,"column":8},"end":{"line":271,"column":9}},"82":{"start":{"line":268,"column":10},"end":{"line":268,"column":43}},"83":{"start":{"line":270,"column":10},"end":{"line":270,"column":68}},"84":{"start":{"line":272,"column":8},"end":{"line":274,"column":9}},"85":{"start":{"line":273,"column":10},"end":{"line":273,"column":101}},"86":{"start":{"line":275,"column":8},"end":{"line":275,"column":22}},"87":{"start":{"line":278,"column":8},"end":{"line":278,"column":121}},"88":{"start":{"line":283,"column":19},"end":{"line":283,"column":55}},"89":{"start":{"line":284,"column":17},"end":{"line":284,"column":67}},"90":{"start":{"line":285,"column":18},"end":{"line":285,"column":70}},"91":{"start":{"line":286,"column":4},"end":{"line":302,"column":6}},"92":{"start":{"line":306,"column":4},"end":{"line":306,"column":101}},"93":{"start":{"line":310,"column":4},"end":{"line":310,"column":23}},"94":{"start":{"line":311,"column":4},"end":{"line":311,"column":53}},"95":{"start":{"line":315,"column":4},"end":{"line":320,"column":5}},"96":{"start":{"line":316,"column":23},"end":{"line":316,"column":112}},"97":{"start":{"line":317,"column":6},"end":{"line":317,"column":37}},"98":{"start":{"line":319,"column":6},"end":{"line":319,"column":19}},"99":{"start":{"line":324,"column":4},"end":{"line":324,"column":71}},"100":{"start":{"line":328,"column":17},"end":{"line":328,"column":37}},"101":{"start":{"line":329,"column":4},"end":{"line":333,"column":7}},"102":{"start":{"line":337,"column":4},"end":{"line":337,"column":92}},"103":{"start":{"line":342,"column":4},"end":{"line":346,"column":5}},"104":{"start":{"line":343,"column":6},"end":{"line":343,"column":81}},"105":{"start":{"line":345,"column":6},"end":{"line":345,"column":157}},"106":{"start":{"line":347,"column":17},"end":{"line":347,"column":38}},"107":{"start":{"line":348,"column":4},"end":{"line":354,"column":5}},"108":{"start":{"line":349,"column":20},"end":{"line":349,"column":55}},"109":{"start":{"line":350,"column":6},"end":{"line":352,"column":7}},"110":{"start":{"line":351,"column":8},"end":{"line":351,"column":64}},"111":{"start":{"line":353,"column":6},"end":{"line":353,"column":96}},"112":{"start":{"line":355,"column":4},"end":{"line":359,"column":5}},"113":{"start":{"line":356,"column":6},"end":{"line":356,"column":41}},"114":{"start":{"line":358,"column":6},"end":{"line":358,"column":100}},"115":{"start":{"line":363,"column":4},"end":{"line":365,"column":5}},"116":{"start":{"line":364,"column":6},"end":{"line":364,"column":82}},"117":{"start":{"line":366,"column":4},"end":{"line":366,"column":17}},"118":{"start":{"line":370,"column":4},"end":{"line":370,"column":80}}},"fnMap":{"0":{"name":"(anonymous_0)","decl":{"start":{"line":36,"column":2},"end":{"line":36,"column":3}},"loc":{"start":{"line":40,"column":4},"end":{"line":43,"column":3}},"line":40},"1":{"name":"(anonymous_1)","decl":{"start":{"line":67,"column":2},"end":{"line":67,"column":3}},"loc":{"start":{"line":71,"column":4},"end":{"line":71,"column":6}},"line":71},"2":{"name":"(anonymous_2)","decl":{"start":{"line":70,"column":50},"end":{"line":70,"column":51}},"loc":{"start":{"line":70,"column":56},"end":{"line":70,"column":79}},"line":70},"3":{"name":"(anonymous_3)","decl":{"start":{"line":74,"column":2},"end":{"line":74,"column":3}},"loc":{"start":{"line":74,"column":78},"end":{"line":80,"column":3}},"line":74},"4":{"name":"(anonymous_4)","decl":{"start":{"line":82,"column":2},"end":{"line":82,"column":3}},"loc":{"start":{"line":82,"column":35},"end":{"line":85,"column":3}},"line":82},"5":{"name":"(anonymous_5)","decl":{"start":{"line":87,"column":2},"end":{"line":87,"column":3}},"loc":{"start":{"line":87,"column":79},"end":{"line":91,"column":3}},"line":87},"6":{"name":"(anonymous_6)","decl":{"start":{"line":93,"column":2},"end":{"line":93,"column":3}},"loc":{"start":{"line":93,"column":53},"end":{"line":99,"column":3}},"line":93},"7":{"name":"(anonymous_7)","decl":{"start":{"line":96,"column":6},"end":{"line":96,"column":7}},"loc":{"start":{"line":97,"column":8},"end":{"line":97,"column":105}},"line":97},"8":{"name":"(anonymous_8)","decl":{"start":{"line":101,"column":2},"end":{"line":101,"column":3}},"loc":{"start":{"line":101,"column":65},"end":{"line":117,"column":3}},"line":101},"9":{"name":"(anonymous_9)","decl":{"start":{"line":107,"column":8},"end":{"line":107,"column":9}},"loc":{"start":{"line":108,"column":10},"end":{"line":108,"column":103}},"line":108},"10":{"name":"(anonymous_10)","decl":{"start":{"line":110,"column":11},"end":{"line":110,"column":12}},"loc":{"start":{"line":110,"column":22},"end":{"line":116,"column":7}},"line":110},"11":{"name":"(anonymous_11)","decl":{"start":{"line":114,"column":32},"end":{"line":114,"column":33}},"loc":{"start":{"line":114,"column":62},"end":{"line":114,"column":88}},"line":114},"12":{"name":"(anonymous_12)","decl":{"start":{"line":119,"column":2},"end":{"line":119,"column":3}},"loc":{"start":{"line":119,"column":57},"end":{"line":146,"column":3}},"line":119},"13":{"name":"(anonymous_13)","decl":{"start":{"line":135,"column":37},"end":{"line":135,"column":38}},"loc":{"start":{"line":135,"column":75},"end":{"line":135,"column":103}},"line":135},"14":{"name":"(anonymous_14)","decl":{"start":{"line":139,"column":12},"end":{"line":139,"column":13}},"loc":{"start":{"line":139,"column":50},"end":{"line":139,"column":118}},"line":139},"15":{"name":"(anonymous_15)","decl":{"start":{"line":143,"column":41},"end":{"line":143,"column":42}},"loc":{"start":{"line":143,"column":67},"end":{"line":143,"column":91}},"line":143},"16":{"name":"(anonymous_16)","decl":{"start":{"line":148,"column":2},"end":{"line":148,"column":3}},"loc":{"start":{"line":148,"column":68},"end":{"line":158,"column":3}},"line":148},"17":{"name":"(anonymous_17)","decl":{"start":{"line":160,"column":2},"end":{"line":160,"column":3}},"loc":{"start":{"line":160,"column":65},"end":{"line":169,"column":3}},"line":160},"18":{"name":"(anonymous_18)","decl":{"start":{"line":171,"column":2},"end":{"line":171,"column":3}},"loc":{"start":{"line":171,"column":28},"end":{"line":173,"column":3}},"line":171},"19":{"name":"(anonymous_19)","decl":{"start":{"line":175,"column":2},"end":{"line":175,"column":3}},"loc":{"start":{"line":175,"column":51},"end":{"line":184,"column":3}},"line":175},"20":{"name":"(anonymous_20)","decl":{"start":{"line":178,"column":19},"end":{"line":178,"column":20}},"loc":{"start":{"line":178,"column":38},"end":{"line":181,"column":7}},"line":178},"21":{"name":"(anonymous_21)","decl":{"start":{"line":186,"column":2},"end":{"line":186,"column":3}},"loc":{"start":{"line":186,"column":31},"end":{"line":188,"column":3}},"line":186},"22":{"name":"(anonymous_22)","decl":{"start":{"line":190,"column":2},"end":{"line":190,"column":3}},"loc":{"start":{"line":190,"column":33},"end":{"line":192,"column":3}},"line":190},"23":{"name":"(anonymous_23)","decl":{"start":{"line":194,"column":2},"end":{"line":194,"column":3}},"loc":{"start":{"line":194,"column":26},"end":{"line":198,"column":3}},"line":194},"24":{"name":"(anonymous_24)","decl":{"start":{"line":200,"column":2},"end":{"line":200,"column":3}},"loc":{"start":{"line":200,"column":45},"end":{"line":214,"column":3}},"line":200},"25":{"name":"(anonymous_25)","decl":{"start":{"line":204,"column":14},"end":{"line":204,"column":15}},"loc":{"start":{"line":204,"column":38},"end":{"line":204,"column":93}},"line":204},"26":{"name":"(anonymous_26)","decl":{"start":{"line":205,"column":11},"end":{"line":205,"column":12}},"loc":{"start":{"line":205,"column":22},"end":{"line":213,"column":7}},"line":205},"27":{"name":"(anonymous_27)","decl":{"start":{"line":216,"column":2},"end":{"line":216,"column":3}},"loc":{"start":{"line":216,"column":37},"end":{"line":233,"column":3}},"line":216},"28":{"name":"(anonymous_28)","decl":{"start":{"line":224,"column":16},"end":{"line":224,"column":17}},"loc":{"start":{"line":224,"column":42},"end":{"line":224,"column":101}},"line":224},"29":{"name":"(anonymous_29)","decl":{"start":{"line":226,"column":10},"end":{"line":226,"column":11}},"loc":{"start":{"line":226,"column":38},"end":{"line":230,"column":11}},"line":226},"30":{"name":"(anonymous_30)","decl":{"start":{"line":235,"column":2},"end":{"line":235,"column":3}},"loc":{"start":{"line":235,"column":66},"end":{"line":247,"column":3}},"line":235},"31":{"name":"(anonymous_31)","decl":{"start":{"line":239,"column":14},"end":{"line":239,"column":15}},"loc":{"start":{"line":239,"column":36},"end":{"line":239,"column":93}},"line":239},"32":{"name":"(anonymous_32)","decl":{"start":{"line":240,"column":11},"end":{"line":240,"column":12}},"loc":{"start":{"line":240,"column":21},"end":{"line":246,"column":7}},"line":240},"33":{"name":"(anonymous_33)","decl":{"start":{"line":254,"column":2},"end":{"line":254,"column":3}},"loc":{"start":{"line":254,"column":50},"end":{"line":280,"column":3}},"line":254},"34":{"name":"(anonymous_34)","decl":{"start":{"line":282,"column":2},"end":{"line":282,"column":3}},"loc":{"start":{"line":282,"column":75},"end":{"line":303,"column":3}},"line":282},"35":{"name":"(anonymous_35)","decl":{"start":{"line":305,"column":2},"end":{"line":305,"column":3}},"loc":{"start":{"line":305,"column":68},"end":{"line":307,"column":3}},"line":305},"36":{"name":"(anonymous_36)","decl":{"start":{"line":309,"column":2},"end":{"line":309,"column":3}},"loc":{"start":{"line":309,"column":30},"end":{"line":312,"column":3}},"line":309},"37":{"name":"(anonymous_37)","decl":{"start":{"line":314,"column":2},"end":{"line":314,"column":3}},"loc":{"start":{"line":314,"column":54},"end":{"line":321,"column":3}},"line":314},"38":{"name":"(anonymous_38)","decl":{"start":{"line":323,"column":2},"end":{"line":323,"column":3}},"loc":{"start":{"line":323,"column":46},"end":{"line":325,"column":3}},"line":323},"39":{"name":"(anonymous_39)","decl":{"start":{"line":327,"column":2},"end":{"line":327,"column":3}},"loc":{"start":{"line":327,"column":62},"end":{"line":334,"column":3}},"line":327},"40":{"name":"(anonymous_40)","decl":{"start":{"line":336,"column":2},"end":{"line":336,"column":3}},"loc":{"start":{"line":336,"column":44},"end":{"line":338,"column":3}},"line":336},"41":{"name":"(anonymous_41)","decl":{"start":{"line":340,"column":2},"end":{"line":340,"column":3}},"loc":{"start":{"line":340,"column":135},"end":{"line":360,"column":3}},"line":340},"42":{"name":"(anonymous_42)","decl":{"start":{"line":362,"column":2},"end":{"line":362,"column":3}},"loc":{"start":{"line":362,"column":72},"end":{"line":367,"column":3}},"line":362},"43":{"name":"(anonymous_43)","decl":{"start":{"line":369,"column":2},"end":{"line":369,"column":3}},"loc":{"start":{"line":369,"column":57},"end":{"line":371,"column":3}},"line":369}},"branchMap":{"0":{"loc":{"start":{"line":70,"column":21},"end":{"line":70,"column":79}},"type":"default-arg","locations":[{"start":{"line":70,"column":50},"end":{"line":70,"column":79}}],"line":70},"1":{"loc":{"start":{"line":76,"column":4},"end":{"line":78,"column":5}},"type":"if","locations":[{"start":{"line":76,"column":4},"end":{"line":78,"column":5}},{"start":{},"end":{}}],"line":76},"2":{"loc":{"start":{"line":84,"column":11},"end":{"line":84,"column":90}},"type":"cond-expr","locations":[{"start":{"line":84,"column":18},"end":{"line":84,"column":60}},{"start":{"line":84,"column":63},"end":{"line":84,"column":90}}],"line":84},"3":{"loc":{"start":{"line":89,"column":18},"end":{"line":89,"column":66}},"type":"cond-expr","locations":[{"start":{"line":89,"column":25},"end":{"line":89,"column":58}},{"start":{"line":89,"column":61},"end":{"line":89,"column":66}}],"line":89},"4":{"loc":{"start":{"line":97,"column":8},"end":{"line":97,"column":105}},"type":"binary-expr","locations":[{"start":{"line":97,"column":8},"end":{"line":97,"column":32}},{"start":{"line":97,"column":36},"end":{"line":97,"column":71}},{"start":{"line":97,"column":75},"end":{"line":97,"column":105}}],"line":97},"5":{"loc":{"start":{"line":102,"column":18},"end":{"line":102,"column":95}},"type":"cond-expr","locations":[{"start":{"line":102,"column":44},"end":{"line":102,"column":46}},{"start":{"line":102,"column":49},"end":{"line":102,"column":95}}],"line":102},"6":{"loc":{"start":{"line":104,"column":18},"end":{"line":104,"column":71}},"type":"cond-expr","locations":[{"start":{"line":104,"column":47},"end":{"line":104,"column":59}},{"start":{"line":104,"column":62},"end":{"line":104,"column":71}}],"line":104},"7":{"loc":{"start":{"line":108,"column":10},"end":{"line":108,"column":103}},"type":"binary-expr","locations":[{"start":{"line":108,"column":10},"end":{"line":108,"column":34}},{"start":{"line":108,"column":38},"end":{"line":108,"column":70}},{"start":{"line":108,"column":74},"end":{"line":108,"column":103}}],"line":108},"8":{"loc":{"start":{"line":112,"column":16},"end":{"line":112,"column":66}},"type":"cond-expr","locations":[{"start":{"line":112,"column":50},"end":{"line":112,"column":61}},{"start":{"line":112,"column":64},"end":{"line":112,"column":66}}],"line":112},"9":{"loc":{"start":{"line":113,"column":17},"end":{"line":115,"column":14}},"type":"cond-expr","locations":[{"start":{"line":114,"column":12},"end":{"line":114,"column":89}},{"start":{"line":115,"column":12},"end":{"line":115,"column":14}}],"line":113},"10":{"loc":{"start":{"line":120,"column":4},"end":{"line":122,"column":5}},"type":"if","locations":[{"start":{"line":120,"column":4},"end":{"line":122,"column":5}},{"start":{},"end":{}}],"line":120},"11":{"loc":{"start":{"line":124,"column":4},"end":{"line":126,"column":5}},"type":"if","locations":[{"start":{"line":124,"column":4},"end":{"line":126,"column":5}},{"start":{},"end":{}}],"line":124},"12":{"loc":{"start":{"line":124,"column":8},"end":{"line":124,"column":112}},"type":"binary-expr","locations":[{"start":{"line":124,"column":8},"end":{"line":124,"column":35}},{"start":{"line":124,"column":39},"end":{"line":124,"column":76}},{"start":{"line":124,"column":80},"end":{"line":124,"column":112}}],"line":124},"13":{"loc":{"start":{"line":127,"column":18},"end":{"line":127,"column":82}},"type":"cond-expr","locations":[{"start":{"line":127,"column":59},"end":{"line":127,"column":77}},{"start":{"line":127,"column":80},"end":{"line":127,"column":82}}],"line":127},"14":{"loc":{"start":{"line":130,"column":12},"end":{"line":130,"column":77}},"type":"cond-expr","locations":[{"start":{"line":130,"column":46},"end":{"line":130,"column":57}},{"start":{"line":130,"column":60},"end":{"line":130,"column":77}}],"line":130},"15":{"loc":{"start":{"line":132,"column":10},"end":{"line":132,"column":73}},"type":"cond-expr","locations":[{"start":{"line":132,"column":45},"end":{"line":132,"column":68}},{"start":{"line":132,"column":71},"end":{"line":132,"column":73}}],"line":132},"16":{"loc":{"start":{"line":133,"column":10},"end":{"line":133,"column":88}},"type":"cond-expr","locations":[{"start":{"line":133,"column":50},"end":{"line":133,"column":83}},{"start":{"line":133,"column":86},"end":{"line":133,"column":88}}],"line":133},"17":{"loc":{"start":{"line":137,"column":16},"end":{"line":141,"column":12}},"type":"cond-expr","locations":[{"start":{"line":138,"column":10},"end":{"line":140,"column":11}},{"start":{"line":141,"column":10},"end":{"line":141,"column":12}}],"line":137},"18":{"loc":{"start":{"line":139,"column":50},"end":{"line":139,"column":118}},"type":"binary-expr","locations":[{"start":{"line":139,"column":50},"end":{"line":139,"column":77}},{"start":{"line":139,"column":81},"end":{"line":139,"column":118}}],"line":139},"19":{"loc":{"start":{"line":142,"column":24},"end":{"line":144,"column":12}},"type":"cond-expr","locations":[{"start":{"line":143,"column":10},"end":{"line":143,"column":92}},{"start":{"line":144,"column":10},"end":{"line":144,"column":12}}],"line":142},"20":{"loc":{"start":{"line":152,"column":22},"end":{"line":152,"column":66}},"type":"binary-expr","locations":[{"start":{"line":152,"column":22},"end":{"line":152,"column":46}},{"start":{"line":152,"column":50},"end":{"line":152,"column":66}}],"line":152},"21":{"loc":{"start":{"line":156,"column":21},"end":{"line":156,"column":75}},"type":"binary-expr","locations":[{"start":{"line":156,"column":21},"end":{"line":156,"column":47}},{"start":{"line":156,"column":51},"end":{"line":156,"column":75}}],"line":156},"22":{"loc":{"start":{"line":157,"column":11},"end":{"line":157,"column":89}},"type":"cond-expr","locations":[{"start":{"line":157,"column":22},"end":{"line":157,"column":75}},{"start":{"line":157,"column":78},"end":{"line":157,"column":89}}],"line":157},"23":{"loc":{"start":{"line":161,"column":4},"end":{"line":163,"column":5}},"type":"if","locations":[{"start":{"line":161,"column":4},"end":{"line":163,"column":5}},{"start":{},"end":{}}],"line":161},"24":{"loc":{"start":{"line":202,"column":18},"end":{"line":202,"column":71}},"type":"cond-expr","locations":[{"start":{"line":202,"column":47},"end":{"line":202,"column":59}},{"start":{"line":202,"column":62},"end":{"line":202,"column":71}}],"line":202},"25":{"loc":{"start":{"line":204,"column":38},"end":{"line":204,"column":93}},"type":"binary-expr","locations":[{"start":{"line":204,"column":38},"end":{"line":204,"column":62}},{"start":{"line":204,"column":66},"end":{"line":204,"column":93}}],"line":204},"26":{"loc":{"start":{"line":207,"column":16},"end":{"line":207,"column":73}},"type":"cond-expr","locations":[{"start":{"line":207,"column":50},"end":{"line":207,"column":61}},{"start":{"line":207,"column":64},"end":{"line":207,"column":73}}],"line":207},"27":{"loc":{"start":{"line":208,"column":15},"end":{"line":208,"column":80}},"type":"cond-expr","locations":[{"start":{"line":208,"column":48},"end":{"line":208,"column":58}},{"start":{"line":208,"column":62},"end":{"line":208,"column":79}}],"line":208},"28":{"loc":{"start":{"line":209,"column":15},"end":{"line":209,"column":70}},"type":"cond-expr","locations":[{"start":{"line":209,"column":48},"end":{"line":209,"column":58}},{"start":{"line":209,"column":61},"end":{"line":209,"column":70}}],"line":209},"29":{"loc":{"start":{"line":210,"column":17},"end":{"line":210,"column":71}},"type":"cond-expr","locations":[{"start":{"line":210,"column":52},"end":{"line":210,"column":64}},{"start":{"line":210,"column":67},"end":{"line":210,"column":71}}],"line":210},"30":{"loc":{"start":{"line":211,"column":16},"end":{"line":211,"column":65}},"type":"cond-expr","locations":[{"start":{"line":211,"column":50},"end":{"line":211,"column":61}},{"start":{"line":211,"column":64},"end":{"line":211,"column":65}}],"line":211},"31":{"loc":{"start":{"line":212,"column":23},"end":{"line":212,"column":86}},"type":"cond-expr","locations":[{"start":{"line":212,"column":64},"end":{"line":212,"column":82}},{"start":{"line":212,"column":85},"end":{"line":212,"column":86}}],"line":212},"32":{"loc":{"start":{"line":218,"column":4},"end":{"line":220,"column":5}},"type":"if","locations":[{"start":{"line":218,"column":4},"end":{"line":220,"column":5}},{"start":{},"end":{}}],"line":218},"33":{"loc":{"start":{"line":222,"column":13},"end":{"line":222,"column":65}},"type":"cond-expr","locations":[{"start":{"line":222,"column":48},"end":{"line":222,"column":60}},{"start":{"line":222,"column":63},"end":{"line":222,"column":65}}],"line":222},"34":{"loc":{"start":{"line":224,"column":42},"end":{"line":224,"column":101}},"type":"binary-expr","locations":[{"start":{"line":224,"column":42},"end":{"line":224,"column":67}},{"start":{"line":224,"column":71},"end":{"line":224,"column":101}}],"line":224},"35":{"loc":{"start":{"line":228,"column":18},"end":{"line":228,"column":70}},"type":"cond-expr","locations":[{"start":{"line":228,"column":51},"end":{"line":228,"column":61}},{"start":{"line":228,"column":64},"end":{"line":228,"column":70}}],"line":228},"36":{"loc":{"start":{"line":229,"column":20},"end":{"line":229,"column":72}},"type":"cond-expr","locations":[{"start":{"line":229,"column":55},"end":{"line":229,"column":67}},{"start":{"line":229,"column":70},"end":{"line":229,"column":72}}],"line":229},"37":{"loc":{"start":{"line":237,"column":17},"end":{"line":237,"column":69}},"type":"cond-expr","locations":[{"start":{"line":237,"column":46},"end":{"line":237,"column":57}},{"start":{"line":237,"column":60},"end":{"line":237,"column":69}}],"line":237},"38":{"loc":{"start":{"line":239,"column":36},"end":{"line":239,"column":93}},"type":"binary-expr","locations":[{"start":{"line":239,"column":36},"end":{"line":239,"column":59}},{"start":{"line":239,"column":63},"end":{"line":239,"column":93}}],"line":239},"39":{"loc":{"start":{"line":242,"column":14},"end":{"line":242,"column":61}},"type":"cond-expr","locations":[{"start":{"line":242,"column":45},"end":{"line":242,"column":53}},{"start":{"line":242,"column":56},"end":{"line":242,"column":61}}],"line":242},"40":{"loc":{"start":{"line":243,"column":15},"end":{"line":243,"column":68}},"type":"cond-expr","locations":[{"start":{"line":243,"column":47},"end":{"line":243,"column":56}},{"start":{"line":243,"column":59},"end":{"line":243,"column":68}}],"line":243},"41":{"loc":{"start":{"line":244,"column":15},"end":{"line":244,"column":61}},"type":"cond-expr","locations":[{"start":{"line":244,"column":47},"end":{"line":244,"column":56}},{"start":{"line":244,"column":59},"end":{"line":244,"column":61}}],"line":244},"42":{"loc":{"start":{"line":245,"column":18},"end":{"line":245,"column":72}},"type":"cond-expr","locations":[{"start":{"line":245,"column":53},"end":{"line":245,"column":65}},{"start":{"line":245,"column":68},"end":{"line":245,"column":72}}],"line":245},"43":{"loc":{"start":{"line":255,"column":4},"end":{"line":279,"column":5}},"type":"switch","locations":[{"start":{"line":256,"column":6},"end":{"line":257,"column":41}},{"start":{"line":258,"column":6},"end":{"line":259,"column":40}},{"start":{"line":260,"column":6},"end":{"line":264,"column":35}},{"start":{"line":265,"column":6},"end":{"line":276,"column":7}},{"start":{"line":277,"column":6},"end":{"line":278,"column":121}}],"line":255},"44":{"loc":{"start":{"line":261,"column":8},"end":{"line":263,"column":9}},"type":"if","locations":[{"start":{"line":261,"column":8},"end":{"line":263,"column":9}},{"start":{},"end":{}}],"line":261},"45":{"loc":{"start":{"line":272,"column":8},"end":{"line":274,"column":9}},"type":"if","locations":[{"start":{"line":272,"column":8},"end":{"line":274,"column":9}},{"start":{},"end":{}}],"line":272},"46":{"loc":{"start":{"line":283,"column":19},"end":{"line":283,"column":55}},"type":"cond-expr","locations":[{"start":{"line":283,"column":46},"end":{"line":283,"column":50}},{"start":{"line":283,"column":53},"end":{"line":283,"column":55}}],"line":283},"47":{"loc":{"start":{"line":284,"column":17},"end":{"line":284,"column":67}},"type":"cond-expr","locations":[{"start":{"line":284,"column":51},"end":{"line":284,"column":62}},{"start":{"line":284,"column":65},"end":{"line":284,"column":67}}],"line":284},"48":{"loc":{"start":{"line":285,"column":18},"end":{"line":285,"column":70}},"type":"cond-expr","locations":[{"start":{"line":285,"column":53},"end":{"line":285,"column":65}},{"start":{"line":285,"column":68},"end":{"line":285,"column":70}}],"line":285},"49":{"loc":{"start":{"line":288,"column":12},"end":{"line":288,"column":72}},"type":"cond-expr","locations":[{"start":{"line":288,"column":46},"end":{"line":288,"column":57}},{"start":{"line":288,"column":60},"end":{"line":288,"column":72}}],"line":288},"50":{"loc":{"start":{"line":289,"column":10},"end":{"line":289,"column":73}},"type":"cond-expr","locations":[{"start":{"line":289,"column":45},"end":{"line":289,"column":68}},{"start":{"line":289,"column":71},"end":{"line":289,"column":73}}],"line":289},"51":{"loc":{"start":{"line":291,"column":27},"end":{"line":291,"column":101}},"type":"cond-expr","locations":[{"start":{"line":291,"column":72},"end":{"line":291,"column":94}},{"start":{"line":291,"column":97},"end":{"line":291,"column":101}}],"line":291},"52":{"loc":{"start":{"line":292,"column":25},"end":{"line":292,"column":95}},"type":"cond-expr","locations":[{"start":{"line":292,"column":68},"end":{"line":292,"column":88}},{"start":{"line":292,"column":91},"end":{"line":292,"column":95}}],"line":292},"53":{"loc":{"start":{"line":295,"column":17},"end":{"line":295,"column":70}},"type":"cond-expr","locations":[{"start":{"line":295,"column":53},"end":{"line":295,"column":66}},{"start":{"line":295,"column":69},"end":{"line":295,"column":70}}],"line":295},"54":{"loc":{"start":{"line":296,"column":15},"end":{"line":296,"column":64}},"type":"cond-expr","locations":[{"start":{"line":296,"column":49},"end":{"line":296,"column":60}},{"start":{"line":296,"column":63},"end":{"line":296,"column":64}}],"line":296},"55":{"loc":{"start":{"line":299,"column":15},"end":{"line":301,"column":12}},"type":"cond-expr","locations":[{"start":{"line":300,"column":11},"end":{"line":300,"column":89}},{"start":{"line":301,"column":10},"end":{"line":301,"column":12}}],"line":299},"56":{"loc":{"start":{"line":348,"column":4},"end":{"line":354,"column":5}},"type":"if","locations":[{"start":{"line":348,"column":4},"end":{"line":354,"column":5}},{"start":{},"end":{}}],"line":348},"57":{"loc":{"start":{"line":350,"column":6},"end":{"line":352,"column":7}},"type":"if","locations":[{"start":{"line":350,"column":6},"end":{"line":352,"column":7}},{"start":{},"end":{}}],"line":350},"58":{"loc":{"start":{"line":363,"column":4},"end":{"line":365,"column":5}},"type":"if","locations":[{"start":{"line":363,"column":4},"end":{"line":365,"column":5}},{"start":{},"end":{}}],"line":363},"59":{"loc":{"start":{"line":370,"column":11},"end":{"line":370,"column":79}},"type":"binary-expr","locations":[{"start":{"line":370,"column":11},"end":{"line":370,"column":36}},{"start":{"line":370,"column":40},"end":{"line":370,"column":54}},{"start":{"line":370,"column":58},"end":{"line":370,"column":79}}],"line":370}},"s":{"0":26,"1":26,"2":2,"3":2,"4":36,"5":2,"6":36,"7":36,"8":2,"9":5,"10":5,"11":2,"12":3,"13":2,"14":2,"15":4,"16":4,"17":4,"18":18,"19":7,"20":7,"21":5,"22":5,"23":5,"24":5,"25":7,"26":6,"27":7,"28":4,"29":1,"30":3,"31":3,"32":1,"33":2,"34":2,"35":2,"36":2,"37":2,"38":7,"39":7,"40":7,"41":7,"42":7,"43":7,"44":7,"45":7,"46":2,"47":1,"48":1,"49":1,"50":2,"51":3,"52":3,"53":3,"54":3,"55":3,"56":1,"57":1,"58":1,"59":3,"60":3,"61":3,"62":4,"63":3,"64":4,"65":4,"66":1,"67":3,"68":4,"69":3,"70":2,"71":2,"72":2,"73":3,"74":2,"75":13,"76":5,"77":2,"78":2,"79":1,"80":1,"81":3,"82":3,"83":1,"84":2,"85":1,"86":1,"87":1,"88":3,"89":3,"90":3,"91":3,"92":2,"93":6,"94":6,"95":6,"96":6,"97":4,"98":2,"99":40,"100":8,"101":8,"102":48,"103":48,"104":48,"105":1,"106":47,"107":47,"108":9,"109":9,"110":8,"111":1,"112":38,"113":38,"114":1,"115":20,"116":4,"117":16,"118":66},"f":{"0":26,"1":36,"2":2,"3":5,"4":2,"5":4,"6":18,"7":7,"8":5,"9":7,"10":6,"11":7,"12":4,"13":2,"14":2,"15":2,"16":7,"17":2,"18":2,"19":3,"20":3,"21":1,"22":1,"23":1,"24":3,"25":4,"26":3,"27":4,"28":4,"29":3,"30":2,"31":3,"32":2,"33":13,"34":3,"35":2,"36":6,"37":6,"38":40,"39":8,"40":48,"41":48,"42":20,"43":66},"b":{"0":[10],"1":[2,3],"2":[1,1],"3":[2,2],"4":[7,6,5],"5":[4,1],"6":[4,1],"7":[7,7,7],"8":[5,1],"9":[5,1],"10":[1,3],"11":[1,2],"12":[3,3,2],"13":[1,1],"14":[1,1],"15":[1,1],"16":[1,1],"17":[1,1],"18":[2,2],"19":[1,1],"20":[7,6],"21":[7,7],"22":[1,6],"23":[1,1],"24":[2,1],"25":[4,4],"26":[2,1],"27":[2,1],"28":[2,1],"29":[1,2],"30":[2,1],"31":[2,1],"32":[1,3],"33":[2,1],"34":[4,3],"35":[2,1],"36":[2,1],"37":[1,1],"38":[3,3],"39":[1,1],"40":[1,1],"41":[1,1],"42":[1,1],"43":[5,2,2,3,1],"44":[1,1],"45":[1,1],"46":[2,1],"47":[2,1],"48":[2,1],"49":[1,2],"50":[1,2],"51":[2,1],"52":[1,2],"53":[2,1],"54":[2,1],"55":[2,1],"56":[9,38],"57":[8,1],"58":[4,16],"59":[66,60,59]},"_coverageSchema":"1a1c01bbd47fc00a2c39e90264f33305004495a9","hash":"119f9cf233c35517e5afe5b1930e33e3d53c7e78"}
,"/Users/adam/git/vibey-storm/lane-h/clients/app/src/core/identity.ts": {"path":"/Users/adam/git/vibey-storm/lane-h/clients/app/src/core/identity.ts","statementMap":{"0":{"start":{"line":7,"column":37},"end":{"line":7,"column":45}},"1":{"start":{"line":10,"column":39},"end":{"line":10,"column":91}},"2":{"start":{"line":13,"column":4},"end":{"line":13,"column":89}},"3":{"start":{"line":17,"column":4},"end":{"line":17,"column":45}}},"fnMap":{"0":{"name":"(anonymous_0)","decl":{"start":{"line":12,"column":2},"end":{"line":12,"column":3}},"loc":{"start":{"line":12,"column":48},"end":{"line":14,"column":3}},"line":12},"1":{"name":"(anonymous_1)","decl":{"start":{"line":16,"column":2},"end":{"line":16,"column":3}},"loc":{"start":{"line":16,"column":42},"end":{"line":18,"column":3}},"line":16}},"branchMap":{"0":{"loc":{"start":{"line":13,"column":11},"end":{"line":13,"column":88}},"type":"cond-expr","locations":[{"start":{"line":13,"column":57},"end":{"line":13,"column":66}},{"start":{"line":13,"column":69},"end":{"line":13,"column":88}}],"line":13}},"s":{"0":2,"1":2,"2":7,"3":6},"f":{"0":7,"1":6},"b":{"0":[2,5]},"_coverageSchema":"1a1c01bbd47fc00a2c39e90264f33305004495a9","hash":"963d0314870d458360e2dc2aee764dc3306b52e7"}
,"/Users/adam/git/vibey-storm/lane-h/clients/app/src/core/pairing.ts": {"path":"/Users/adam/git/vibey-storm/lane-h/clients/app/src/core/pairing.ts","statementMap":{"0":{"start":{"line":11,"column":47},"end":{"line":11,"column":79}},"1":{"start":{"line":12,"column":25},"end":{"line":12,"column":34}},"2":{"start":{"line":13,"column":32},"end":{"line":13,"column":56}},"3":{"start":{"line":14,"column":48},"end":{"line":14,"column":90}},"4":{"start":{"line":18,"column":4},"end":{"line":22,"column":5}},"5":{"start":{"line":19,"column":6},"end":{"line":19,"column":33}},"6":{"start":{"line":21,"column":6},"end":{"line":21,"column":82}},"7":{"start":{"line":23,"column":19},"end":{"line":23,"column":67}},"8":{"start":{"line":24,"column":4},"end":{"line":26,"column":5}},"9":{"start":{"line":25,"column":6},"end":{"line":25,"column":82}},"10":{"start":{"line":27,"column":19},"end":{"line":27,"column":35}},"11":{"start":{"line":28,"column":17},"end":{"line":28,"column":41}},"12":{"start":{"line":29,"column":17},"end":{"line":29,"column":49}},"13":{"start":{"line":30,"column":17},"end":{"line":30,"column":61}},"14":{"start":{"line":31,"column":24},"end":{"line":31,"column":40}},"15":{"start":{"line":32,"column":4},"end":{"line":34,"column":5}},"16":{"start":{"line":33,"column":6},"end":{"line":33,"column":70}},"17":{"start":{"line":35,"column":4},"end":{"line":37,"column":5}},"18":{"start":{"line":36,"column":6},"end":{"line":36,"column":76}},"19":{"start":{"line":38,"column":4},"end":{"line":40,"column":5}},"20":{"start":{"line":39,"column":6},"end":{"line":39,"column":47}},"21":{"start":{"line":41,"column":21},"end":{"line":41,"column":52}},"22":{"start":{"line":42,"column":4},"end":{"line":44,"column":5}},"23":{"start":{"line":43,"column":6},"end":{"line":43,"column":121}},"24":{"start":{"line":45,"column":4},"end":{"line":47,"column":5}},"25":{"start":{"line":46,"column":6},"end":{"line":46,"column":100}},"26":{"start":{"line":48,"column":32},"end":{"line":55,"column":5}},"27":{"start":{"line":56,"column":4},"end":{"line":56,"column":31}},"28":{"start":{"line":60,"column":19},"end":{"line":60,"column":46}},"29":{"start":{"line":61,"column":4},"end":{"line":61,"column":102}},"30":{"start":{"line":65,"column":17},"end":{"line":65,"column":105}},"31":{"start":{"line":66,"column":4},"end":{"line":66,"column":53}},"32":{"start":{"line":73,"column":4},"end":{"line":74,"column":82}},"33":{"start":{"line":77,"column":4},"end":{"line":77,"column":62}}},"fnMap":{"0":{"name":"(anonymous_0)","decl":{"start":{"line":16,"column":2},"end":{"line":16,"column":3}},"loc":{"start":{"line":16,"column":38},"end":{"line":57,"column":3}},"line":16},"1":{"name":"(anonymous_1)","decl":{"start":{"line":59,"column":2},"end":{"line":59,"column":3}},"loc":{"start":{"line":59,"column":68},"end":{"line":62,"column":3}},"line":59},"2":{"name":"(anonymous_2)","decl":{"start":{"line":64,"column":2},"end":{"line":64,"column":3}},"loc":{"start":{"line":64,"column":39},"end":{"line":67,"column":3}},"line":64},"3":{"name":"(anonymous_3)","decl":{"start":{"line":76,"column":2},"end":{"line":76,"column":3}},"loc":{"start":{"line":76,"column":49},"end":{"line":78,"column":3}},"line":76}},"branchMap":{"0":{"loc":{"start":{"line":24,"column":4},"end":{"line":26,"column":5}},"type":"if","locations":[{"start":{"line":24,"column":4},"end":{"line":26,"column":5}},{"start":{},"end":{}}],"line":24},"1":{"loc":{"start":{"line":24,"column":8},"end":{"line":24,"column":68}},"type":"binary-expr","locations":[{"start":{"line":24,"column":8},"end":{"line":24,"column":47}},{"start":{"line":24,"column":51},"end":{"line":24,"column":68}}],"line":24},"2":{"loc":{"start":{"line":28,"column":17},"end":{"line":28,"column":41}},"type":"binary-expr","locations":[{"start":{"line":28,"column":17},"end":{"line":28,"column":35}},{"start":{"line":28,"column":39},"end":{"line":28,"column":41}}],"line":28},"3":{"loc":{"start":{"line":29,"column":24},"end":{"line":29,"column":48}},"type":"binary-expr","locations":[{"start":{"line":29,"column":24},"end":{"line":29,"column":42}},{"start":{"line":29,"column":46},"end":{"line":29,"column":48}}],"line":29},"4":{"loc":{"start":{"line":30,"column":36},"end":{"line":30,"column":60}},"type":"binary-expr","locations":[{"start":{"line":30,"column":36},"end":{"line":30,"column":54}},{"start":{"line":30,"column":58},"end":{"line":30,"column":60}}],"line":30},"5":{"loc":{"start":{"line":32,"column":4},"end":{"line":34,"column":5}},"type":"if","locations":[{"start":{"line":32,"column":4},"end":{"line":34,"column":5}},{"start":{},"end":{}}],"line":32},"6":{"loc":{"start":{"line":32,"column":8},"end":{"line":32,"column":44}},"type":"binary-expr","locations":[{"start":{"line":32,"column":8},"end":{"line":32,"column":19}},{"start":{"line":32,"column":23},"end":{"line":32,"column":44}}],"line":32},"7":{"loc":{"start":{"line":35,"column":4},"end":{"line":37,"column":5}},"type":"if","locations":[{"start":{"line":35,"column":4},"end":{"line":37,"column":5}},{"start":{},"end":{}}],"line":35},"8":{"loc":{"start":{"line":35,"column":8},"end":{"line":35,"column":59}},"type":"binary-expr","locations":[{"start":{"line":35,"column":8},"end":{"line":35,"column":31}},{"start":{"line":35,"column":35},"end":{"line":35,"column":43}},{"start":{"line":35,"column":47},"end":{"line":35,"column":59}}],"line":35},"9":{"loc":{"start":{"line":38,"column":4},"end":{"line":40,"column":5}},"type":"if","locations":[{"start":{"line":38,"column":4},"end":{"line":40,"column":5}},{"start":{},"end":{}}],"line":38},"10":{"loc":{"start":{"line":42,"column":4},"end":{"line":44,"column":5}},"type":"if","locations":[{"start":{"line":42,"column":4},"end":{"line":44,"column":5}},{"start":{},"end":{}}],"line":42},"11":{"loc":{"start":{"line":42,"column":8},"end":{"line":42,"column":41}},"type":"binary-expr","locations":[{"start":{"line":42,"column":8},"end":{"line":42,"column":28}},{"start":{"line":42,"column":32},"end":{"line":42,"column":41}}],"line":42},"12":{"loc":{"start":{"line":45,"column":4},"end":{"line":47,"column":5}},"type":"if","locations":[{"start":{"line":45,"column":4},"end":{"line":47,"column":5}},{"start":{},"end":{}}],"line":45},"13":{"loc":{"start":{"line":45,"column":8},"end":{"line":45,"column":70}},"type":"binary-expr","locations":[{"start":{"line":45,"column":8},"end":{"line":45,"column":28}},{"start":{"line":45,"column":32},"end":{"line":45,"column":70}}],"line":45},"14":{"loc":{"start":{"line":51,"column":14},"end":{"line":51,"column":65}},"type":"cond-expr","locations":[{"start":{"line":51,"column":49},"end":{"line":51,"column":55}},{"start":{"line":51,"column":58},"end":{"line":51,"column":65}}],"line":51},"15":{"loc":{"start":{"line":51,"column":14},"end":{"line":51,"column":46}},"type":"binary-expr","locations":[{"start":{"line":51,"column":14},"end":{"line":51,"column":22}},{"start":{"line":51,"column":26},"end":{"line":51,"column":46}}],"line":51},"16":{"loc":{"start":{"line":52,"column":19},"end":{"line":52,"column":74}},"type":"cond-expr","locations":[{"start":{"line":52,"column":42},"end":{"line":52,"column":46}},{"start":{"line":52,"column":49},"end":{"line":52,"column":74}}],"line":52},"17":{"loc":{"start":{"line":61,"column":11},"end":{"line":61,"column":101}},"type":"cond-expr","locations":[{"start":{"line":61,"column":39},"end":{"line":61,"column":45}},{"start":{"line":61,"column":48},"end":{"line":61,"column":101}}],"line":61},"18":{"loc":{"start":{"line":65,"column":17},"end":{"line":65,"column":105}},"type":"cond-expr","locations":[{"start":{"line":65,"column":75},"end":{"line":65,"column":92}},{"start":{"line":65,"column":95},"end":{"line":65,"column":105}}],"line":65},"19":{"loc":{"start":{"line":65,"column":17},"end":{"line":65,"column":72}},"type":"binary-expr","locations":[{"start":{"line":65,"column":17},"end":{"line":65,"column":41}},{"start":{"line":65,"column":45},"end":{"line":65,"column":72}}],"line":65}},"s":{"0":2,"1":2,"2":2,"3":2,"4":16,"5":16,"6":1,"7":15,"8":15,"9":2,"10":13,"11":13,"12":13,"13":13,"14":13,"15":13,"16":2,"17":11,"18":2,"19":9,"20":2,"21":7,"22":7,"23":1,"24":6,"25":1,"26":5,"27":5,"28":17,"29":17,"30":3,"31":3,"32":2,"33":1},"f":{"0":16,"1":17,"2":3,"3":1},"b":{"0":[2,13],"1":[15,14],"2":[13,1],"3":[13,1],"4":[13,1],"5":[2,11],"6":[13,12],"7":[2,9],"8":[11,11,10],"9":[2,7],"10":[1,6],"11":[7,3],"12":[1,5],"13":[6,4],"14":[2,3],"15":[5,3],"16":[2,3],"17":[13,4],"18":[1,2],"19":[3,2]},"_coverageSchema":"1a1c01bbd47fc00a2c39e90264f33305004495a9","hash":"f90c8d6471817b2cb2d92c8c6338ebad5acce25b"}
,"/Users/adam/git/vibey-storm/lane-h/clients/app/src/core/presenters.ts": {"path":"/Users/adam/git/vibey-storm/lane-h/clients/app/src/core/presenters.ts","statementMap":{"0":{"start":{"line":21,"column":80},"end":{"line":29,"column":3}},"1":{"start":{"line":32,"column":4},"end":{"line":32,"column":50}},"2":{"start":{"line":37,"column":4},"end":{"line":37,"column":69}},"3":{"start":{"line":42,"column":18},"end":{"line":42,"column":52}},"4":{"start":{"line":43,"column":4},"end":{"line":43,"column":82}},"5":{"start":{"line":47,"column":18},"end":{"line":62,"column":6}},"6":{"start":{"line":48,"column":24},"end":{"line":48,"column":47}},"7":{"start":{"line":49,"column":6},"end":{"line":61,"column":8}},"8":{"start":{"line":63,"column":21},"end":{"line":63,"column":73}},"9":{"start":{"line":63,"column":49},"end":{"line":63,"column":69}},"10":{"start":{"line":65,"column":6},"end":{"line":65,"column":111}},"11":{"start":{"line":66,"column":4},"end":{"line":66,"column":41}},"12":{"start":{"line":70,"column":4},"end":{"line":79,"column":8}},"13":{"start":{"line":70,"column":32},"end":{"line":79,"column":5}},"14":{"start":{"line":83,"column":4},"end":{"line":90,"column":8}},"15":{"start":{"line":83,"column":32},"end":{"line":90,"column":5}},"16":{"start":{"line":94,"column":4},"end":{"line":113,"column":7}},"17":{"start":{"line":95,"column":18},"end":{"line":95,"column":47}},"18":{"start":{"line":96,"column":22},"end":{"line":96,"column":49}},"19":{"start":{"line":97,"column":23},"end":{"line":97,"column":96}},"20":{"start":{"line":98,"column":31},"end":{"line":104,"column":23}},"21":{"start":{"line":105,"column":6},"end":{"line":112,"column":8}},"22":{"start":{"line":117,"column":4},"end":{"line":121,"column":8}},"23":{"start":{"line":117,"column":41},"end":{"line":121,"column":5}},"24":{"start":{"line":125,"column":4},"end":{"line":127,"column":5}},"25":{"start":{"line":126,"column":6},"end":{"line":126,"column":26}},"26":{"start":{"line":128,"column":18},"end":{"line":128,"column":36}},"27":{"start":{"line":129,"column":16},"end":{"line":129,"column":28}},"28":{"start":{"line":130,"column":15},"end":{"line":130,"column":16}},"29":{"start":{"line":131,"column":4},"end":{"line":134,"column":5}},"30":{"start":{"line":132,"column":6},"end":{"line":132,"column":20}},"31":{"start":{"line":133,"column":6},"end":{"line":133,"column":16}},"32":{"start":{"line":135,"column":4},"end":{"line":135,"column":48}},"33":{"start":{"line":139,"column":20},"end":{"line":139,"column":68}},"34":{"start":{"line":140,"column":4},"end":{"line":142,"column":5}},"35":{"start":{"line":141,"column":6},"end":{"line":141,"column":24}},"36":{"start":{"line":143,"column":20},"end":{"line":143,"column":44}},"37":{"start":{"line":144,"column":4},"end":{"line":146,"column":5}},"38":{"start":{"line":145,"column":6},"end":{"line":145,"column":34}},"39":{"start":{"line":147,"column":18},"end":{"line":147,"column":42}},"40":{"start":{"line":148,"column":4},"end":{"line":148,"column":77}},"41":{"start":{"line":152,"column":4},"end":{"line":154,"column":5}},"42":{"start":{"line":153,"column":6},"end":{"line":153,"column":27}},"43":{"start":{"line":155,"column":20},"end":{"line":155,"column":55}},"44":{"start":{"line":156,"column":4},"end":{"line":158,"column":5}},"45":{"start":{"line":157,"column":6},"end":{"line":157,"column":23}},"46":{"start":{"line":159,"column":4},"end":{"line":159,"column":91}},"47":{"start":{"line":163,"column":4},"end":{"line":165,"column":5}},"48":{"start":{"line":164,"column":6},"end":{"line":164,"column":23}},"49":{"start":{"line":166,"column":18},"end":{"line":166,"column":37}},"50":{"start":{"line":167,"column":4},"end":{"line":169,"column":5}},"51":{"start":{"line":168,"column":6},"end":{"line":168,"column":23}},"52":{"start":{"line":170,"column":4},"end":{"line":170,"column":75}},"53":{"start":{"line":174,"column":4},"end":{"line":176,"column":5}},"54":{"start":{"line":175,"column":6},"end":{"line":175,"column":20}},"55":{"start":{"line":177,"column":4},"end":{"line":179,"column":5}},"56":{"start":{"line":178,"column":6},"end":{"line":178,"column":23}},"57":{"start":{"line":180,"column":4},"end":{"line":182,"column":5}},"58":{"start":{"line":181,"column":6},"end":{"line":181,"column":117}},"59":{"start":{"line":183,"column":4},"end":{"line":183,"column":21}}},"fnMap":{"0":{"name":"(anonymous_0)","decl":{"start":{"line":31,"column":2},"end":{"line":31,"column":3}},"loc":{"start":{"line":31,"column":64},"end":{"line":33,"column":3}},"line":31},"1":{"name":"(anonymous_1)","decl":{"start":{"line":36,"column":2},"end":{"line":36,"column":3}},"loc":{"start":{"line":36,"column":39},"end":{"line":38,"column":3}},"line":36},"2":{"name":"(anonymous_2)","decl":{"start":{"line":41,"column":2},"end":{"line":41,"column":3}},"loc":{"start":{"line":41,"column":37},"end":{"line":44,"column":3}},"line":41},"3":{"name":"(anonymous_3)","decl":{"start":{"line":46,"column":2},"end":{"line":46,"column":3}},"loc":{"start":{"line":46,"column":55},"end":{"line":67,"column":3}},"line":46},"4":{"name":"(anonymous_4)","decl":{"start":{"line":47,"column":31},"end":{"line":47,"column":32}},"loc":{"start":{"line":47,"column":44},"end":{"line":62,"column":5}},"line":47},"5":{"name":"(anonymous_5)","decl":{"start":{"line":63,"column":34},"end":{"line":63,"column":35}},"loc":{"start":{"line":63,"column":49},"end":{"line":63,"column":69}},"line":63},"6":{"name":"(anonymous_6)","decl":{"start":{"line":69,"column":2},"end":{"line":69,"column":3}},"loc":{"start":{"line":69,"column":73},"end":{"line":80,"column":3}},"line":69},"7":{"name":"(anonymous_7)","decl":{"start":{"line":70,"column":21},"end":{"line":70,"column":22}},"loc":{"start":{"line":70,"column":32},"end":{"line":79,"column":5}},"line":70},"8":{"name":"(anonymous_8)","decl":{"start":{"line":82,"column":2},"end":{"line":82,"column":3}},"loc":{"start":{"line":82,"column":70},"end":{"line":91,"column":3}},"line":82},"9":{"name":"(anonymous_9)","decl":{"start":{"line":83,"column":21},"end":{"line":83,"column":22}},"loc":{"start":{"line":83,"column":32},"end":{"line":90,"column":5}},"line":83},"10":{"name":"(anonymous_10)","decl":{"start":{"line":93,"column":2},"end":{"line":93,"column":3}},"loc":{"start":{"line":93,"column":65},"end":{"line":114,"column":3}},"line":93},"11":{"name":"(anonymous_11)","decl":{"start":{"line":94,"column":23},"end":{"line":94,"column":24}},"loc":{"start":{"line":94,"column":35},"end":{"line":113,"column":5}},"line":94},"12":{"name":"(anonymous_12)","decl":{"start":{"line":116,"column":2},"end":{"line":116,"column":3}},"loc":{"start":{"line":116,"column":50},"end":{"line":122,"column":3}},"line":116},"13":{"name":"(anonymous_13)","decl":{"start":{"line":117,"column":29},"end":{"line":117,"column":30}},"loc":{"start":{"line":117,"column":41},"end":{"line":121,"column":5}},"line":117},"14":{"name":"(anonymous_14)","decl":{"start":{"line":124,"column":2},"end":{"line":124,"column":3}},"loc":{"start":{"line":124,"column":31},"end":{"line":136,"column":3}},"line":124},"15":{"name":"(anonymous_15)","decl":{"start":{"line":138,"column":2},"end":{"line":138,"column":3}},"loc":{"start":{"line":138,"column":45},"end":{"line":149,"column":3}},"line":138},"16":{"name":"(anonymous_16)","decl":{"start":{"line":151,"column":2},"end":{"line":151,"column":3}},"loc":{"start":{"line":151,"column":51},"end":{"line":160,"column":3}},"line":151},"17":{"name":"(anonymous_17)","decl":{"start":{"line":162,"column":2},"end":{"line":162,"column":3}},"loc":{"start":{"line":162,"column":73},"end":{"line":171,"column":3}},"line":162},"18":{"name":"(anonymous_18)","decl":{"start":{"line":173,"column":2},"end":{"line":173,"column":3}},"loc":{"start":{"line":173,"column":53},"end":{"line":184,"column":3}},"line":173}},"branchMap":{"0":{"loc":{"start":{"line":32,"column":11},"end":{"line":32,"column":49}},"type":"binary-expr","locations":[{"start":{"line":32,"column":11},"end":{"line":32,"column":39}},{"start":{"line":32,"column":43},"end":{"line":32,"column":49}}],"line":32},"1":{"loc":{"start":{"line":37,"column":11},"end":{"line":37,"column":68}},"type":"binary-expr","locations":[{"start":{"line":37,"column":11},"end":{"line":37,"column":38}},{"start":{"line":37,"column":42},"end":{"line":37,"column":68}}],"line":37},"2":{"loc":{"start":{"line":43,"column":11},"end":{"line":43,"column":81}},"type":"cond-expr","locations":[{"start":{"line":43,"column":26},"end":{"line":43,"column":32}},{"start":{"line":43,"column":35},"end":{"line":43,"column":81}}],"line":43},"3":{"loc":{"start":{"line":48,"column":24},"end":{"line":48,"column":47}},"type":"binary-expr","locations":[{"start":{"line":48,"column":24},"end":{"line":48,"column":42}},{"start":{"line":48,"column":46},"end":{"line":48,"column":47}}],"line":48},"4":{"loc":{"start":{"line":54,"column":10},"end":{"line":58,"column":65}},"type":"cond-expr","locations":[{"start":{"line":55,"column":14},"end":{"line":55,"column":16}},{"start":{"line":56,"column":14},"end":{"line":58,"column":65}}],"line":54},"5":{"loc":{"start":{"line":56,"column":14},"end":{"line":58,"column":65}},"type":"cond-expr","locations":[{"start":{"line":57,"column":16},"end":{"line":57,"column":40}},{"start":{"line":58,"column":16},"end":{"line":58,"column":65}}],"line":56},"6":{"loc":{"start":{"line":65,"column":6},"end":{"line":65,"column":111}},"type":"cond-expr","locations":[{"start":{"line":65,"column":23},"end":{"line":65,"column":42}},{"start":{"line":65,"column":45},"end":{"line":65,"column":111}}],"line":65},"7":{"loc":{"start":{"line":65,"column":45},"end":{"line":65,"column":111}},"type":"cond-expr","locations":[{"start":{"line":65,"column":62},"end":{"line":65,"column":80}},{"start":{"line":65,"column":83},"end":{"line":65,"column":111}}],"line":65},"8":{"loc":{"start":{"line":73,"column":13},"end":{"line":73,"column":132}},"type":"cond-expr","locations":[{"start":{"line":73,"column":47},"end":{"line":73,"column":74}},{"start":{"line":73,"column":77},"end":{"line":73,"column":132}}],"line":73},"9":{"loc":{"start":{"line":78,"column":11},"end":{"line":78,"column":98}},"type":"cond-expr","locations":[{"start":{"line":78,"column":38},"end":{"line":78,"column":51}},{"start":{"line":78,"column":54},"end":{"line":78,"column":98}}],"line":78},"10":{"loc":{"start":{"line":97,"column":23},"end":{"line":97,"column":96}},"type":"cond-expr","locations":[{"start":{"line":97,"column":50},"end":{"line":97,"column":54}},{"start":{"line":97,"column":57},"end":{"line":97,"column":96}}],"line":97},"11":{"loc":{"start":{"line":97,"column":23},"end":{"line":97,"column":47}},"type":"binary-expr","locations":[{"start":{"line":97,"column":23},"end":{"line":97,"column":35}},{"start":{"line":97,"column":39},"end":{"line":97,"column":47}}],"line":97},"12":{"loc":{"start":{"line":98,"column":31},"end":{"line":104,"column":23}},"type":"cond-expr","locations":[{"start":{"line":99,"column":10},"end":{"line":99,"column":18}},{"start":{"line":100,"column":10},"end":{"line":104,"column":23}}],"line":98},"13":{"loc":{"start":{"line":100,"column":10},"end":{"line":104,"column":23}},"type":"cond-expr","locations":[{"start":{"line":101,"column":12},"end":{"line":101,"column":21}},{"start":{"line":102,"column":12},"end":{"line":104,"column":23}}],"line":100},"14":{"loc":{"start":{"line":100,"column":10},"end":{"line":100,"column":46}},"type":"binary-expr","locations":[{"start":{"line":100,"column":10},"end":{"line":100,"column":27}},{"start":{"line":100,"column":31},"end":{"line":100,"column":46}}],"line":100},"15":{"loc":{"start":{"line":102,"column":12},"end":{"line":104,"column":23}},"type":"cond-expr","locations":[{"start":{"line":103,"column":14},"end":{"line":103,"column":21}},{"start":{"line":104,"column":14},"end":{"line":104,"column":23}}],"line":102},"16":{"loc":{"start":{"line":108,"column":59},"end":{"line":108,"column":105}},"type":"cond-expr","locations":[{"start":{"line":108,"column":74},"end":{"line":108,"column":82}},{"start":{"line":108,"column":85},"end":{"line":108,"column":105}}],"line":108},"17":{"loc":{"start":{"line":109,"column":49},"end":{"line":109,"column":94}},"type":"cond-expr","locations":[{"start":{"line":109,"column":68},"end":{"line":109,"column":76}},{"start":{"line":109,"column":79},"end":{"line":109,"column":94}}],"line":109},"18":{"loc":{"start":{"line":120,"column":12},"end":{"line":120,"column":92}},"type":"cond-expr","locations":[{"start":{"line":120,"column":36},"end":{"line":120,"column":45}},{"start":{"line":120,"column":48},"end":{"line":120,"column":92}}],"line":120},"19":{"loc":{"start":{"line":120,"column":48},"end":{"line":120,"column":92}},"type":"cond-expr","locations":[{"start":{"line":120,"column":72},"end":{"line":120,"column":81}},{"start":{"line":120,"column":84},"end":{"line":120,"column":92}}],"line":120},"20":{"loc":{"start":{"line":125,"column":4},"end":{"line":127,"column":5}},"type":"if","locations":[{"start":{"line":125,"column":4},"end":{"line":127,"column":5}},{"start":{},"end":{}}],"line":125},"21":{"loc":{"start":{"line":131,"column":11},"end":{"line":131,"column":51}},"type":"binary-expr","locations":[{"start":{"line":131,"column":11},"end":{"line":131,"column":24}},{"start":{"line":131,"column":28},"end":{"line":131,"column":51}}],"line":131},"22":{"loc":{"start":{"line":140,"column":4},"end":{"line":142,"column":5}},"type":"if","locations":[{"start":{"line":140,"column":4},"end":{"line":142,"column":5}},{"start":{},"end":{}}],"line":140},"23":{"loc":{"start":{"line":144,"column":4},"end":{"line":146,"column":5}},"type":"if","locations":[{"start":{"line":144,"column":4},"end":{"line":146,"column":5}},{"start":{},"end":{}}],"line":144},"24":{"loc":{"start":{"line":148,"column":11},"end":{"line":148,"column":76}},"type":"cond-expr","locations":[{"start":{"line":148,"column":24},"end":{"line":148,"column":40}},{"start":{"line":148,"column":43},"end":{"line":148,"column":76}}],"line":148},"25":{"loc":{"start":{"line":152,"column":4},"end":{"line":154,"column":5}},"type":"if","locations":[{"start":{"line":152,"column":4},"end":{"line":154,"column":5}},{"start":{},"end":{}}],"line":152},"26":{"loc":{"start":{"line":156,"column":4},"end":{"line":158,"column":5}},"type":"if","locations":[{"start":{"line":156,"column":4},"end":{"line":158,"column":5}},{"start":{},"end":{}}],"line":156},"27":{"loc":{"start":{"line":159,"column":11},"end":{"line":159,"column":90}},"type":"cond-expr","locations":[{"start":{"line":159,"column":26},"end":{"line":159,"column":49}},{"start":{"line":159,"column":52},"end":{"line":159,"column":90}}],"line":159},"28":{"loc":{"start":{"line":163,"column":4},"end":{"line":165,"column":5}},"type":"if","locations":[{"start":{"line":163,"column":4},"end":{"line":165,"column":5}},{"start":{},"end":{}}],"line":163},"29":{"loc":{"start":{"line":167,"column":4},"end":{"line":169,"column":5}},"type":"if","locations":[{"start":{"line":167,"column":4},"end":{"line":169,"column":5}},{"start":{},"end":{}}],"line":167},"30":{"loc":{"start":{"line":170,"column":11},"end":{"line":170,"column":74}},"type":"cond-expr","locations":[{"start":{"line":170,"column":57},"end":{"line":170,"column":65}},{"start":{"line":170,"column":68},"end":{"line":170,"column":74}}],"line":170},"31":{"loc":{"start":{"line":170,"column":11},"end":{"line":170,"column":54}},"type":"binary-expr","locations":[{"start":{"line":170,"column":11},"end":{"line":170,"column":29}},{"start":{"line":170,"column":33},"end":{"line":170,"column":54}}],"line":170},"32":{"loc":{"start":{"line":174,"column":4},"end":{"line":176,"column":5}},"type":"if","locations":[{"start":{"line":174,"column":4},"end":{"line":176,"column":5}},{"start":{},"end":{}}],"line":174},"33":{"loc":{"start":{"line":177,"column":4},"end":{"line":179,"column":5}},"type":"if","locations":[{"start":{"line":177,"column":4},"end":{"line":179,"column":5}},{"start":{},"end":{}}],"line":177},"34":{"loc":{"start":{"line":180,"column":4},"end":{"line":182,"column":5}},"type":"if","locations":[{"start":{"line":180,"column":4},"end":{"line":182,"column":5}},{"start":{},"end":{}}],"line":180},"35":{"loc":{"start":{"line":181,"column":13},"end":{"line":181,"column":116}},"type":"cond-expr","locations":[{"start":{"line":181,"column":96},"end":{"line":181,"column":105}},{"start":{"line":181,"column":108},"end":{"line":181,"column":116}}],"line":181},"36":{"loc":{"start":{"line":181,"column":13},"end":{"line":181,"column":93}},"type":"binary-expr","locations":[{"start":{"line":181,"column":13},"end":{"line":181,"column":34}},{"start":{"line":181,"column":38},"end":{"line":181,"column":93}}],"line":181}},"s":{"0":2,"1":17,"2":14,"3":11,"4":11,"5":4,"6":6,"7":6,"8":4,"9":6,"10":4,"11":4,"12":4,"13":11,"14":2,"15":7,"16":2,"17":6,"18":6,"19":6,"20":6,"21":6,"22":2,"23":4,"24":9,"25":5,"26":4,"27":4,"28":4,"29":4,"30":3,"31":3,"32":4,"33":8,"34":8,"35":3,"36":5,"37":5,"38":1,"39":4,"40":4,"41":4,"42":1,"43":3,"44":3,"45":1,"46":2,"47":6,"48":3,"49":3,"50":3,"51":1,"52":2,"53":7,"54":2,"55":5,"56":1,"57":4,"58":3,"59":1},"f":{"0":17,"1":14,"2":11,"3":4,"4":6,"5":6,"6":4,"7":11,"8":2,"9":7,"10":2,"11":6,"12":2,"13":4,"14":9,"15":8,"16":4,"17":6,"18":7},"b":{"0":[17,10],"1":[14,9],"2":[1,10],"3":[6,3],"4":[3,3],"5":[1,2],"6":[1,3],"7":[2,1],"8":[10,1],"9":[7,4],"10":[2,4],"11":[6,5],"12":[1,5],"13":[1,4],"14":[5,3],"15":[1,3],"16":[1,5],"17":[2,4],"18":[2,2],"19":[1,1],"20":[5,4],"21":[7,4],"22":[3,5],"23":[1,4],"24":[1,3],"25":[1,3],"26":[1,2],"27":[1,1],"28":[3,3],"29":[1,2],"30":[1,1],"31":[2,1],"32":[2,5],"33":[1,4],"34":[3,1],"35":[2,1],"36":[3,2]},"_coverageSchema":"1a1c01bbd47fc00a2c39e90264f33305004495a9","hash":"36e4bdb5bbb586ec314ac1c01785affd6979a336"}
,"/Users/adam/git/vibey-storm/lane-h/clients/app/src/core/screens.ts": {"path":"/Users/adam/git/vibey-storm/lane-h/clients/app/src/core/screens.ts","statementMap":{"0":{"start":{"line":6,"column":55},"end":{"line":18,"column":3}},"1":{"start":{"line":20,"column":40},"end":{"line":58,"column":3}},"2":{"start":{"line":60,"column":41},"end":{"line":60,"column":80}},"3":{"start":{"line":60,"column":69},"end":{"line":60,"column":79}},"4":{"start":{"line":63,"column":20},"end":{"line":63,"column":74}},"5":{"start":{"line":63,"column":57},"end":{"line":63,"column":72}},"6":{"start":{"line":64,"column":4},"end":{"line":64,"column":71}},"7":{"start":{"line":64,"column":48},"end":{"line":64,"column":69}}},"fnMap":{"0":{"name":"(anonymous_0)","decl":{"start":{"line":60,"column":57},"end":{"line":60,"column":58}},"loc":{"start":{"line":60,"column":69},"end":{"line":60,"column":79}},"line":60},"1":{"name":"(anonymous_1)","decl":{"start":{"line":62,"column":2},"end":{"line":62,"column":3}},"loc":{"start":{"line":62,"column":38},"end":{"line":65,"column":3}},"line":62},"2":{"name":"(anonymous_2)","decl":{"start":{"line":63,"column":45},"end":{"line":63,"column":46}},"loc":{"start":{"line":63,"column":57},"end":{"line":63,"column":72}},"line":63},"3":{"name":"(anonymous_3)","decl":{"start":{"line":64,"column":35},"end":{"line":64,"column":36}},"loc":{"start":{"line":64,"column":48},"end":{"line":64,"column":69}},"line":64}},"branchMap":{},"s":{"0":2,"1":2,"2":2,"3":18,"4":2,"5":9,"6":2,"7":22},"f":{"0":18,"1":2,"2":9,"3":22},"b":{},"_coverageSchema":"1a1c01bbd47fc00a2c39e90264f33305004495a9","hash":"7ef2fe0a627622a5542240effeab3031a95b5403"}
,"/Users/adam/git/vibey-storm/lane-h/clients/app/src/core/settings.ts": {"path":"/Users/adam/git/vibey-storm/lane-h/clients/app/src/core/settings.ts","statementMap":{"0":{"start":{"line":13,"column":58},"end":{"line":20,"column":3}},"1":{"start":{"line":23,"column":72},"end":{"line":30,"column":3}},"2":{"start":{"line":32,"column":39},"end":{"line":44,"column":3}},"3":{"start":{"line":47,"column":4},"end":{"line":58,"column":5}},"4":{"start":{"line":49,"column":8},"end":{"line":49,"column":52}},"5":{"start":{"line":51,"column":8},"end":{"line":51,"column":50}},"6":{"start":{"line":53,"column":8},"end":{"line":53,"column":75}},"7":{"start":{"line":55,"column":8},"end":{"line":55,"column":104}},"8":{"start":{"line":57,"column":8},"end":{"line":57,"column":29}},"9":{"start":{"line":63,"column":4},"end":{"line":67,"column":5}},"10":{"start":{"line":64,"column":6},"end":{"line":64,"column":53}},"11":{"start":{"line":66,"column":6},"end":{"line":66,"column":18}},"12":{"start":{"line":68,"column":19},"end":{"line":68,"column":107}},"13":{"start":{"line":69,"column":26},"end":{"line":71,"column":10}},"14":{"start":{"line":72,"column":4},"end":{"line":82,"column":6}},"15":{"start":{"line":77,"column":45},"end":{"line":80,"column":9}},"16":{"start":{"line":86,"column":4},"end":{"line":86,"column":36}},"17":{"start":{"line":90,"column":4},"end":{"line":90,"column":74}}},"fnMap":{"0":{"name":"(anonymous_0)","decl":{"start":{"line":46,"column":2},"end":{"line":46,"column":3}},"loc":{"start":{"line":46,"column":76},"end":{"line":59,"column":3}},"line":46},"1":{"name":"(anonymous_1)","decl":{"start":{"line":61,"column":2},"end":{"line":61,"column":3}},"loc":{"start":{"line":61,"column":45},"end":{"line":83,"column":3}},"line":61},"2":{"name":"(anonymous_2)","decl":{"start":{"line":77,"column":34},"end":{"line":77,"column":35}},"loc":{"start":{"line":77,"column":45},"end":{"line":80,"column":9}},"line":77},"3":{"name":"(anonymous_3)","decl":{"start":{"line":85,"column":2},"end":{"line":85,"column":3}},"loc":{"start":{"line":85,"column":42},"end":{"line":87,"column":3}},"line":85},"4":{"name":"(anonymous_4)","decl":{"start":{"line":89,"column":2},"end":{"line":89,"column":3}},"loc":{"start":{"line":89,"column":47},"end":{"line":91,"column":3}},"line":89}},"branchMap":{"0":{"loc":{"start":{"line":47,"column":4},"end":{"line":58,"column":5}},"type":"switch","locations":[{"start":{"line":48,"column":6},"end":{"line":49,"column":52}},{"start":{"line":50,"column":6},"end":{"line":51,"column":50}},{"start":{"line":52,"column":6},"end":{"line":53,"column":75}},{"start":{"line":54,"column":6},"end":{"line":55,"column":104}},{"start":{"line":56,"column":6},"end":{"line":57,"column":29}}],"line":47},"1":{"loc":{"start":{"line":64,"column":15},"end":{"line":64,"column":52}},"type":"cond-expr","locations":[{"start":{"line":64,"column":31},"end":{"line":64,"column":33}},{"start":{"line":64,"column":36},"end":{"line":64,"column":52}}],"line":64},"2":{"loc":{"start":{"line":68,"column":19},"end":{"line":68,"column":107}},"type":"cond-expr","locations":[{"start":{"line":68,"column":68},"end":{"line":68,"column":101}},{"start":{"line":68,"column":105},"end":{"line":68,"column":107}}],"line":68},"3":{"loc":{"start":{"line":68,"column":19},"end":{"line":68,"column":64}},"type":"binary-expr","locations":[{"start":{"line":68,"column":19},"end":{"line":68,"column":45}},{"start":{"line":68,"column":49},"end":{"line":68,"column":64}}],"line":68},"4":{"loc":{"start":{"line":69,"column":26},"end":{"line":71,"column":10}},"type":"cond-expr","locations":[{"start":{"line":70,"column":9},"end":{"line":70,"column":56}},{"start":{"line":71,"column":8},"end":{"line":71,"column":10}}],"line":69},"5":{"loc":{"start":{"line":69,"column":26},"end":{"line":69,"column":99}},"type":"binary-expr","locations":[{"start":{"line":69,"column":26},"end":{"line":69,"column":66}},{"start":{"line":69,"column":70},"end":{"line":69,"column":99}}],"line":69},"6":{"loc":{"start":{"line":73,"column":13},"end":{"line":73,"column":123}},"type":"cond-expr","locations":[{"start":{"line":73,"column":75},"end":{"line":73,"column":100}},{"start":{"line":73,"column":104},"end":{"line":73,"column":123}}],"line":73},"7":{"loc":{"start":{"line":74,"column":14},"end":{"line":74,"column":87}},"type":"cond-expr","locations":[{"start":{"line":74,"column":51},"end":{"line":74,"column":64}},{"start":{"line":74,"column":67},"end":{"line":74,"column":87}}],"line":74},"8":{"loc":{"start":{"line":75,"column":14},"end":{"line":75,"column":107}},"type":"cond-expr","locations":[{"start":{"line":75,"column":50},"end":{"line":75,"column":84}},{"start":{"line":75,"column":87},"end":{"line":75,"column":107}}],"line":75},"9":{"loc":{"start":{"line":79,"column":10},"end":{"line":79,"column":111}},"type":"cond-expr","locations":[{"start":{"line":79,"column":54},"end":{"line":79,"column":74}},{"start":{"line":79,"column":77},"end":{"line":79,"column":111}}],"line":79},"10":{"loc":{"start":{"line":90,"column":11},"end":{"line":90,"column":73}},"type":"cond-expr","locations":[{"start":{"line":90,"column":37},"end":{"line":90,"column":69}},{"start":{"line":90,"column":72},"end":{"line":90,"column":73}}],"line":90}},"s":{"0":2,"1":2,"2":2,"3":10,"4":3,"5":1,"6":3,"7":2,"8":1,"9":5,"10":5,"11":1,"12":5,"13":5,"14":5,"15":30,"16":3,"17":5},"f":{"0":10,"1":5,"2":30,"3":3,"4":5},"b":{"0":[3,1,3,2,1],"1":[1,4],"2":[4,1],"3":[5,4],"4":[2,3],"5":[5,2],"6":[1,4],"7":[1,4],"8":[2,3],"9":[7,23],"10":[4,1]},"_coverageSchema":"1a1c01bbd47fc00a2c39e90264f33305004495a9","hash":"ec5e20877cd681900f8946e9a9f6719f31e8ac06"}
}
