{"/Users/adam/git/vibey-storm/lane-h/clients/app/src/core/device-policy.ts": {"path":"/Users/adam/git/vibey-storm/lane-h/clients/app/src/core/device-policy.ts","statementMap":{"0":{"start":{"line":18,"column":79},"end":{"line":26,"column":3}},"1":{"start":{"line":29,"column":20},"end":{"line":29,"column":50}},"2":{"start":{"line":30,"column":4},"end":{"line":32,"column":5}},"3":{"start":{"line":31,"column":6},"end":{"line":31,"column":49}},"4":{"start":{"line":34,"column":4},"end":{"line":34,"column":65}},"5":{"start":{"line":38,"column":4},"end":{"line":55,"column":7}},"6":{"start":{"line":39,"column":6},"end":{"line":41,"column":7}},"7":{"start":{"line":40,"column":8},"end":{"line":40,"column":98}},"8":{"start":{"line":42,"column":6},"end":{"line":54,"column":12}}},"fnMap":{"0":{"name":"(anonymous_0)","decl":{"start":{"line":28,"column":2},"end":{"line":28,"column":3}},"loc":{"start":{"line":28,"column":47},"end":{"line":35,"column":3}},"line":28},"1":{"name":"(anonymous_1)","decl":{"start":{"line":37,"column":2},"end":{"line":37,"column":3}},"loc":{"start":{"line":37,"column":69},"end":{"line":56,"column":3}},"line":37},"2":{"name":"(anonymous_2)","decl":{"start":{"line":38,"column":27},"end":{"line":38,"column":28}},"loc":{"start":{"line":38,"column":47},"end":{"line":55,"column":5}},"line":38}},"branchMap":{"0":{"loc":{"start":{"line":30,"column":4},"end":{"line":32,"column":5}},"type":"if","locations":[{"start":{"line":30,"column":4},"end":{"line":32,"column":5}},{"start":{},"end":{}}],"line":30},"1":{"loc":{"start":{"line":39,"column":6},"end":{"line":41,"column":7}},"type":"if","locations":[{"start":{"line":39,"column":6},"end":{"line":41,"column":7}},{"start":{},"end":{}}],"line":39},"2":{"loc":{"start":{"line":42,"column":13},"end":{"line":54,"column":11}},"type":"cond-expr","locations":[{"start":{"line":43,"column":10},"end":{"line":48,"column":11}},{"start":{"line":49,"column":10},"end":{"line":54,"column":11}}],"line":42}},"s":{"0":2,"1":10,"2":10,"3":7,"4":3,"5":2,"6":12,"7":10,"8":2},"f":{"0":10,"1":2,"2":12},"b":{"0":[7,3],"1":[10,2],"2":[1,1]},"_coverageSchema":"1a1c01bbd47fc00a2c39e90264f33305004495a9","hash":"da5ce06ee1cc96b8b180da7cbacd7f38f95e2cf3"}
,"/Users/adam/git/vibey-storm/lane-h/clients/app/src/core/hub-client.ts": {"path":"/Users/adam/git/vibey-storm/lane-h/clients/app/src/core/hub-client.ts","statementMap":{"0":{"start":{"line":41,"column":4},"end":{"line":41,"column":19}},"1":{"start":{"line":42,"column":4},"end":{"line":42,"column":27}},"2":{"start":{"line":48,"column":37},"end":{"line":48,"column":66}},"3":{"start":{"line":49,"column":32},"end":{"line":49,"column":35}},"4":{"start":{"line":50,"column":33},"end":{"line":50,"column":38}},"5":{"start":{"line":53,"column":86},"end":{"line":62,"column":3}},"6":{"start":{"line":64,"column":21},"end":{"line":64,"column":22}},"7":{"start":{"line":69,"column":56},"end":{"line":69,"column":79}},"8":{"start":{"line":74,"column":20},"end":{"line":74,"column":52}},"9":{"start":{"line":75,"column":4},"end":{"line":77,"column":5}},"10":{"start":{"line":76,"column":6},"end":{"line":76,"column":103}},"11":{"start":{"line":78,"column":4},"end":{"line":78,"column":19}},"12":{"start":{"line":82,"column":21},"end":{"line":82,"column":40}},"13":{"start":{"line":83,"column":4},"end":{"line":83,"column":91}},"14":{"start":{"line":87,"column":17},"end":{"line":87,"column":49}},"15":{"start":{"line":88,"column":18},"end":{"line":88,"column":66}},"16":{"start":{"line":89,"column":4},"end":{"line":89,"column":27}},"17":{"start":{"line":93,"column":19},"end":{"line":93,"column":53}},"18":{"start":{"line":94,"column":4},"end":{"line":97,"column":6}},"19":{"start":{"line":96,"column":8},"end":{"line":96,"column":105}},"20":{"start":{"line":101,"column":18},"end":{"line":101,"column":95}},"21":{"start":{"line":102,"column":19},"end":{"line":102,"column":58}},"22":{"start":{"line":103,"column":18},"end":{"line":103,"column":71}},"23":{"start":{"line":104,"column":4},"end":{"line":115,"column":10}},"24":{"start":{"line":107,"column":10},"end":{"line":107,"column":103}},"25":{"start":{"line":109,"column":22},"end":{"line":115,"column":7}},"26":{"start":{"line":113,"column":62},"end":{"line":113,"column":88}},"27":{"start":{"line":119,"column":4},"end":{"line":121,"column":5}},"28":{"start":{"line":120,"column":6},"end":{"line":120,"column":102}},"29":{"start":{"line":122,"column":19},"end":{"line":122,"column":93}},"30":{"start":{"line":123,"column":4},"end":{"line":125,"column":5}},"31":{"start":{"line":124,"column":6},"end":{"line":124,"column":81}},"32":{"start":{"line":126,"column":18},"end":{"line":126,"column":82}},"33":{"start":{"line":127,"column":4},"end":{"line":144,"column":6}},"34":{"start":{"line":134,"column":75},"end":{"line":134,"column":103}},"35":{"start":{"line":138,"column":50},"end":{"line":138,"column":118}},"36":{"start":{"line":142,"column":67},"end":{"line":142,"column":91}},"37":{"start":{"line":148,"column":17},"end":{"line":148,"column":91}},"38":{"start":{"line":149,"column":19},"end":{"line":149,"column":94}},"39":{"start":{"line":150,"column":21},"end":{"line":150,"column":75}},"40":{"start":{"line":151,"column":4},"end":{"line":151,"column":90}},"41":{"start":{"line":155,"column":4},"end":{"line":157,"column":5}},"42":{"start":{"line":156,"column":6},"end":{"line":156,"column":84}},"43":{"start":{"line":158,"column":4},"end":{"line":161,"column":6}},"44":{"start":{"line":162,"column":4},"end":{"line":162,"column":46}},"45":{"start":{"line":166,"column":4},"end":{"line":166,"column":37}},"46":{"start":{"line":170,"column":21},"end":{"line":170,"column":42}},"47":{"start":{"line":171,"column":20},"end":{"line":176,"column":5}},"48":{"start":{"line":173,"column":21},"end":{"line":173,"column":104}},"49":{"start":{"line":174,"column":8},"end":{"line":174,"column":47}},"50":{"start":{"line":177,"column":4},"end":{"line":177,"column":19}},"51":{"start":{"line":181,"column":4},"end":{"line":181,"column":36}},"52":{"start":{"line":185,"column":4},"end":{"line":185,"column":38}},"53":{"start":{"line":189,"column":4},"end":{"line":191,"column":6}},"54":{"start":{"line":195,"column":19},"end":{"line":195,"column":50}},"55":{"start":{"line":196,"column":18},"end":{"line":196,"column":71}},"56":{"start":{"line":197,"column":4},"end":{"line":207,"column":10}},"57":{"start":{"line":198,"column":38},"end":{"line":198,"column":93}},"58":{"start":{"line":199,"column":22},"end":{"line":207,"column":7}},"59":{"start":{"line":211,"column":19},"end":{"line":211,"column":51}},"60":{"start":{"line":212,"column":4},"end":{"line":214,"column":5}},"61":{"start":{"line":213,"column":6},"end":{"line":213,"column":75}},"62":{"start":{"line":215,"column":4},"end":{"line":226,"column":6}},"63":{"start":{"line":218,"column":42},"end":{"line":218,"column":101}},"64":{"start":{"line":220,"column":38},"end":{"line":224,"column":11}},"65":{"start":{"line":230,"column":19},"end":{"line":230,"column":92}},"66":{"start":{"line":231,"column":17},"end":{"line":231,"column":69}},"67":{"start":{"line":232,"column":4},"end":{"line":240,"column":10}},"68":{"start":{"line":233,"column":36},"end":{"line":233,"column":93}},"69":{"start":{"line":234,"column":21},"end":{"line":240,"column":7}},"70":{"start":{"line":249,"column":4},"end":{"line":273,"column":5}},"71":{"start":{"line":251,"column":8},"end":{"line":251,"column":41}},"72":{"start":{"line":253,"column":8},"end":{"line":253,"column":40}},"73":{"start":{"line":255,"column":8},"end":{"line":257,"column":9}},"74":{"start":{"line":256,"column":10},"end":{"line":256,"column":123}},"75":{"start":{"line":258,"column":8},"end":{"line":258,"column":35}},"76":{"start":{"line":261,"column":8},"end":{"line":265,"column":9}},"77":{"start":{"line":262,"column":10},"end":{"line":262,"column":43}},"78":{"start":{"line":264,"column":10},"end":{"line":264,"column":68}},"79":{"start":{"line":266,"column":8},"end":{"line":268,"column":9}},"80":{"start":{"line":267,"column":10},"end":{"line":267,"column":101}},"81":{"start":{"line":269,"column":8},"end":{"line":269,"column":22}},"82":{"start":{"line":272,"column":8},"end":{"line":272,"column":121}},"83":{"start":{"line":277,"column":19},"end":{"line":277,"column":55}},"84":{"start":{"line":278,"column":17},"end":{"line":278,"column":67}},"85":{"start":{"line":279,"column":18},"end":{"line":279,"column":70}},"86":{"start":{"line":280,"column":4},"end":{"line":296,"column":6}},"87":{"start":{"line":300,"column":4},"end":{"line":300,"column":101}},"88":{"start":{"line":304,"column":4},"end":{"line":304,"column":23}},"89":{"start":{"line":305,"column":4},"end":{"line":305,"column":53}},"90":{"start":{"line":309,"column":4},"end":{"line":314,"column":5}},"91":{"start":{"line":310,"column":23},"end":{"line":310,"column":112}},"92":{"start":{"line":311,"column":6},"end":{"line":311,"column":37}},"93":{"start":{"line":313,"column":6},"end":{"line":313,"column":19}},"94":{"start":{"line":318,"column":4},"end":{"line":318,"column":71}},"95":{"start":{"line":322,"column":17},"end":{"line":322,"column":37}},"96":{"start":{"line":323,"column":4},"end":{"line":327,"column":7}},"97":{"start":{"line":331,"column":4},"end":{"line":331,"column":92}},"98":{"start":{"line":336,"column":4},"end":{"line":340,"column":5}},"99":{"start":{"line":337,"column":6},"end":{"line":337,"column":81}},"100":{"start":{"line":339,"column":6},"end":{"line":339,"column":157}},"101":{"start":{"line":341,"column":17},"end":{"line":341,"column":38}},"102":{"start":{"line":342,"column":4},"end":{"line":348,"column":5}},"103":{"start":{"line":343,"column":20},"end":{"line":343,"column":55}},"104":{"start":{"line":344,"column":6},"end":{"line":346,"column":7}},"105":{"start":{"line":345,"column":8},"end":{"line":345,"column":64}},"106":{"start":{"line":347,"column":6},"end":{"line":347,"column":96}},"107":{"start":{"line":349,"column":4},"end":{"line":353,"column":5}},"108":{"start":{"line":350,"column":6},"end":{"line":350,"column":41}},"109":{"start":{"line":352,"column":6},"end":{"line":352,"column":100}},"110":{"start":{"line":357,"column":4},"end":{"line":359,"column":5}},"111":{"start":{"line":358,"column":6},"end":{"line":358,"column":82}},"112":{"start":{"line":360,"column":4},"end":{"line":360,"column":17}},"113":{"start":{"line":364,"column":4},"end":{"line":364,"column":80}}},"fnMap":{"0":{"name":"(anonymous_0)","decl":{"start":{"line":36,"column":2},"end":{"line":36,"column":3}},"loc":{"start":{"line":40,"column":4},"end":{"line":43,"column":3}},"line":40},"1":{"name":"(anonymous_1)","decl":{"start":{"line":66,"column":2},"end":{"line":66,"column":3}},"loc":{"start":{"line":70,"column":4},"end":{"line":70,"column":6}},"line":70},"2":{"name":"(anonymous_2)","decl":{"start":{"line":69,"column":50},"end":{"line":69,"column":51}},"loc":{"start":{"line":69,"column":56},"end":{"line":69,"column":79}},"line":69},"3":{"name":"(anonymous_3)","decl":{"start":{"line":73,"column":2},"end":{"line":73,"column":3}},"loc":{"start":{"line":73,"column":78},"end":{"line":79,"column":3}},"line":73},"4":{"name":"(anonymous_4)","decl":{"start":{"line":81,"column":2},"end":{"line":81,"column":3}},"loc":{"start":{"line":81,"column":35},"end":{"line":84,"column":3}},"line":81},"5":{"name":"(anonymous_5)","decl":{"start":{"line":86,"column":2},"end":{"line":86,"column":3}},"loc":{"start":{"line":86,"column":79},"end":{"line":90,"column":3}},"line":86},"6":{"name":"(anonymous_6)","decl":{"start":{"line":92,"column":2},"end":{"line":92,"column":3}},"loc":{"start":{"line":92,"column":53},"end":{"line":98,"column":3}},"line":92},"7":{"name":"(anonymous_7)","decl":{"start":{"line":95,"column":6},"end":{"line":95,"column":7}},"loc":{"start":{"line":96,"column":8},"end":{"line":96,"column":105}},"line":96},"8":{"name":"(anonymous_8)","decl":{"start":{"line":100,"column":2},"end":{"line":100,"column":3}},"loc":{"start":{"line":100,"column":65},"end":{"line":116,"column":3}},"line":100},"9":{"name":"(anonymous_9)","decl":{"start":{"line":106,"column":8},"end":{"line":106,"column":9}},"loc":{"start":{"line":107,"column":10},"end":{"line":107,"column":103}},"line":107},"10":{"name":"(anonymous_10)","decl":{"start":{"line":109,"column":11},"end":{"line":109,"column":12}},"loc":{"start":{"line":109,"column":22},"end":{"line":115,"column":7}},"line":109},"11":{"name":"(anonymous_11)","decl":{"start":{"line":113,"column":32},"end":{"line":113,"column":33}},"loc":{"start":{"line":113,"column":62},"end":{"line":113,"column":88}},"line":113},"12":{"name":"(anonymous_12)","decl":{"start":{"line":118,"column":2},"end":{"line":118,"column":3}},"loc":{"start":{"line":118,"column":57},"end":{"line":145,"column":3}},"line":118},"13":{"name":"(anonymous_13)","decl":{"start":{"line":134,"column":37},"end":{"line":134,"column":38}},"loc":{"start":{"line":134,"column":75},"end":{"line":134,"column":103}},"line":134},"14":{"name":"(anonymous_14)","decl":{"start":{"line":138,"column":12},"end":{"line":138,"column":13}},"loc":{"start":{"line":138,"column":50},"end":{"line":138,"column":118}},"line":138},"15":{"name":"(anonymous_15)","decl":{"start":{"line":142,"column":41},"end":{"line":142,"column":42}},"loc":{"start":{"line":142,"column":67},"end":{"line":142,"column":91}},"line":142},"16":{"name":"(anonymous_16)","decl":{"start":{"line":147,"column":2},"end":{"line":147,"column":3}},"loc":{"start":{"line":147,"column":68},"end":{"line":152,"column":3}},"line":147},"17":{"name":"(anonymous_17)","decl":{"start":{"line":154,"column":2},"end":{"line":154,"column":3}},"loc":{"start":{"line":154,"column":65},"end":{"line":163,"column":3}},"line":154},"18":{"name":"(anonymous_18)","decl":{"start":{"line":165,"column":2},"end":{"line":165,"column":3}},"loc":{"start":{"line":165,"column":28},"end":{"line":167,"column":3}},"line":165},"19":{"name":"(anonymous_19)","decl":{"start":{"line":169,"column":2},"end":{"line":169,"column":3}},"loc":{"start":{"line":169,"column":51},"end":{"line":178,"column":3}},"line":169},"20":{"name":"(anonymous_20)","decl":{"start":{"line":172,"column":19},"end":{"line":172,"column":20}},"loc":{"start":{"line":172,"column":38},"end":{"line":175,"column":7}},"line":172},"21":{"name":"(anonymous_21)","decl":{"start":{"line":180,"column":2},"end":{"line":180,"column":3}},"loc":{"start":{"line":180,"column":31},"end":{"line":182,"column":3}},"line":180},"22":{"name":"(anonymous_22)","decl":{"start":{"line":184,"column":2},"end":{"line":184,"column":3}},"loc":{"start":{"line":184,"column":33},"end":{"line":186,"column":3}},"line":184},"23":{"name":"(anonymous_23)","decl":{"start":{"line":188,"column":2},"end":{"line":188,"column":3}},"loc":{"start":{"line":188,"column":26},"end":{"line":192,"column":3}},"line":188},"24":{"name":"(anonymous_24)","decl":{"start":{"line":194,"column":2},"end":{"line":194,"column":3}},"loc":{"start":{"line":194,"column":45},"end":{"line":208,"column":3}},"line":194},"25":{"name":"(anonymous_25)","decl":{"start":{"line":198,"column":14},"end":{"line":198,"column":15}},"loc":{"start":{"line":198,"column":38},"end":{"line":198,"column":93}},"line":198},"26":{"name":"(anonymous_26)","decl":{"start":{"line":199,"column":11},"end":{"line":199,"column":12}},"loc":{"start":{"line":199,"column":22},"end":{"line":207,"column":7}},"line":199},"27":{"name":"(anonymous_27)","decl":{"start":{"line":210,"column":2},"end":{"line":210,"column":3}},"loc":{"start":{"line":210,"column":37},"end":{"line":227,"column":3}},"line":210},"28":{"name":"(anonymous_28)","decl":{"start":{"line":218,"column":16},"end":{"line":218,"column":17}},"loc":{"start":{"line":218,"column":42},"end":{"line":218,"column":101}},"line":218},"29":{"name":"(anonymous_29)","decl":{"start":{"line":220,"column":10},"end":{"line":220,"column":11}},"loc":{"start":{"line":220,"column":38},"end":{"line":224,"column":11}},"line":220},"30":{"name":"(anonymous_30)","decl":{"start":{"line":229,"column":2},"end":{"line":229,"column":3}},"loc":{"start":{"line":229,"column":66},"end":{"line":241,"column":3}},"line":229},"31":{"name":"(anonymous_31)","decl":{"start":{"line":233,"column":14},"end":{"line":233,"column":15}},"loc":{"start":{"line":233,"column":36},"end":{"line":233,"column":93}},"line":233},"32":{"name":"(anonymous_32)","decl":{"start":{"line":234,"column":11},"end":{"line":234,"column":12}},"loc":{"start":{"line":234,"column":21},"end":{"line":240,"column":7}},"line":234},"33":{"name":"(anonymous_33)","decl":{"start":{"line":248,"column":2},"end":{"line":248,"column":3}},"loc":{"start":{"line":248,"column":50},"end":{"line":274,"column":3}},"line":248},"34":{"name":"(anonymous_34)","decl":{"start":{"line":276,"column":2},"end":{"line":276,"column":3}},"loc":{"start":{"line":276,"column":75},"end":{"line":297,"column":3}},"line":276},"35":{"name":"(anonymous_35)","decl":{"start":{"line":299,"column":2},"end":{"line":299,"column":3}},"loc":{"start":{"line":299,"column":68},"end":{"line":301,"column":3}},"line":299},"36":{"name":"(anonymous_36)","decl":{"start":{"line":303,"column":2},"end":{"line":303,"column":3}},"loc":{"start":{"line":303,"column":30},"end":{"line":306,"column":3}},"line":303},"37":{"name":"(anonymous_37)","decl":{"start":{"line":308,"column":2},"end":{"line":308,"column":3}},"loc":{"start":{"line":308,"column":54},"end":{"line":315,"column":3}},"line":308},"38":{"name":"(anonymous_38)","decl":{"start":{"line":317,"column":2},"end":{"line":317,"column":3}},"loc":{"start":{"line":317,"column":46},"end":{"line":319,"column":3}},"line":317},"39":{"name":"(anonymous_39)","decl":{"start":{"line":321,"column":2},"end":{"line":321,"column":3}},"loc":{"start":{"line":321,"column":62},"end":{"line":328,"column":3}},"line":321},"40":{"name":"(anonymous_40)","decl":{"start":{"line":330,"column":2},"end":{"line":330,"column":3}},"loc":{"start":{"line":330,"column":44},"end":{"line":332,"column":3}},"line":330},"41":{"name":"(anonymous_41)","decl":{"start":{"line":334,"column":2},"end":{"line":334,"column":3}},"loc":{"start":{"line":334,"column":135},"end":{"line":354,"column":3}},"line":334},"42":{"name":"(anonymous_42)","decl":{"start":{"line":356,"column":2},"end":{"line":356,"column":3}},"loc":{"start":{"line":356,"column":72},"end":{"line":361,"column":3}},"line":356},"43":{"name":"(anonymous_43)","decl":{"start":{"line":363,"column":2},"end":{"line":363,"column":3}},"loc":{"start":{"line":363,"column":57},"end":{"line":365,"column":3}},"line":363}},"branchMap":{"0":{"loc":{"start":{"line":69,"column":21},"end":{"line":69,"column":79}},"type":"default-arg","locations":[{"start":{"line":69,"column":50},"end":{"line":69,"column":79}}],"line":69},"1":{"loc":{"start":{"line":75,"column":4},"end":{"line":77,"column":5}},"type":"if","locations":[{"start":{"line":75,"column":4},"end":{"line":77,"column":5}},{"start":{},"end":{}}],"line":75},"2":{"loc":{"start":{"line":83,"column":11},"end":{"line":83,"column":90}},"type":"cond-expr","locations":[{"start":{"line":83,"column":18},"end":{"line":83,"column":60}},{"start":{"line":83,"column":63},"end":{"line":83,"column":90}}],"line":83},"3":{"loc":{"start":{"line":88,"column":18},"end":{"line":88,"column":66}},"type":"cond-expr","locations":[{"start":{"line":88,"column":25},"end":{"line":88,"column":58}},{"start":{"line":88,"column":61},"end":{"line":88,"column":66}}],"line":88},"4":{"loc":{"start":{"line":96,"column":8},"end":{"line":96,"column":105}},"type":"binary-expr","locations":[{"start":{"line":96,"column":8},"end":{"line":96,"column":32}},{"start":{"line":96,"column":36},"end":{"line":96,"column":71}},{"start":{"line":96,"column":75},"end":{"line":96,"column":105}}],"line":96},"5":{"loc":{"start":{"line":101,"column":18},"end":{"line":101,"column":95}},"type":"cond-expr","locations":[{"start":{"line":101,"column":44},"end":{"line":101,"column":46}},{"start":{"line":101,"column":49},"end":{"line":101,"column":95}}],"line":101},"6":{"loc":{"start":{"line":103,"column":18},"end":{"line":103,"column":71}},"type":"cond-expr","locations":[{"start":{"line":103,"column":47},"end":{"line":103,"column":59}},{"start":{"line":103,"column":62},"end":{"line":103,"column":71}}],"line":103},"7":{"loc":{"start":{"line":107,"column":10},"end":{"line":107,"column":103}},"type":"binary-expr","locations":[{"start":{"line":107,"column":10},"end":{"line":107,"column":34}},{"start":{"line":107,"column":38},"end":{"line":107,"column":70}},{"start":{"line":107,"column":74},"end":{"line":107,"column":103}}],"line":107},"8":{"loc":{"start":{"line":111,"column":16},"end":{"line":111,"column":66}},"type":"cond-expr","locations":[{"start":{"line":111,"column":50},"end":{"line":111,"column":61}},{"start":{"line":111,"column":64},"end":{"line":111,"column":66}}],"line":111},"9":{"loc":{"start":{"line":112,"column":17},"end":{"line":114,"column":14}},"type":"cond-expr","locations":[{"start":{"line":113,"column":12},"end":{"line":113,"column":89}},{"start":{"line":114,"column":12},"end":{"line":114,"column":14}}],"line":112},"10":{"loc":{"start":{"line":119,"column":4},"end":{"line":121,"column":5}},"type":"if","locations":[{"start":{"line":119,"column":4},"end":{"line":121,"column":5}},{"start":{},"end":{}}],"line":119},"11":{"loc":{"start":{"line":123,"column":4},"end":{"line":125,"column":5}},"type":"if","locations":[{"start":{"line":123,"column":4},"end":{"line":125,"column":5}},{"start":{},"end":{}}],"line":123},"12":{"loc":{"start":{"line":123,"column":8},"end":{"line":123,"column":112}},"type":"binary-expr","locations":[{"start":{"line":123,"column":8},"end":{"line":123,"column":35}},{"start":{"line":123,"column":39},"end":{"line":123,"column":76}},{"start":{"line":123,"column":80},"end":{"line":123,"column":112}}],"line":123},"13":{"loc":{"start":{"line":126,"column":18},"end":{"line":126,"column":82}},"type":"cond-expr","locations":[{"start":{"line":126,"column":59},"end":{"line":126,"column":77}},{"start":{"line":126,"column":80},"end":{"line":126,"column":82}}],"line":126},"14":{"loc":{"start":{"line":129,"column":12},"end":{"line":129,"column":77}},"type":"cond-expr","locations":[{"start":{"line":129,"column":46},"end":{"line":129,"column":57}},{"start":{"line":129,"column":60},"end":{"line":129,"column":77}}],"line":129},"15":{"loc":{"start":{"line":131,"column":10},"end":{"line":131,"column":73}},"type":"cond-expr","locations":[{"start":{"line":131,"column":45},"end":{"line":131,"column":68}},{"start":{"line":131,"column":71},"end":{"line":131,"column":73}}],"line":131},"16":{"loc":{"start":{"line":132,"column":10},"end":{"line":132,"column":88}},"type":"cond-expr","locations":[{"start":{"line":132,"column":50},"end":{"line":132,"column":83}},{"start":{"line":132,"column":86},"end":{"line":132,"column":88}}],"line":132},"17":{"loc":{"start":{"line":136,"column":16},"end":{"line":140,"column":12}},"type":"cond-expr","locations":[{"start":{"line":137,"column":10},"end":{"line":139,"column":11}},{"start":{"line":140,"column":10},"end":{"line":140,"column":12}}],"line":136},"18":{"loc":{"start":{"line":138,"column":50},"end":{"line":138,"column":118}},"type":"binary-expr","locations":[{"start":{"line":138,"column":50},"end":{"line":138,"column":77}},{"start":{"line":138,"column":81},"end":{"line":138,"column":118}}],"line":138},"19":{"loc":{"start":{"line":141,"column":24},"end":{"line":143,"column":12}},"type":"cond-expr","locations":[{"start":{"line":142,"column":10},"end":{"line":142,"column":92}},{"start":{"line":143,"column":10},"end":{"line":143,"column":12}}],"line":141},"20":{"loc":{"start":{"line":150,"column":21},"end":{"line":150,"column":75}},"type":"binary-expr","locations":[{"start":{"line":150,"column":21},"end":{"line":150,"column":47}},{"start":{"line":150,"column":51},"end":{"line":150,"column":75}}],"line":150},"21":{"loc":{"start":{"line":151,"column":11},"end":{"line":151,"column":89}},"type":"cond-expr","locations":[{"start":{"line":151,"column":22},"end":{"line":151,"column":75}},{"start":{"line":151,"column":78},"end":{"line":151,"column":89}}],"line":151},"22":{"loc":{"start":{"line":155,"column":4},"end":{"line":157,"column":5}},"type":"if","locations":[{"start":{"line":155,"column":4},"end":{"line":157,"column":5}},{"start":{},"end":{}}],"line":155},"23":{"loc":{"start":{"line":196,"column":18},"end":{"line":196,"column":71}},"type":"cond-expr","locations":[{"start":{"line":196,"column":47},"end":{"line":196,"column":59}},{"start":{"line":196,"column":62},"end":{"line":196,"column":71}}],"line":196},"24":{"loc":{"start":{"line":198,"column":38},"end":{"line":198,"column":93}},"type":"binary-expr","locations":[{"start":{"line":198,"column":38},"end":{"line":198,"column":62}},{"start":{"line":198,"column":66},"end":{"line":198,"column":93}}],"line":198},"25":{"loc":{"start":{"line":201,"column":16},"end":{"line":201,"column":73}},"type":"cond-expr","locations":[{"start":{"line":201,"column":50},"end":{"line":201,"column":61}},{"start":{"line":201,"column":64},"end":{"line":201,"column":73}}],"line":201},"26":{"loc":{"start":{"line":202,"column":15},"end":{"line":202,"column":80}},"type":"cond-expr","locations":[{"start":{"line":202,"column":48},"end":{"line":202,"column":58}},{"start":{"line":202,"column":62},"end":{"line":202,"column":79}}],"line":202},"27":{"loc":{"start":{"line":203,"column":15},"end":{"line":203,"column":70}},"type":"cond-expr","locations":[{"start":{"line":203,"column":48},"end":{"line":203,"column":58}},{"start":{"line":203,"column":61},"end":{"line":203,"column":70}}],"line":203},"28":{"loc":{"start":{"line":204,"column":17},"end":{"line":204,"column":71}},"type":"cond-expr","locations":[{"start":{"line":204,"column":52},"end":{"line":204,"column":64}},{"start":{"line":204,"column":67},"end":{"line":204,"column":71}}],"line":204},"29":{"loc":{"start":{"line":205,"column":16},"end":{"line":205,"column":65}},"type":"cond-expr","locations":[{"start":{"line":205,"column":50},"end":{"line":205,"column":61}},{"start":{"line":205,"column":64},"end":{"line":205,"column":65}}],"line":205},"30":{"loc":{"start":{"line":206,"column":23},"end":{"line":206,"column":86}},"type":"cond-expr","locations":[{"start":{"line":206,"column":64},"end":{"line":206,"column":82}},{"start":{"line":206,"column":85},"end":{"line":206,"column":86}}],"line":206},"31":{"loc":{"start":{"line":212,"column":4},"end":{"line":214,"column":5}},"type":"if","locations":[{"start":{"line":212,"column":4},"end":{"line":214,"column":5}},{"start":{},"end":{}}],"line":212},"32":{"loc":{"start":{"line":216,"column":13},"end":{"line":216,"column":65}},"type":"cond-expr","locations":[{"start":{"line":216,"column":48},"end":{"line":216,"column":60}},{"start":{"line":216,"column":63},"end":{"line":216,"column":65}}],"line":216},"33":{"loc":{"start":{"line":218,"column":42},"end":{"line":218,"column":101}},"type":"binary-expr","locations":[{"start":{"line":218,"column":42},"end":{"line":218,"column":67}},{"start":{"line":218,"column":71},"end":{"line":218,"column":101}}],"line":218},"34":{"loc":{"start":{"line":222,"column":18},"end":{"line":222,"column":70}},"type":"cond-expr","locations":[{"start":{"line":222,"column":51},"end":{"line":222,"column":61}},{"start":{"line":222,"column":64},"end":{"line":222,"column":70}}],"line":222},"35":{"loc":{"start":{"line":223,"column":20},"end":{"line":223,"column":72}},"type":"cond-expr","locations":[{"start":{"line":223,"column":55},"end":{"line":223,"column":67}},{"start":{"line":223,"column":70},"end":{"line":223,"column":72}}],"line":223},"36":{"loc":{"start":{"line":231,"column":17},"end":{"line":231,"column":69}},"type":"cond-expr","locations":[{"start":{"line":231,"column":46},"end":{"line":231,"column":57}},{"start":{"line":231,"column":60},"end":{"line":231,"column":69}}],"line":231},"37":{"loc":{"start":{"line":233,"column":36},"end":{"line":233,"column":93}},"type":"binary-expr","locations":[{"start":{"line":233,"column":36},"end":{"line":233,"column":59}},{"start":{"line":233,"column":63},"end":{"line":233,"column":93}}],"line":233},"38":{"loc":{"start":{"line":236,"column":14},"end":{"line":236,"column":61}},"type":"cond-expr","locations":[{"start":{"line":236,"column":45},"end":{"line":236,"column":53}},{"start":{"line":236,"column":56},"end":{"line":236,"column":61}}],"line":236},"39":{"loc":{"start":{"line":237,"column":15},"end":{"line":237,"column":68}},"type":"cond-expr","locations":[{"start":{"line":237,"column":47},"end":{"line":237,"column":56}},{"start":{"line":237,"column":59},"end":{"line":237,"column":68}}],"line":237},"40":{"loc":{"start":{"line":238,"column":15},"end":{"line":238,"column":61}},"type":"cond-expr","locations":[{"start":{"line":238,"column":47},"end":{"line":238,"column":56}},{"start":{"line":238,"column":59},"end":{"line":238,"column":61}}],"line":238},"41":{"loc":{"start":{"line":239,"column":18},"end":{"line":239,"column":72}},"type":"cond-expr","locations":[{"start":{"line":239,"column":53},"end":{"line":239,"column":65}},{"start":{"line":239,"column":68},"end":{"line":239,"column":72}}],"line":239},"42":{"loc":{"start":{"line":249,"column":4},"end":{"line":273,"column":5}},"type":"switch","locations":[{"start":{"line":250,"column":6},"end":{"line":251,"column":41}},{"start":{"line":252,"column":6},"end":{"line":253,"column":40}},{"start":{"line":254,"column":6},"end":{"line":258,"column":35}},{"start":{"line":259,"column":6},"end":{"line":270,"column":7}},{"start":{"line":271,"column":6},"end":{"line":272,"column":121}}],"line":249},"43":{"loc":{"start":{"line":255,"column":8},"end":{"line":257,"column":9}},"type":"if","locations":[{"start":{"line":255,"column":8},"end":{"line":257,"column":9}},{"start":{},"end":{}}],"line":255},"44":{"loc":{"start":{"line":266,"column":8},"end":{"line":268,"column":9}},"type":"if","locations":[{"start":{"line":266,"column":8},"end":{"line":268,"column":9}},{"start":{},"end":{}}],"line":266},"45":{"loc":{"start":{"line":277,"column":19},"end":{"line":277,"column":55}},"type":"cond-expr","locations":[{"start":{"line":277,"column":46},"end":{"line":277,"column":50}},{"start":{"line":277,"column":53},"end":{"line":277,"column":55}}],"line":277},"46":{"loc":{"start":{"line":278,"column":17},"end":{"line":278,"column":67}},"type":"cond-expr","locations":[{"start":{"line":278,"column":51},"end":{"line":278,"column":62}},{"start":{"line":278,"column":65},"end":{"line":278,"column":67}}],"line":278},"47":{"loc":{"start":{"line":279,"column":18},"end":{"line":279,"column":70}},"type":"cond-expr","locations":[{"start":{"line":279,"column":53},"end":{"line":279,"column":65}},{"start":{"line":279,"column":68},"end":{"line":279,"column":70}}],"line":279},"48":{"loc":{"start":{"line":282,"column":12},"end":{"line":282,"column":72}},"type":"cond-expr","locations":[{"start":{"line":282,"column":46},"end":{"line":282,"column":57}},{"start":{"line":282,"column":60},"end":{"line":282,"column":72}}],"line":282},"49":{"loc":{"start":{"line":283,"column":10},"end":{"line":283,"column":73}},"type":"cond-expr","locations":[{"start":{"line":283,"column":45},"end":{"line":283,"column":68}},{"start":{"line":283,"column":71},"end":{"line":283,"column":73}}],"line":283},"50":{"loc":{"start":{"line":285,"column":27},"end":{"line":285,"column":101}},"type":"cond-expr","locations":[{"start":{"line":285,"column":72},"end":{"line":285,"column":94}},{"start":{"line":285,"column":97},"end":{"line":285,"column":101}}],"line":285},"51":{"loc":{"start":{"line":286,"column":25},"end":{"line":286,"column":95}},"type":"cond-expr","locations":[{"start":{"line":286,"column":68},"end":{"line":286,"column":88}},{"start":{"line":286,"column":91},"end":{"line":286,"column":95}}],"line":286},"52":{"loc":{"start":{"line":289,"column":17},"end":{"line":289,"column":70}},"type":"cond-expr","locations":[{"start":{"line":289,"column":53},"end":{"line":289,"column":66}},{"start":{"line":289,"column":69},"end":{"line":289,"column":70}}],"line":289},"53":{"loc":{"start":{"line":290,"column":15},"end":{"line":290,"column":64}},"type":"cond-expr","locations":[{"start":{"line":290,"column":49},"end":{"line":290,"column":60}},{"start":{"line":290,"column":63},"end":{"line":290,"column":64}}],"line":290},"54":{"loc":{"start":{"line":293,"column":15},"end":{"line":295,"column":12}},"type":"cond-expr","locations":[{"start":{"line":294,"column":11},"end":{"line":294,"column":89}},{"start":{"line":295,"column":10},"end":{"line":295,"column":12}}],"line":293},"55":{"loc":{"start":{"line":342,"column":4},"end":{"line":348,"column":5}},"type":"if","locations":[{"start":{"line":342,"column":4},"end":{"line":348,"column":5}},{"start":{},"end":{}}],"line":342},"56":{"loc":{"start":{"line":344,"column":6},"end":{"line":346,"column":7}},"type":"if","locations":[{"start":{"line":344,"column":6},"end":{"line":346,"column":7}},{"start":{},"end":{}}],"line":344},"57":{"loc":{"start":{"line":357,"column":4},"end":{"line":359,"column":5}},"type":"if","locations":[{"start":{"line":357,"column":4},"end":{"line":359,"column":5}},{"start":{},"end":{}}],"line":357},"58":{"loc":{"start":{"line":364,"column":11},"end":{"line":364,"column":79}},"type":"binary-expr","locations":[{"start":{"line":364,"column":11},"end":{"line":364,"column":36}},{"start":{"line":364,"column":40},"end":{"line":364,"column":54}},{"start":{"line":364,"column":58},"end":{"line":364,"column":79}}],"line":364}},"s":{"0":26,"1":26,"2":1,"3":1,"4":26,"5":1,"6":26,"7":1,"8":4,"9":4,"10":2,"11":2,"12":2,"13":2,"14":4,"15":4,"16":4,"17":14,"18":3,"19":5,"20":3,"21":3,"22":3,"23":3,"24":3,"25":2,"26":3,"27":4,"28":1,"29":3,"30":3,"31":1,"32":2,"33":2,"34":2,"35":2,"36":2,"37":3,"38":3,"39":3,"40":3,"41":2,"42":1,"43":1,"44":1,"45":1,"46":1,"47":1,"48":2,"49":2,"50":1,"51":1,"52":1,"53":1,"54":2,"55":2,"56":2,"57":3,"58":2,"59":3,"60":3,"61":1,"62":2,"63":3,"64":2,"65":2,"66":2,"67":2,"68":3,"69":2,"70":9,"71":1,"72":2,"73":2,"74":1,"75":1,"76":3,"77":3,"78":1,"79":2,"80":1,"81":1,"82":1,"83":2,"84":2,"85":2,"86":2,"87":2,"88":3,"89":3,"90":6,"91":6,"92":4,"93":2,"94":30,"95":4,"96":4,"97":34,"98":34,"99":34,"100":1,"101":33,"102":33,"103":9,"104":9,"105":8,"106":1,"107":24,"108":24,"109":1,"110":12,"111":4,"112":8,"113":47},"f":{"0":26,"1":26,"2":1,"3":4,"4":2,"5":4,"6":14,"7":5,"8":3,"9":3,"10":2,"11":3,"12":4,"13":2,"14":2,"15":2,"16":3,"17":2,"18":1,"19":1,"20":2,"21":1,"22":1,"23":1,"24":2,"25":3,"26":2,"27":3,"28":3,"29":2,"30":2,"31":3,"32":2,"33":9,"34":2,"35":2,"36":3,"37":6,"38":30,"39":4,"40":34,"41":34,"42":12,"43":47},"b":{"0":[1],"1":[2,2],"2":[1,1],"3":[2,2],"4":[5,4,3],"5":[2,1],"6":[2,1],"7":[3,3,3],"8":[1,1],"9":[1,1],"10":[1,3],"11":[1,2],"12":[3,3,2],"13":[1,1],"14":[1,1],"15":[1,1],"16":[1,1],"17":[1,1],"18":[2,2],"19":[1,1],"20":[3,3],"21":[1,2],"22":[1,1],"23":[1,1],"24":[3,3],"25":[1,1],"26":[1,1],"27":[1,1],"28":[1,1],"29":[1,1],"30":[1,1],"31":[1,2],"32":[1,1],"33":[3,2],"34":[1,1],"35":[1,1],"36":[1,1],"37":[3,3],"38":[1,1],"39":[1,1],"40":[1,1],"41":[1,1],"42":[1,2,2,3,1],"43":[1,1],"44":[1,1],"45":[1,1],"46":[1,1],"47":[1,1],"48":[1,1],"49":[1,1],"50":[1,1],"51":[1,1],"52":[1,1],"53":[1,1],"54":[1,1],"55":[9,24],"56":[8,1],"57":[4,8],"58":[47,41,40]},"_coverageSchema":"1a1c01bbd47fc00a2c39e90264f33305004495a9","hash":"56d73232a052818a60af0f9287db7463c288e0ae"}
,"/Users/adam/git/vibey-storm/lane-h/clients/app/src/core/identity.ts": {"path":"/Users/adam/git/vibey-storm/lane-h/clients/app/src/core/identity.ts","statementMap":{"0":{"start":{"line":7,"column":37},"end":{"line":7,"column":45}},"1":{"start":{"line":10,"column":39},"end":{"line":10,"column":91}},"2":{"start":{"line":13,"column":4},"end":{"line":13,"column":89}},"3":{"start":{"line":17,"column":4},"end":{"line":17,"column":45}}},"fnMap":{"0":{"name":"(anonymous_0)","decl":{"start":{"line":12,"column":2},"end":{"line":12,"column":3}},"loc":{"start":{"line":12,"column":48},"end":{"line":14,"column":3}},"line":12},"1":{"name":"(anonymous_1)","decl":{"start":{"line":16,"column":2},"end":{"line":16,"column":3}},"loc":{"start":{"line":16,"column":42},"end":{"line":18,"column":3}},"line":16}},"branchMap":{"0":{"loc":{"start":{"line":13,"column":11},"end":{"line":13,"column":88}},"type":"cond-expr","locations":[{"start":{"line":13,"column":57},"end":{"line":13,"column":66}},{"start":{"line":13,"column":69},"end":{"line":13,"column":88}}],"line":13}},"s":{"0":2,"1":1,"2":7,"3":6},"f":{"0":7,"1":6},"b":{"0":[2,5]},"_coverageSchema":"1a1c01bbd47fc00a2c39e90264f33305004495a9","hash":"963d0314870d458360e2dc2aee764dc3306b52e7"}
,"/Users/adam/git/vibey-storm/lane-h/clients/app/src/core/pairing.ts": {"path":"/Users/adam/git/vibey-storm/lane-h/clients/app/src/core/pairing.ts","statementMap":{"0":{"start":{"line":11,"column":47},"end":{"line":11,"column":79}},"1":{"start":{"line":12,"column":25},"end":{"line":12,"column":34}},"2":{"start":{"line":13,"column":32},"end":{"line":13,"column":56}},"3":{"start":{"line":14,"column":48},"end":{"line":14,"column":90}},"4":{"start":{"line":18,"column":4},"end":{"line":22,"column":5}},"5":{"start":{"line":19,"column":6},"end":{"line":19,"column":33}},"6":{"start":{"line":21,"column":6},"end":{"line":21,"column":82}},"7":{"start":{"line":23,"column":19},"end":{"line":23,"column":67}},"8":{"start":{"line":24,"column":4},"end":{"line":26,"column":5}},"9":{"start":{"line":25,"column":6},"end":{"line":25,"column":82}},"10":{"start":{"line":27,"column":19},"end":{"line":27,"column":35}},"11":{"start":{"line":28,"column":17},"end":{"line":28,"column":41}},"12":{"start":{"line":29,"column":17},"end":{"line":29,"column":49}},"13":{"start":{"line":30,"column":17},"end":{"line":30,"column":61}},"14":{"start":{"line":31,"column":24},"end":{"line":31,"column":40}},"15":{"start":{"line":32,"column":4},"end":{"line":34,"column":5}},"16":{"start":{"line":33,"column":6},"end":{"line":33,"column":70}},"17":{"start":{"line":35,"column":4},"end":{"line":37,"column":5}},"18":{"start":{"line":36,"column":6},"end":{"line":36,"column":76}},"19":{"start":{"line":38,"column":4},"end":{"line":40,"column":5}},"20":{"start":{"line":39,"column":6},"end":{"line":39,"column":47}},"21":{"start":{"line":41,"column":21},"end":{"line":41,"column":52}},"22":{"start":{"line":42,"column":4},"end":{"line":44,"column":5}},"23":{"start":{"line":43,"column":6},"end":{"line":43,"column":121}},"24":{"start":{"line":45,"column":4},"end":{"line":47,"column":5}},"25":{"start":{"line":46,"column":6},"end":{"line":46,"column":100}},"26":{"start":{"line":48,"column":32},"end":{"line":55,"column":5}},"27":{"start":{"line":56,"column":4},"end":{"line":56,"column":31}},"28":{"start":{"line":60,"column":19},"end":{"line":60,"column":46}},"29":{"start":{"line":61,"column":4},"end":{"line":61,"column":102}},"30":{"start":{"line":65,"column":17},"end":{"line":65,"column":105}},"31":{"start":{"line":66,"column":4},"end":{"line":66,"column":53}},"32":{"start":{"line":73,"column":4},"end":{"line":74,"column":82}},"33":{"start":{"line":77,"column":4},"end":{"line":77,"column":62}}},"fnMap":{"0":{"name":"(anonymous_0)","decl":{"start":{"line":16,"column":2},"end":{"line":16,"column":3}},"loc":{"start":{"line":16,"column":38},"end":{"line":57,"column":3}},"line":16},"1":{"name":"(anonymous_1)","decl":{"start":{"line":59,"column":2},"end":{"line":59,"column":3}},"loc":{"start":{"line":59,"column":68},"end":{"line":62,"column":3}},"line":59},"2":{"name":"(anonymous_2)","decl":{"start":{"line":64,"column":2},"end":{"line":64,"column":3}},"loc":{"start":{"line":64,"column":39},"end":{"line":67,"column":3}},"line":64},"3":{"name":"(anonymous_3)","decl":{"start":{"line":76,"column":2},"end":{"line":76,"column":3}},"loc":{"start":{"line":76,"column":49},"end":{"line":78,"column":3}},"line":76}},"branchMap":{"0":{"loc":{"start":{"line":24,"column":4},"end":{"line":26,"column":5}},"type":"if","locations":[{"start":{"line":24,"column":4},"end":{"line":26,"column":5}},{"start":{},"end":{}}],"line":24},"1":{"loc":{"start":{"line":24,"column":8},"end":{"line":24,"column":68}},"type":"binary-expr","locations":[{"start":{"line":24,"column":8},"end":{"line":24,"column":47}},{"start":{"line":24,"column":51},"end":{"line":24,"column":68}}],"line":24},"2":{"loc":{"start":{"line":28,"column":17},"end":{"line":28,"column":41}},"type":"binary-expr","locations":[{"start":{"line":28,"column":17},"end":{"line":28,"column":35}},{"start":{"line":28,"column":39},"end":{"line":28,"column":41}}],"line":28},"3":{"loc":{"start":{"line":29,"column":24},"end":{"line":29,"column":48}},"type":"binary-expr","locations":[{"start":{"line":29,"column":24},"end":{"line":29,"column":42}},{"start":{"line":29,"column":46},"end":{"line":29,"column":48}}],"line":29},"4":{"loc":{"start":{"line":30,"column":36},"end":{"line":30,"column":60}},"type":"binary-expr","locations":[{"start":{"line":30,"column":36},"end":{"line":30,"column":54}},{"start":{"line":30,"column":58},"end":{"line":30,"column":60}}],"line":30},"5":{"loc":{"start":{"line":32,"column":4},"end":{"line":34,"column":5}},"type":"if","locations":[{"start":{"line":32,"column":4},"end":{"line":34,"column":5}},{"start":{},"end":{}}],"line":32},"6":{"loc":{"start":{"line":32,"column":8},"end":{"line":32,"column":44}},"type":"binary-expr","locations":[{"start":{"line":32,"column":8},"end":{"line":32,"column":19}},{"start":{"line":32,"column":23},"end":{"line":32,"column":44}}],"line":32},"7":{"loc":{"start":{"line":35,"column":4},"end":{"line":37,"column":5}},"type":"if","locations":[{"start":{"line":35,"column":4},"end":{"line":37,"column":5}},{"start":{},"end":{}}],"line":35},"8":{"loc":{"start":{"line":35,"column":8},"end":{"line":35,"column":59}},"type":"binary-expr","locations":[{"start":{"line":35,"column":8},"end":{"line":35,"column":31}},{"start":{"line":35,"column":35},"end":{"line":35,"column":43}},{"start":{"line":35,"column":47},"end":{"line":35,"column":59}}],"line":35},"9":{"loc":{"start":{"line":38,"column":4},"end":{"line":40,"column":5}},"type":"if","locations":[{"start":{"line":38,"column":4},"end":{"line":40,"column":5}},{"start":{},"end":{}}],"line":38},"10":{"loc":{"start":{"line":42,"column":4},"end":{"line":44,"column":5}},"type":"if","locations":[{"start":{"line":42,"column":4},"end":{"line":44,"column":5}},{"start":{},"end":{}}],"line":42},"11":{"loc":{"start":{"line":42,"column":8},"end":{"line":42,"column":41}},"type":"binary-expr","locations":[{"start":{"line":42,"column":8},"end":{"line":42,"column":28}},{"start":{"line":42,"column":32},"end":{"line":42,"column":41}}],"line":42},"12":{"loc":{"start":{"line":45,"column":4},"end":{"line":47,"column":5}},"type":"if","locations":[{"start":{"line":45,"column":4},"end":{"line":47,"column":5}},{"start":{},"end":{}}],"line":45},"13":{"loc":{"start":{"line":45,"column":8},"end":{"line":45,"column":70}},"type":"binary-expr","locations":[{"start":{"line":45,"column":8},"end":{"line":45,"column":28}},{"start":{"line":45,"column":32},"end":{"line":45,"column":70}}],"line":45},"14":{"loc":{"start":{"line":51,"column":14},"end":{"line":51,"column":65}},"type":"cond-expr","locations":[{"start":{"line":51,"column":49},"end":{"line":51,"column":55}},{"start":{"line":51,"column":58},"end":{"line":51,"column":65}}],"line":51},"15":{"loc":{"start":{"line":51,"column":14},"end":{"line":51,"column":46}},"type":"binary-expr","locations":[{"start":{"line":51,"column":14},"end":{"line":51,"column":22}},{"start":{"line":51,"column":26},"end":{"line":51,"column":46}}],"line":51},"16":{"loc":{"start":{"line":52,"column":19},"end":{"line":52,"column":74}},"type":"cond-expr","locations":[{"start":{"line":52,"column":42},"end":{"line":52,"column":46}},{"start":{"line":52,"column":49},"end":{"line":52,"column":74}}],"line":52},"17":{"loc":{"start":{"line":61,"column":11},"end":{"line":61,"column":101}},"type":"cond-expr","locations":[{"start":{"line":61,"column":39},"end":{"line":61,"column":45}},{"start":{"line":61,"column":48},"end":{"line":61,"column":101}}],"line":61},"18":{"loc":{"start":{"line":65,"column":17},"end":{"line":65,"column":105}},"type":"cond-expr","locations":[{"start":{"line":65,"column":75},"end":{"line":65,"column":92}},{"start":{"line":65,"column":95},"end":{"line":65,"column":105}}],"line":65},"19":{"loc":{"start":{"line":65,"column":17},"end":{"line":65,"column":72}},"type":"binary-expr","locations":[{"start":{"line":65,"column":17},"end":{"line":65,"column":41}},{"start":{"line":65,"column":45},"end":{"line":65,"column":72}}],"line":65}},"s":{"0":1,"1":1,"2":1,"3":1,"4":16,"5":16,"6":1,"7":15,"8":15,"9":2,"10":13,"11":13,"12":13,"13":13,"14":13,"15":13,"16":2,"17":11,"18":2,"19":9,"20":2,"21":7,"22":7,"23":1,"24":6,"25":1,"26":5,"27":5,"28":15,"29":15,"30":3,"31":3,"32":1,"33":1},"f":{"0":16,"1":15,"2":3,"3":1},"b":{"0":[2,13],"1":[15,14],"2":[13,1],"3":[13,1],"4":[13,1],"5":[2,11],"6":[13,12],"7":[2,9],"8":[11,11,10],"9":[2,7],"10":[1,6],"11":[7,3],"12":[1,5],"13":[6,4],"14":[2,3],"15":[5,3],"16":[2,3],"17":[12,3],"18":[1,2],"19":[3,2]},"_coverageSchema":"1a1c01bbd47fc00a2c39e90264f33305004495a9","hash":"f90c8d6471817b2cb2d92c8c6338ebad5acce25b"}
,"/Users/adam/git/vibey-storm/lane-h/clients/app/src/core/presenters.ts": {"path":"/Users/adam/git/vibey-storm/lane-h/clients/app/src/core/presenters.ts","statementMap":{"0":{"start":{"line":18,"column":4},"end":{"line":18,"column":69}},"1":{"start":{"line":23,"column":18},"end":{"line":23,"column":52}},"2":{"start":{"line":24,"column":4},"end":{"line":24,"column":82}},"3":{"start":{"line":28,"column":18},"end":{"line":43,"column":6}},"4":{"start":{"line":29,"column":24},"end":{"line":29,"column":47}},"5":{"start":{"line":30,"column":6},"end":{"line":42,"column":8}},"6":{"start":{"line":44,"column":21},"end":{"line":44,"column":73}},"7":{"start":{"line":44,"column":49},"end":{"line":44,"column":69}},"8":{"start":{"line":46,"column":6},"end":{"line":46,"column":111}},"9":{"start":{"line":47,"column":4},"end":{"line":47,"column":41}},"10":{"start":{"line":51,"column":4},"end":{"line":59,"column":8}},"11":{"start":{"line":51,"column":32},"end":{"line":59,"column":5}},"12":{"start":{"line":63,"column":4},"end":{"line":70,"column":8}},"13":{"start":{"line":63,"column":32},"end":{"line":70,"column":5}},"14":{"start":{"line":74,"column":4},"end":{"line":93,"column":7}},"15":{"start":{"line":75,"column":18},"end":{"line":75,"column":47}},"16":{"start":{"line":76,"column":22},"end":{"line":76,"column":49}},"17":{"start":{"line":77,"column":23},"end":{"line":77,"column":96}},"18":{"start":{"line":78,"column":31},"end":{"line":84,"column":23}},"19":{"start":{"line":85,"column":6},"end":{"line":92,"column":8}},"20":{"start":{"line":97,"column":4},"end":{"line":101,"column":8}},"21":{"start":{"line":97,"column":41},"end":{"line":101,"column":5}},"22":{"start":{"line":105,"column":4},"end":{"line":107,"column":5}},"23":{"start":{"line":106,"column":6},"end":{"line":106,"column":26}},"24":{"start":{"line":108,"column":18},"end":{"line":108,"column":36}},"25":{"start":{"line":109,"column":16},"end":{"line":109,"column":28}},"26":{"start":{"line":110,"column":15},"end":{"line":110,"column":16}},"27":{"start":{"line":111,"column":4},"end":{"line":114,"column":5}},"28":{"start":{"line":112,"column":6},"end":{"line":112,"column":20}},"29":{"start":{"line":113,"column":6},"end":{"line":113,"column":16}},"30":{"start":{"line":115,"column":4},"end":{"line":115,"column":48}},"31":{"start":{"line":119,"column":20},"end":{"line":119,"column":68}},"32":{"start":{"line":120,"column":4},"end":{"line":122,"column":5}},"33":{"start":{"line":121,"column":6},"end":{"line":121,"column":24}},"34":{"start":{"line":123,"column":20},"end":{"line":123,"column":44}},"35":{"start":{"line":124,"column":4},"end":{"line":126,"column":5}},"36":{"start":{"line":125,"column":6},"end":{"line":125,"column":34}},"37":{"start":{"line":127,"column":18},"end":{"line":127,"column":42}},"38":{"start":{"line":128,"column":4},"end":{"line":128,"column":77}},"39":{"start":{"line":132,"column":4},"end":{"line":134,"column":5}},"40":{"start":{"line":133,"column":6},"end":{"line":133,"column":27}},"41":{"start":{"line":135,"column":20},"end":{"line":135,"column":55}},"42":{"start":{"line":136,"column":4},"end":{"line":138,"column":5}},"43":{"start":{"line":137,"column":6},"end":{"line":137,"column":23}},"44":{"start":{"line":139,"column":4},"end":{"line":139,"column":91}},"45":{"start":{"line":143,"column":4},"end":{"line":145,"column":5}},"46":{"start":{"line":144,"column":6},"end":{"line":144,"column":23}},"47":{"start":{"line":146,"column":18},"end":{"line":146,"column":37}},"48":{"start":{"line":147,"column":4},"end":{"line":149,"column":5}},"49":{"start":{"line":148,"column":6},"end":{"line":148,"column":23}},"50":{"start":{"line":150,"column":4},"end":{"line":150,"column":75}},"51":{"start":{"line":154,"column":4},"end":{"line":156,"column":5}},"52":{"start":{"line":155,"column":6},"end":{"line":155,"column":20}},"53":{"start":{"line":157,"column":4},"end":{"line":159,"column":5}},"54":{"start":{"line":158,"column":6},"end":{"line":158,"column":23}},"55":{"start":{"line":160,"column":4},"end":{"line":162,"column":5}},"56":{"start":{"line":161,"column":6},"end":{"line":161,"column":117}},"57":{"start":{"line":163,"column":4},"end":{"line":163,"column":21}}},"fnMap":{"0":{"name":"(anonymous_0)","decl":{"start":{"line":17,"column":2},"end":{"line":17,"column":3}},"loc":{"start":{"line":17,"column":39},"end":{"line":19,"column":3}},"line":17},"1":{"name":"(anonymous_1)","decl":{"start":{"line":22,"column":2},"end":{"line":22,"column":3}},"loc":{"start":{"line":22,"column":37},"end":{"line":25,"column":3}},"line":22},"2":{"name":"(anonymous_2)","decl":{"start":{"line":27,"column":2},"end":{"line":27,"column":3}},"loc":{"start":{"line":27,"column":55},"end":{"line":48,"column":3}},"line":27},"3":{"name":"(anonymous_3)","decl":{"start":{"line":28,"column":31},"end":{"line":28,"column":32}},"loc":{"start":{"line":28,"column":44},"end":{"line":43,"column":5}},"line":28},"4":{"name":"(anonymous_4)","decl":{"start":{"line":44,"column":34},"end":{"line":44,"column":35}},"loc":{"start":{"line":44,"column":49},"end":{"line":44,"column":69}},"line":44},"5":{"name":"(anonymous_5)","decl":{"start":{"line":50,"column":2},"end":{"line":50,"column":3}},"loc":{"start":{"line":50,"column":73},"end":{"line":60,"column":3}},"line":50},"6":{"name":"(anonymous_6)","decl":{"start":{"line":51,"column":21},"end":{"line":51,"column":22}},"loc":{"start":{"line":51,"column":32},"end":{"line":59,"column":5}},"line":51},"7":{"name":"(anonymous_7)","decl":{"start":{"line":62,"column":2},"end":{"line":62,"column":3}},"loc":{"start":{"line":62,"column":70},"end":{"line":71,"column":3}},"line":62},"8":{"name":"(anonymous_8)","decl":{"start":{"line":63,"column":21},"end":{"line":63,"column":22}},"loc":{"start":{"line":63,"column":32},"end":{"line":70,"column":5}},"line":63},"9":{"name":"(anonymous_9)","decl":{"start":{"line":73,"column":2},"end":{"line":73,"column":3}},"loc":{"start":{"line":73,"column":65},"end":{"line":94,"column":3}},"line":73},"10":{"name":"(anonymous_10)","decl":{"start":{"line":74,"column":23},"end":{"line":74,"column":24}},"loc":{"start":{"line":74,"column":35},"end":{"line":93,"column":5}},"line":74},"11":{"name":"(anonymous_11)","decl":{"start":{"line":96,"column":2},"end":{"line":96,"column":3}},"loc":{"start":{"line":96,"column":50},"end":{"line":102,"column":3}},"line":96},"12":{"name":"(anonymous_12)","decl":{"start":{"line":97,"column":29},"end":{"line":97,"column":30}},"loc":{"start":{"line":97,"column":41},"end":{"line":101,"column":5}},"line":97},"13":{"name":"(anonymous_13)","decl":{"start":{"line":104,"column":2},"end":{"line":104,"column":3}},"loc":{"start":{"line":104,"column":31},"end":{"line":116,"column":3}},"line":104},"14":{"name":"(anonymous_14)","decl":{"start":{"line":118,"column":2},"end":{"line":118,"column":3}},"loc":{"start":{"line":118,"column":45},"end":{"line":129,"column":3}},"line":118},"15":{"name":"(anonymous_15)","decl":{"start":{"line":131,"column":2},"end":{"line":131,"column":3}},"loc":{"start":{"line":131,"column":51},"end":{"line":140,"column":3}},"line":131},"16":{"name":"(anonymous_16)","decl":{"start":{"line":142,"column":2},"end":{"line":142,"column":3}},"loc":{"start":{"line":142,"column":73},"end":{"line":151,"column":3}},"line":142},"17":{"name":"(anonymous_17)","decl":{"start":{"line":153,"column":2},"end":{"line":153,"column":3}},"loc":{"start":{"line":153,"column":53},"end":{"line":164,"column":3}},"line":153}},"branchMap":{"0":{"loc":{"start":{"line":18,"column":11},"end":{"line":18,"column":68}},"type":"binary-expr","locations":[{"start":{"line":18,"column":11},"end":{"line":18,"column":38}},{"start":{"line":18,"column":42},"end":{"line":18,"column":68}}],"line":18},"1":{"loc":{"start":{"line":24,"column":11},"end":{"line":24,"column":81}},"type":"cond-expr","locations":[{"start":{"line":24,"column":26},"end":{"line":24,"column":32}},{"start":{"line":24,"column":35},"end":{"line":24,"column":81}}],"line":24},"2":{"loc":{"start":{"line":29,"column":24},"end":{"line":29,"column":47}},"type":"binary-expr","locations":[{"start":{"line":29,"column":24},"end":{"line":29,"column":42}},{"start":{"line":29,"column":46},"end":{"line":29,"column":47}}],"line":29},"3":{"loc":{"start":{"line":35,"column":10},"end":{"line":39,"column":65}},"type":"cond-expr","locations":[{"start":{"line":36,"column":14},"end":{"line":36,"column":16}},{"start":{"line":37,"column":14},"end":{"line":39,"column":65}}],"line":35},"4":{"loc":{"start":{"line":37,"column":14},"end":{"line":39,"column":65}},"type":"cond-expr","locations":[{"start":{"line":38,"column":16},"end":{"line":38,"column":40}},{"start":{"line":39,"column":16},"end":{"line":39,"column":65}}],"line":37},"5":{"loc":{"start":{"line":46,"column":6},"end":{"line":46,"column":111}},"type":"cond-expr","locations":[{"start":{"line":46,"column":23},"end":{"line":46,"column":42}},{"start":{"line":46,"column":45},"end":{"line":46,"column":111}}],"line":46},"6":{"loc":{"start":{"line":46,"column":45},"end":{"line":46,"column":111}},"type":"cond-expr","locations":[{"start":{"line":46,"column":62},"end":{"line":46,"column":80}},{"start":{"line":46,"column":83},"end":{"line":46,"column":111}}],"line":46},"7":{"loc":{"start":{"line":54,"column":13},"end":{"line":54,"column":132}},"type":"cond-expr","locations":[{"start":{"line":54,"column":47},"end":{"line":54,"column":74}},{"start":{"line":54,"column":77},"end":{"line":54,"column":132}}],"line":54},"8":{"loc":{"start":{"line":58,"column":11},"end":{"line":58,"column":98}},"type":"cond-expr","locations":[{"start":{"line":58,"column":38},"end":{"line":58,"column":51}},{"start":{"line":58,"column":54},"end":{"line":58,"column":98}}],"line":58},"9":{"loc":{"start":{"line":77,"column":23},"end":{"line":77,"column":96}},"type":"cond-expr","locations":[{"start":{"line":77,"column":50},"end":{"line":77,"column":54}},{"start":{"line":77,"column":57},"end":{"line":77,"column":96}}],"line":77},"10":{"loc":{"start":{"line":77,"column":23},"end":{"line":77,"column":47}},"type":"binary-expr","locations":[{"start":{"line":77,"column":23},"end":{"line":77,"column":35}},{"start":{"line":77,"column":39},"end":{"line":77,"column":47}}],"line":77},"11":{"loc":{"start":{"line":78,"column":31},"end":{"line":84,"column":23}},"type":"cond-expr","locations":[{"start":{"line":79,"column":10},"end":{"line":79,"column":18}},{"start":{"line":80,"column":10},"end":{"line":84,"column":23}}],"line":78},"12":{"loc":{"start":{"line":80,"column":10},"end":{"line":84,"column":23}},"type":"cond-expr","locations":[{"start":{"line":81,"column":12},"end":{"line":81,"column":21}},{"start":{"line":82,"column":12},"end":{"line":84,"column":23}}],"line":80},"13":{"loc":{"start":{"line":80,"column":10},"end":{"line":80,"column":46}},"type":"binary-expr","locations":[{"start":{"line":80,"column":10},"end":{"line":80,"column":27}},{"start":{"line":80,"column":31},"end":{"line":80,"column":46}}],"line":80},"14":{"loc":{"start":{"line":82,"column":12},"end":{"line":84,"column":23}},"type":"cond-expr","locations":[{"start":{"line":83,"column":14},"end":{"line":83,"column":21}},{"start":{"line":84,"column":14},"end":{"line":84,"column":23}}],"line":82},"15":{"loc":{"start":{"line":88,"column":59},"end":{"line":88,"column":105}},"type":"cond-expr","locations":[{"start":{"line":88,"column":74},"end":{"line":88,"column":82}},{"start":{"line":88,"column":85},"end":{"line":88,"column":105}}],"line":88},"16":{"loc":{"start":{"line":89,"column":49},"end":{"line":89,"column":94}},"type":"cond-expr","locations":[{"start":{"line":89,"column":68},"end":{"line":89,"column":76}},{"start":{"line":89,"column":79},"end":{"line":89,"column":94}}],"line":89},"17":{"loc":{"start":{"line":100,"column":12},"end":{"line":100,"column":92}},"type":"cond-expr","locations":[{"start":{"line":100,"column":36},"end":{"line":100,"column":45}},{"start":{"line":100,"column":48},"end":{"line":100,"column":92}}],"line":100},"18":{"loc":{"start":{"line":100,"column":48},"end":{"line":100,"column":92}},"type":"cond-expr","locations":[{"start":{"line":100,"column":72},"end":{"line":100,"column":81}},{"start":{"line":100,"column":84},"end":{"line":100,"column":92}}],"line":100},"19":{"loc":{"start":{"line":105,"column":4},"end":{"line":107,"column":5}},"type":"if","locations":[{"start":{"line":105,"column":4},"end":{"line":107,"column":5}},{"start":{},"end":{}}],"line":105},"20":{"loc":{"start":{"line":111,"column":11},"end":{"line":111,"column":51}},"type":"binary-expr","locations":[{"start":{"line":111,"column":11},"end":{"line":111,"column":24}},{"start":{"line":111,"column":28},"end":{"line":111,"column":51}}],"line":111},"21":{"loc":{"start":{"line":120,"column":4},"end":{"line":122,"column":5}},"type":"if","locations":[{"start":{"line":120,"column":4},"end":{"line":122,"column":5}},{"start":{},"end":{}}],"line":120},"22":{"loc":{"start":{"line":124,"column":4},"end":{"line":126,"column":5}},"type":"if","locations":[{"start":{"line":124,"column":4},"end":{"line":126,"column":5}},{"start":{},"end":{}}],"line":124},"23":{"loc":{"start":{"line":128,"column":11},"end":{"line":128,"column":76}},"type":"cond-expr","locations":[{"start":{"line":128,"column":24},"end":{"line":128,"column":40}},{"start":{"line":128,"column":43},"end":{"line":128,"column":76}}],"line":128},"24":{"loc":{"start":{"line":132,"column":4},"end":{"line":134,"column":5}},"type":"if","locations":[{"start":{"line":132,"column":4},"end":{"line":134,"column":5}},{"start":{},"end":{}}],"line":132},"25":{"loc":{"start":{"line":136,"column":4},"end":{"line":138,"column":5}},"type":"if","locations":[{"start":{"line":136,"column":4},"end":{"line":138,"column":5}},{"start":{},"end":{}}],"line":136},"26":{"loc":{"start":{"line":139,"column":11},"end":{"line":139,"column":90}},"type":"cond-expr","locations":[{"start":{"line":139,"column":26},"end":{"line":139,"column":49}},{"start":{"line":139,"column":52},"end":{"line":139,"column":90}}],"line":139},"27":{"loc":{"start":{"line":143,"column":4},"end":{"line":145,"column":5}},"type":"if","locations":[{"start":{"line":143,"column":4},"end":{"line":145,"column":5}},{"start":{},"end":{}}],"line":143},"28":{"loc":{"start":{"line":147,"column":4},"end":{"line":149,"column":5}},"type":"if","locations":[{"start":{"line":147,"column":4},"end":{"line":149,"column":5}},{"start":{},"end":{}}],"line":147},"29":{"loc":{"start":{"line":150,"column":11},"end":{"line":150,"column":74}},"type":"cond-expr","locations":[{"start":{"line":150,"column":57},"end":{"line":150,"column":65}},{"start":{"line":150,"column":68},"end":{"line":150,"column":74}}],"line":150},"30":{"loc":{"start":{"line":150,"column":11},"end":{"line":150,"column":54}},"type":"binary-expr","locations":[{"start":{"line":150,"column":11},"end":{"line":150,"column":29}},{"start":{"line":150,"column":33},"end":{"line":150,"column":54}}],"line":150},"31":{"loc":{"start":{"line":154,"column":4},"end":{"line":156,"column":5}},"type":"if","locations":[{"start":{"line":154,"column":4},"end":{"line":156,"column":5}},{"start":{},"end":{}}],"line":154},"32":{"loc":{"start":{"line":157,"column":4},"end":{"line":159,"column":5}},"type":"if","locations":[{"start":{"line":157,"column":4},"end":{"line":159,"column":5}},{"start":{},"end":{}}],"line":157},"33":{"loc":{"start":{"line":160,"column":4},"end":{"line":162,"column":5}},"type":"if","locations":[{"start":{"line":160,"column":4},"end":{"line":162,"column":5}},{"start":{},"end":{}}],"line":160},"34":{"loc":{"start":{"line":161,"column":13},"end":{"line":161,"column":116}},"type":"cond-expr","locations":[{"start":{"line":161,"column":96},"end":{"line":161,"column":105}},{"start":{"line":161,"column":108},"end":{"line":161,"column":116}}],"line":161},"35":{"loc":{"start":{"line":161,"column":13},"end":{"line":161,"column":93}},"type":"binary-expr","locations":[{"start":{"line":161,"column":13},"end":{"line":161,"column":34}},{"start":{"line":161,"column":38},"end":{"line":161,"column":93}}],"line":161}},"s":{"0":8,"1":5,"2":5,"3":3,"4":5,"5":5,"6":3,"7":5,"8":3,"9":3,"10":1,"11":5,"12":1,"13":6,"14":1,"15":5,"16":5,"17":5,"18":5,"19":5,"20":1,"21":3,"22":8,"23":5,"24":3,"25":3,"26":3,"27":3,"28":3,"29":3,"30":3,"31":7,"32":7,"33":2,"34":5,"35":5,"36":1,"37":4,"38":4,"39":4,"40":1,"41":3,"42":3,"43":1,"44":2,"45":5,"46":2,"47":3,"48":3,"49":1,"50":2,"51":6,"52":1,"53":5,"54":1,"55":4,"56":3,"57":1},"f":{"0":8,"1":5,"2":3,"3":5,"4":5,"5":1,"6":5,"7":1,"8":6,"9":1,"10":5,"11":1,"12":3,"13":8,"14":7,"15":4,"16":5,"17":6},"b":{"0":[8,6],"1":[1,4],"2":[5,3],"3":[3,2],"4":[1,1],"5":[1,2],"6":[1,1],"7":[4,1],"8":[1,4],"9":[2,3],"10":[5,4],"11":[1,4],"12":[1,3],"13":[4,2],"14":[1,2],"15":[1,4],"16":[1,4],"17":[1,2],"18":[1,1],"19":[5,3],"20":[6,4],"21":[2,5],"22":[1,4],"23":[1,3],"24":[1,3],"25":[1,2],"26":[1,1],"27":[2,3],"28":[1,2],"29":[1,1],"30":[2,1],"31":[1,5],"32":[1,4],"33":[3,1],"34":[2,1],"35":[3,2]},"_coverageSchema":"1a1c01bbd47fc00a2c39e90264f33305004495a9","hash":"443cf056643fc11f8f676e12cc8920d8727fcc5b"}
,"/Users/adam/git/vibey-storm/lane-h/clients/app/src/core/screens.ts": {"path":"/Users/adam/git/vibey-storm/lane-h/clients/app/src/core/screens.ts","statementMap":{"0":{"start":{"line":6,"column":55},"end":{"line":18,"column":3}},"1":{"start":{"line":20,"column":40},"end":{"line":58,"column":3}},"2":{"start":{"line":60,"column":41},"end":{"line":60,"column":80}},"3":{"start":{"line":60,"column":69},"end":{"line":60,"column":79}},"4":{"start":{"line":63,"column":20},"end":{"line":63,"column":74}},"5":{"start":{"line":63,"column":57},"end":{"line":63,"column":72}},"6":{"start":{"line":64,"column":4},"end":{"line":64,"column":71}},"7":{"start":{"line":64,"column":48},"end":{"line":64,"column":69}}},"fnMap":{"0":{"name":"(anonymous_0)","decl":{"start":{"line":60,"column":57},"end":{"line":60,"column":58}},"loc":{"start":{"line":60,"column":69},"end":{"line":60,"column":79}},"line":60},"1":{"name":"(anonymous_1)","decl":{"start":{"line":62,"column":2},"end":{"line":62,"column":3}},"loc":{"start":{"line":62,"column":38},"end":{"line":65,"column":3}},"line":62},"2":{"name":"(anonymous_2)","decl":{"start":{"line":63,"column":45},"end":{"line":63,"column":46}},"loc":{"start":{"line":63,"column":57},"end":{"line":63,"column":72}},"line":63},"3":{"name":"(anonymous_3)","decl":{"start":{"line":64,"column":35},"end":{"line":64,"column":36}},"loc":{"start":{"line":64,"column":48},"end":{"line":64,"column":69}},"line":64}},"branchMap":{},"s":{"0":1,"1":2,"2":2,"3":18,"4":2,"5":9,"6":2,"7":22},"f":{"0":18,"1":2,"2":9,"3":22},"b":{},"_coverageSchema":"1a1c01bbd47fc00a2c39e90264f33305004495a9","hash":"7ef2fe0a627622a5542240effeab3031a95b5403"}
,"/Users/adam/git/vibey-storm/lane-h/clients/app/src/core/settings.ts": {"path":"/Users/adam/git/vibey-storm/lane-h/clients/app/src/core/settings.ts","statementMap":{"0":{"start":{"line":13,"column":58},"end":{"line":20,"column":3}},"1":{"start":{"line":23,"column":72},"end":{"line":30,"column":3}},"2":{"start":{"line":32,"column":39},"end":{"line":44,"column":3}},"3":{"start":{"line":47,"column":4},"end":{"line":58,"column":5}},"4":{"start":{"line":49,"column":8},"end":{"line":49,"column":52}},"5":{"start":{"line":51,"column":8},"end":{"line":51,"column":50}},"6":{"start":{"line":53,"column":8},"end":{"line":53,"column":75}},"7":{"start":{"line":55,"column":8},"end":{"line":55,"column":104}},"8":{"start":{"line":57,"column":8},"end":{"line":57,"column":29}},"9":{"start":{"line":63,"column":4},"end":{"line":67,"column":5}},"10":{"start":{"line":64,"column":6},"end":{"line":64,"column":53}},"11":{"start":{"line":66,"column":6},"end":{"line":66,"column":18}},"12":{"start":{"line":68,"column":19},"end":{"line":68,"column":107}},"13":{"start":{"line":69,"column":26},"end":{"line":71,"column":10}},"14":{"start":{"line":72,"column":4},"end":{"line":82,"column":6}},"15":{"start":{"line":77,"column":45},"end":{"line":80,"column":9}},"16":{"start":{"line":86,"column":4},"end":{"line":86,"column":36}},"17":{"start":{"line":90,"column":4},"end":{"line":90,"column":74}}},"fnMap":{"0":{"name":"(anonymous_0)","decl":{"start":{"line":46,"column":2},"end":{"line":46,"column":3}},"loc":{"start":{"line":46,"column":76},"end":{"line":59,"column":3}},"line":46},"1":{"name":"(anonymous_1)","decl":{"start":{"line":61,"column":2},"end":{"line":61,"column":3}},"loc":{"start":{"line":61,"column":45},"end":{"line":83,"column":3}},"line":61},"2":{"name":"(anonymous_2)","decl":{"start":{"line":77,"column":34},"end":{"line":77,"column":35}},"loc":{"start":{"line":77,"column":45},"end":{"line":80,"column":9}},"line":77},"3":{"name":"(anonymous_3)","decl":{"start":{"line":85,"column":2},"end":{"line":85,"column":3}},"loc":{"start":{"line":85,"column":42},"end":{"line":87,"column":3}},"line":85},"4":{"name":"(anonymous_4)","decl":{"start":{"line":89,"column":2},"end":{"line":89,"column":3}},"loc":{"start":{"line":89,"column":47},"end":{"line":91,"column":3}},"line":89}},"branchMap":{"0":{"loc":{"start":{"line":47,"column":4},"end":{"line":58,"column":5}},"type":"switch","locations":[{"start":{"line":48,"column":6},"end":{"line":49,"column":52}},{"start":{"line":50,"column":6},"end":{"line":51,"column":50}},{"start":{"line":52,"column":6},"end":{"line":53,"column":75}},{"start":{"line":54,"column":6},"end":{"line":55,"column":104}},{"start":{"line":56,"column":6},"end":{"line":57,"column":29}}],"line":47},"1":{"loc":{"start":{"line":64,"column":15},"end":{"line":64,"column":52}},"type":"cond-expr","locations":[{"start":{"line":64,"column":31},"end":{"line":64,"column":33}},{"start":{"line":64,"column":36},"end":{"line":64,"column":52}}],"line":64},"2":{"loc":{"start":{"line":68,"column":19},"end":{"line":68,"column":107}},"type":"cond-expr","locations":[{"start":{"line":68,"column":68},"end":{"line":68,"column":101}},{"start":{"line":68,"column":105},"end":{"line":68,"column":107}}],"line":68},"3":{"loc":{"start":{"line":68,"column":19},"end":{"line":68,"column":64}},"type":"binary-expr","locations":[{"start":{"line":68,"column":19},"end":{"line":68,"column":45}},{"start":{"line":68,"column":49},"end":{"line":68,"column":64}}],"line":68},"4":{"loc":{"start":{"line":69,"column":26},"end":{"line":71,"column":10}},"type":"cond-expr","locations":[{"start":{"line":70,"column":9},"end":{"line":70,"column":56}},{"start":{"line":71,"column":8},"end":{"line":71,"column":10}}],"line":69},"5":{"loc":{"start":{"line":69,"column":26},"end":{"line":69,"column":99}},"type":"binary-expr","locations":[{"start":{"line":69,"column":26},"end":{"line":69,"column":66}},{"start":{"line":69,"column":70},"end":{"line":69,"column":99}}],"line":69},"6":{"loc":{"start":{"line":73,"column":13},"end":{"line":73,"column":123}},"type":"cond-expr","locations":[{"start":{"line":73,"column":75},"end":{"line":73,"column":100}},{"start":{"line":73,"column":104},"end":{"line":73,"column":123}}],"line":73},"7":{"loc":{"start":{"line":74,"column":14},"end":{"line":74,"column":87}},"type":"cond-expr","locations":[{"start":{"line":74,"column":51},"end":{"line":74,"column":64}},{"start":{"line":74,"column":67},"end":{"line":74,"column":87}}],"line":74},"8":{"loc":{"start":{"line":75,"column":14},"end":{"line":75,"column":107}},"type":"cond-expr","locations":[{"start":{"line":75,"column":50},"end":{"line":75,"column":84}},{"start":{"line":75,"column":87},"end":{"line":75,"column":107}}],"line":75},"9":{"loc":{"start":{"line":79,"column":10},"end":{"line":79,"column":111}},"type":"cond-expr","locations":[{"start":{"line":79,"column":54},"end":{"line":79,"column":74}},{"start":{"line":79,"column":77},"end":{"line":79,"column":111}}],"line":79},"10":{"loc":{"start":{"line":90,"column":11},"end":{"line":90,"column":73}},"type":"cond-expr","locations":[{"start":{"line":90,"column":37},"end":{"line":90,"column":69}},{"start":{"line":90,"column":72},"end":{"line":90,"column":73}}],"line":90}},"s":{"0":1,"1":1,"2":1,"3":8,"4":2,"5":1,"6":3,"7":1,"8":1,"9":5,"10":5,"11":1,"12":5,"13":5,"14":5,"15":30,"16":1,"17":5},"f":{"0":8,"1":5,"2":30,"3":1,"4":5},"b":{"0":[2,1,3,1,1],"1":[1,4],"2":[4,1],"3":[5,4],"4":[2,3],"5":[5,2],"6":[1,4],"7":[1,4],"8":[2,3],"9":[7,23],"10":[4,1]},"_coverageSchema":"1a1c01bbd47fc00a2c39e90264f33305004495a9","hash":"ec5e20877cd681900f8946e9a9f6719f31e8ac06"}
}
