TN:
SF:src/core/device-policy.ts
FN:28,(anonymous_0)
FN:37,(anonymous_1)
FN:38,(anonymous_2)
FNF:3
FNH:3
FNDA:10,(anonymous_0)
FNDA:2,(anonymous_1)
FNDA:12,(anonymous_2)
DA:18,2
DA:29,10
DA:30,10
DA:31,7
DA:34,3
DA:38,2
DA:39,12
DA:40,10
DA:42,2
LF:9
LH:9
BRDA:30,0,0,7
BRDA:30,0,1,3
BRDA:39,1,0,10
BRDA:39,1,1,2
BRDA:42,2,0,1
BRDA:42,2,1,1
BRF:6
BRH:6
end_of_record
TN:
SF:src/core/hub-client.ts
FN:36,(anonymous_0)
FN:66,(anonymous_1)
FN:69,(anonymous_2)
FN:73,(anonymous_3)
FN:81,(anonymous_4)
FN:86,(anonymous_5)
FN:92,(anonymous_6)
FN:95,(anonymous_7)
FN:100,(anonymous_8)
FN:106,(anonymous_9)
FN:109,(anonymous_10)
FN:113,(anonymous_11)
FN:118,(anonymous_12)
FN:134,(anonymous_13)
FN:138,(anonymous_14)
FN:142,(anonymous_15)
FN:147,(anonymous_16)
FN:154,(anonymous_17)
FN:165,(anonymous_18)
FN:169,(anonymous_19)
FN:172,(anonymous_20)
FN:180,(anonymous_21)
FN:184,(anonymous_22)
FN:188,(anonymous_23)
FN:194,(anonymous_24)
FN:198,(anonymous_25)
FN:199,(anonymous_26)
FN:210,(anonymous_27)
FN:218,(anonymous_28)
FN:220,(anonymous_29)
FN:229,(anonymous_30)
FN:233,(anonymous_31)
FN:234,(anonymous_32)
FN:248,(anonymous_33)
FN:276,(anonymous_34)
FN:299,(anonymous_35)
FN:303,(anonymous_36)
FN:308,(anonymous_37)
FN:317,(anonymous_38)
FN:321,(anonymous_39)
FN:330,(anonymous_40)
FN:334,(anonymous_41)
FN:356,(anonymous_42)
FN:363,(anonymous_43)
FNF:44
FNH:44
FNDA:26,(anonymous_0)
FNDA:26,(anonymous_1)
FNDA:1,(anonymous_2)
FNDA:4,(anonymous_3)
FNDA:2,(anonymous_4)
FNDA:4,(anonymous_5)
FNDA:14,(anonymous_6)
FNDA:5,(anonymous_7)
FNDA:3,(anonymous_8)
FNDA:3,(anonymous_9)
FNDA:2,(anonymous_10)
FNDA:3,(anonymous_11)
FNDA:4,(anonymous_12)
FNDA:2,(anonymous_13)
FNDA:2,(anonymous_14)
FNDA:2,(anonymous_15)
FNDA:3,(anonymous_16)
FNDA:2,(anonymous_17)
FNDA:1,(anonymous_18)
FNDA:1,(anonymous_19)
FNDA:2,(anonymous_20)
FNDA:1,(anonymous_21)
FNDA:1,(anonymous_22)
FNDA:1,(anonymous_23)
FNDA:2,(anonymous_24)
FNDA:3,(anonymous_25)
FNDA:2,(anonymous_26)
FNDA:3,(anonymous_27)
FNDA:3,(anonymous_28)
FNDA:2,(anonymous_29)
FNDA:2,(anonymous_30)
FNDA:3,(anonymous_31)
FNDA:2,(anonymous_32)
FNDA:9,(anonymous_33)
FNDA:2,(anonymous_34)
FNDA:2,(anonymous_35)
FNDA:3,(anonymous_36)
FNDA:6,(anonymous_37)
FNDA:30,(anonymous_38)
FNDA:4,(anonymous_39)
FNDA:34,(anonymous_40)
FNDA:34,(anonymous_41)
FNDA:12,(anonymous_42)
FNDA:47,(anonymous_43)
DA:41,26
DA:42,26
DA:48,1
DA:49,1
DA:50,26
DA:53,1
DA:64,26
DA:69,1
DA:74,4
DA:75,4
DA:76,2
DA:78,2
DA:82,2
DA:83,2
DA:87,4
DA:88,4
DA:89,4
DA:93,14
DA:94,3
DA:96,5
DA:101,3
DA:102,3
DA:103,3
DA:104,3
DA:107,3
DA:109,2
DA:113,3
DA:119,4
DA:120,1
DA:122,3
DA:123,3
DA:124,1
DA:126,2
DA:127,2
DA:134,2
DA:138,2
DA:142,2
DA:148,3
DA:149,3
DA:150,3
DA:151,3
DA:155,2
DA:156,1
DA:158,1
DA:162,1
DA:166,1
DA:170,1
DA:171,1
DA:173,2
DA:174,2
DA:177,1
DA:181,1
DA:185,1
DA:189,1
DA:195,2
DA:196,2
DA:197,2
DA:198,3
DA:199,2
DA:211,3
DA:212,3
DA:213,1
DA:215,2
DA:218,3
DA:220,2
DA:230,2
DA:231,2
DA:232,2
DA:233,3
DA:234,2
DA:249,9
DA:251,1
DA:253,2
DA:255,2
DA:256,1
DA:258,1
DA:261,3
DA:262,3
DA:264,1
DA:266,2
DA:267,1
DA:269,1
DA:272,1
DA:277,2
DA:278,2
DA:279,2
DA:280,2
DA:300,2
DA:304,3
DA:305,3
DA:309,6
DA:310,6
DA:311,4
DA:313,2
DA:318,30
DA:322,4
DA:323,4
DA:331,34
DA:336,34
DA:337,34
DA:339,1
DA:341,33
DA:342,33
DA:343,9
DA:344,9
DA:345,8
DA:347,1
DA:349,24
DA:350,24
DA:352,1
DA:357,12
DA:358,4
DA:360,8
DA:364,47
LF:114
LH:114
BRDA:69,0,0,1
BRDA:75,1,0,2
BRDA:75,1,1,2
BRDA:83,2,0,1
BRDA:83,2,1,1
BRDA:88,3,0,2
BRDA:88,3,1,2
BRDA:96,4,0,5
BRDA:96,4,1,4
BRDA:96,4,2,3
BRDA:101,5,0,2
BRDA:101,5,1,1
BRDA:103,6,0,2
BRDA:103,6,1,1
BRDA:107,7,0,3
BRDA:107,7,1,3
BRDA:107,7,2,3
BRDA:111,8,0,1
BRDA:111,8,1,1
BRDA:112,9,0,1
BRDA:112,9,1,1
BRDA:119,10,0,1
BRDA:119,10,1,3
BRDA:123,11,0,1
BRDA:123,11,1,2
BRDA:123,12,0,3
BRDA:123,12,1,3
BRDA:123,12,2,2
BRDA:126,13,0,1
BRDA:126,13,1,1
BRDA:129,14,0,1
BRDA:129,14,1,1
BRDA:131,15,0,1
BRDA:131,15,1,1
BRDA:132,16,0,1
BRDA:132,16,1,1
BRDA:136,17,0,1
BRDA:136,17,1,1
BRDA:138,18,0,2
BRDA:138,18,1,2
BRDA:141,19,0,1
BRDA:141,19,1,1
BRDA:150,20,0,3
BRDA:150,20,1,3
BRDA:151,21,0,1
BRDA:151,21,1,2
BRDA:155,22,0,1
BRDA:155,22,1,1
BRDA:196,23,0,1
BRDA:196,23,1,1
BRDA:198,24,0,3
BRDA:198,24,1,3
BRDA:201,25,0,1
BRDA:201,25,1,1
BRDA:202,26,0,1
BRDA:202,26,1,1
BRDA:203,27,0,1
BRDA:203,27,1,1
BRDA:204,28,0,1
BRDA:204,28,1,1
BRDA:205,29,0,1
BRDA:205,29,1,1
BRDA:206,30,0,1
BRDA:206,30,1,1
BRDA:212,31,0,1
BRDA:212,31,1,2
BRDA:216,32,0,1
BRDA:216,32,1,1
BRDA:218,33,0,3
BRDA:218,33,1,2
BRDA:222,34,0,1
BRDA:222,34,1,1
BRDA:223,35,0,1
BRDA:223,35,1,1
BRDA:231,36,0,1
BRDA:231,36,1,1
BRDA:233,37,0,3
BRDA:233,37,1,3
BRDA:236,38,0,1
BRDA:236,38,1,1
BRDA:237,39,0,1
BRDA:237,39,1,1
BRDA:238,40,0,1
BRDA:238,40,1,1
BRDA:239,41,0,1
BRDA:239,41,1,1
BRDA:249,42,0,1
BRDA:249,42,1,2
BRDA:249,42,2,2
BRDA:249,42,3,3
BRDA:249,42,4,1
BRDA:255,43,0,1
BRDA:255,43,1,1
BRDA:266,44,0,1
BRDA:266,44,1,1
BRDA:277,45,0,1
BRDA:277,45,1,1
BRDA:278,46,0,1
BRDA:278,46,1,1
BRDA:279,47,0,1
BRDA:279,47,1,1
BRDA:282,48,0,1
BRDA:282,48,1,1
BRDA:283,49,0,1
BRDA:283,49,1,1
BRDA:285,50,0,1
BRDA:285,50,1,1
BRDA:286,51,0,1
BRDA:286,51,1,1
BRDA:289,52,0,1
BRDA:289,52,1,1
BRDA:290,53,0,1
BRDA:290,53,1,1
BRDA:293,54,0,1
BRDA:293,54,1,1
BRDA:342,55,0,9
BRDA:342,55,1,24
BRDA:344,56,0,8
BRDA:344,56,1,1
BRDA:357,57,0,4
BRDA:357,57,1,8
BRDA:364,58,0,47
BRDA:364,58,1,41
BRDA:364,58,2,40
BRF:124
BRH:124
end_of_record
TN:
SF:src/core/identity.ts
FN:12,(anonymous_0)
FN:16,(anonymous_1)
FNF:2
FNH:2
FNDA:7,(anonymous_0)
FNDA:6,(anonymous_1)
DA:7,2
DA:10,1
DA:13,7
DA:17,6
LF:4
LH:4
BRDA:13,0,0,2
BRDA:13,0,1,5
BRF:2
BRH:2
end_of_record
TN:
SF:src/core/pairing.ts
FN:16,(anonymous_0)
FN:59,(anonymous_1)
FN:64,(anonymous_2)
FN:76,(anonymous_3)
FNF:4
FNH:4
FNDA:16,(anonymous_0)
FNDA:15,(anonymous_1)
FNDA:3,(anonymous_2)
FNDA:1,(anonymous_3)
DA:11,1
DA:12,1
DA:13,1
DA:14,1
DA:18,16
DA:19,16
DA:21,1
DA:23,15
DA:24,15
DA:25,2
DA:27,13
DA:28,13
DA:29,13
DA:30,13
DA:31,13
DA:32,13
DA:33,2
DA:35,11
DA:36,2
DA:38,9
DA:39,2
DA:41,7
DA:42,7
DA:43,1
DA:45,6
DA:46,1
DA:48,5
DA:56,5
DA:60,15
DA:61,15
DA:65,3
DA:66,3
DA:73,1
DA:77,1
LF:34
LH:34
BRDA:24,0,0,2
BRDA:24,0,1,13
BRDA:24,1,0,15
BRDA:24,1,1,14
BRDA:28,2,0,13
BRDA:28,2,1,1
BRDA:29,3,0,13
BRDA:29,3,1,1
BRDA:30,4,0,13
BRDA:30,4,1,1
BRDA:32,5,0,2
BRDA:32,5,1,11
BRDA:32,6,0,13
BRDA:32,6,1,12
BRDA:35,7,0,2
BRDA:35,7,1,9
BRDA:35,8,0,11
BRDA:35,8,1,11
BRDA:35,8,2,10
BRDA:38,9,0,2
BRDA:38,9,1,7
BRDA:42,10,0,1
BRDA:42,10,1,6
BRDA:42,11,0,7
BRDA:42,11,1,3
BRDA:45,12,0,1
BRDA:45,12,1,5
BRDA:45,13,0,6
BRDA:45,13,1,4
BRDA:51,14,0,2
BRDA:51,14,1,3
BRDA:51,15,0,5
BRDA:51,15,1,3
BRDA:52,16,0,2
BRDA:52,16,1,3
BRDA:61,17,0,12
BRDA:61,17,1,3
BRDA:65,18,0,1
BRDA:65,18,1,2
BRDA:65,19,0,3
BRDA:65,19,1,2
BRF:41
BRH:41
end_of_record
TN:
SF:src/core/presenters.ts
FN:17,(anonymous_0)
FN:22,(anonymous_1)
FN:27,(anonymous_2)
FN:28,(anonymous_3)
FN:44,(anonymous_4)
FN:50,(anonymous_5)
FN:51,(anonymous_6)
FN:62,(anonymous_7)
FN:63,(anonymous_8)
FN:73,(anonymous_9)
FN:74,(anonymous_10)
FN:96,(anonymous_11)
FN:97,(anonymous_12)
FN:104,(anonymous_13)
FN:118,(anonymous_14)
FN:131,(anonymous_15)
FN:142,(anonymous_16)
FN:153,(anonymous_17)
FNF:18
FNH:18
FNDA:8,(anonymous_0)
FNDA:5,(anonymous_1)
FNDA:3,(anonymous_2)
FNDA:5,(anonymous_3)
FNDA:5,(anonymous_4)
FNDA:1,(anonymous_5)
FNDA:5,(anonymous_6)
FNDA:1,(anonymous_7)
FNDA:6,(anonymous_8)
FNDA:1,(anonymous_9)
FNDA:5,(anonymous_10)
FNDA:1,(anonymous_11)
FNDA:3,(anonymous_12)
FNDA:8,(anonymous_13)
FNDA:7,(anonymous_14)
FNDA:4,(anonymous_15)
FNDA:5,(anonymous_16)
FNDA:6,(anonymous_17)
DA:18,8
DA:23,5
DA:24,5
DA:28,3
DA:29,5
DA:30,5
DA:44,5
DA:46,3
DA:47,3
DA:51,5
DA:63,6
DA:74,1
DA:75,5
DA:76,5
DA:77,5
DA:78,5
DA:85,5
DA:97,3
DA:105,8
DA:106,5
DA:108,3
DA:109,3
DA:110,3
DA:111,3
DA:112,3
DA:113,3
DA:115,3
DA:119,7
DA:120,7
DA:121,2
DA:123,5
DA:124,5
DA:125,1
DA:127,4
DA:128,4
DA:132,4
DA:133,1
DA:135,3
DA:136,3
DA:137,1
DA:139,2
DA:143,5
DA:144,2
DA:146,3
DA:147,3
DA:148,1
DA:150,2
DA:154,6
DA:155,1
DA:157,5
DA:158,1
DA:160,4
DA:161,3
DA:163,1
LF:54
LH:54
BRDA:18,0,0,8
BRDA:18,0,1,6
BRDA:24,1,0,1
BRDA:24,1,1,4
BRDA:29,2,0,5
BRDA:29,2,1,3
BRDA:35,3,0,3
BRDA:35,3,1,2
BRDA:37,4,0,1
BRDA:37,4,1,1
BRDA:46,5,0,1
BRDA:46,5,1,2
BRDA:46,6,0,1
BRDA:46,6,1,1
BRDA:54,7,0,4
BRDA:54,7,1,1
BRDA:58,8,0,1
BRDA:58,8,1,4
BRDA:77,9,0,2
BRDA:77,9,1,3
BRDA:77,10,0,5
BRDA:77,10,1,4
BRDA:78,11,0,1
BRDA:78,11,1,4
BRDA:80,12,0,1
BRDA:80,12,1,3
BRDA:80,13,0,4
BRDA:80,13,1,2
BRDA:82,14,0,1
BRDA:82,14,1,2
BRDA:88,15,0,1
BRDA:88,15,1,4
BRDA:89,16,0,1
BRDA:89,16,1,4
BRDA:100,17,0,1
BRDA:100,17,1,2
BRDA:100,18,0,1
BRDA:100,18,1,1
BRDA:105,19,0,5
BRDA:105,19,1,3
BRDA:111,20,0,6
BRDA:111,20,1,4
BRDA:120,21,0,2
BRDA:120,21,1,5
BRDA:124,22,0,1
BRDA:124,22,1,4
BRDA:128,23,0,1
BRDA:128,23,1,3
BRDA:132,24,0,1
BRDA:132,24,1,3
BRDA:136,25,0,1
BRDA:136,25,1,2
BRDA:139,26,0,1
BRDA:139,26,1,1
BRDA:143,27,0,2
BRDA:143,27,1,3
BRDA:147,28,0,1
BRDA:147,28,1,2
BRDA:150,29,0,1
BRDA:150,29,1,1
BRDA:150,30,0,2
BRDA:150,30,1,1
BRDA:154,31,0,1
BRDA:154,31,1,5
BRDA:157,32,0,1
BRDA:157,32,1,4
BRDA:160,33,0,3
BRDA:160,33,1,1
BRDA:161,34,0,2
BRDA:161,34,1,1
BRDA:161,35,0,3
BRDA:161,35,1,2
BRF:72
BRH:72
end_of_record
TN:
SF:src/core/screens.ts
FN:60,(anonymous_0)
FN:62,(anonymous_1)
FN:63,(anonymous_2)
FN:64,(anonymous_3)
FNF:4
FNH:4
FNDA:18,(anonymous_0)
FNDA:2,(anonymous_1)
FNDA:9,(anonymous_2)
FNDA:22,(anonymous_3)
DA:6,1
DA:20,2
DA:60,18
DA:63,9
DA:64,22
LF:5
LH:5
BRF:0
BRH:0
end_of_record
TN:
SF:src/core/settings.ts
FN:46,(anonymous_0)
FN:61,(anonymous_1)
FN:77,(anonymous_2)
FN:85,(anonymous_3)
FN:89,(anonymous_4)
FNF:5
FNH:5
FNDA:8,(anonymous_0)
FNDA:5,(anonymous_1)
FNDA:30,(anonymous_2)
FNDA:1,(anonymous_3)
FNDA:5,(anonymous_4)
DA:13,1
DA:23,1
DA:32,1
DA:47,8
DA:49,2
DA:51,1
DA:53,3
DA:55,1
DA:57,1
DA:63,5
DA:64,5
DA:66,1
DA:68,5
DA:69,5
DA:72,5
DA:77,30
DA:86,1
DA:90,5
LF:18
LH:18
BRDA:47,0,0,2
BRDA:47,0,1,1
BRDA:47,0,2,3
BRDA:47,0,3,1
BRDA:47,0,4,1
BRDA:64,1,0,1
BRDA:64,1,1,4
BRDA:68,2,0,4
BRDA:68,2,1,1
BRDA:68,3,0,5
BRDA:68,3,1,4
BRDA:69,4,0,2
BRDA:69,4,1,3
BRDA:69,5,0,5
BRDA:69,5,1,2
BRDA:73,6,0,1
BRDA:73,6,1,4
BRDA:74,7,0,1
BRDA:74,7,1,4
BRDA:75,8,0,2
BRDA:75,8,1,3
BRDA:79,9,0,7
BRDA:79,9,1,23
BRDA:90,10,0,4
BRDA:90,10,1,1
BRF:25
BRH:25
end_of_record
