TN:
SF:src/core/device-policy.ts
FN:28,(anonymous_0)
FN:37,(anonymous_1)
FN:38,(anonymous_2)
FNF:3
FNH:3
FNDA:13,(anonymous_0)
FNDA:4,(anonymous_1)
FNDA:24,(anonymous_2)
DA:18,3
DA:29,13
DA:30,13
DA:31,9
DA:34,4
DA:38,4
DA:39,24
DA:40,20
DA:42,4
LF:9
LH:9
BRDA:30,0,0,9
BRDA:30,0,1,4
BRDA:39,1,0,20
BRDA:39,1,1,4
BRDA:42,2,0,1
BRDA:42,2,1,3
BRF:6
BRH:6
end_of_record
TN:
SF:src/core/hub-client.ts
FN:36,(anonymous_0)
FN:67,(anonymous_1)
FN:70,(anonymous_2)
FN:74,(anonymous_3)
FN:82,(anonymous_4)
FN:87,(anonymous_5)
FN:93,(anonymous_6)
FN:96,(anonymous_7)
FN:101,(anonymous_8)
FN:107,(anonymous_9)
FN:110,(anonymous_10)
FN:114,(anonymous_11)
FN:119,(anonymous_12)
FN:135,(anonymous_13)
FN:139,(anonymous_14)
FN:143,(anonymous_15)
FN:148,(anonymous_16)
FN:160,(anonymous_17)
FN:171,(anonymous_18)
FN:175,(anonymous_19)
FN:178,(anonymous_20)
FN:186,(anonymous_21)
FN:190,(anonymous_22)
FN:194,(anonymous_23)
FN:200,(anonymous_24)
FN:204,(anonymous_25)
FN:205,(anonymous_26)
FN:216,(anonymous_27)
FN:224,(anonymous_28)
FN:226,(anonymous_29)
FN:235,(anonymous_30)
FN:239,(anonymous_31)
FN:240,(anonymous_32)
FN:254,(anonymous_33)
FN:282,(anonymous_34)
FN:305,(anonymous_35)
FN:309,(anonymous_36)
FN:314,(anonymous_37)
FN:323,(anonymous_38)
FN:327,(anonymous_39)
FN:336,(anonymous_40)
FN:340,(anonymous_41)
FN:362,(anonymous_42)
FN:369,(anonymous_43)
FNF:44
FNH:44
FNDA:26,(anonymous_0)
FNDA:36,(anonymous_1)
FNDA:2,(anonymous_2)
FNDA:5,(anonymous_3)
FNDA:2,(anonymous_4)
FNDA:4,(anonymous_5)
FNDA:18,(anonymous_6)
FNDA:7,(anonymous_7)
FNDA:5,(anonymous_8)
FNDA:7,(anonymous_9)
FNDA:6,(anonymous_10)
FNDA:7,(anonymous_11)
FNDA:4,(anonymous_12)
FNDA:2,(anonymous_13)
FNDA:2,(anonymous_14)
FNDA:2,(anonymous_15)
FNDA:7,(anonymous_16)
FNDA:2,(anonymous_17)
FNDA:2,(anonymous_18)
FNDA:3,(anonymous_19)
FNDA:3,(anonymous_20)
FNDA:1,(anonymous_21)
FNDA:1,(anonymous_22)
FNDA:1,(anonymous_23)
FNDA:3,(anonymous_24)
FNDA:4,(anonymous_25)
FNDA:3,(anonymous_26)
FNDA:4,(anonymous_27)
FNDA:4,(anonymous_28)
FNDA:3,(anonymous_29)
FNDA:2,(anonymous_30)
FNDA:3,(anonymous_31)
FNDA:2,(anonymous_32)
FNDA:13,(anonymous_33)
FNDA:3,(anonymous_34)
FNDA:2,(anonymous_35)
FNDA:6,(anonymous_36)
FNDA:6,(anonymous_37)
FNDA:40,(anonymous_38)
FNDA:8,(anonymous_39)
FNDA:48,(anonymous_40)
FNDA:48,(anonymous_41)
FNDA:20,(anonymous_42)
FNDA:66,(anonymous_43)
DA:41,26
DA:42,26
DA:48,2
DA:49,2
DA:50,36
DA:53,2
DA:64,36
DA:65,36
DA:70,2
DA:75,5
DA:76,5
DA:77,2
DA:79,3
DA:83,2
DA:84,2
DA:88,4
DA:89,4
DA:90,4
DA:94,18
DA:95,7
DA:97,7
DA:102,5
DA:103,5
DA:104,5
DA:105,5
DA:108,7
DA:110,6
DA:114,7
DA:120,4
DA:121,1
DA:123,3
DA:124,3
DA:125,1
DA:127,2
DA:128,2
DA:135,2
DA:139,2
DA:143,2
DA:149,7
DA:151,7
DA:152,7
DA:153,7
DA:154,7
DA:155,7
DA:156,7
DA:157,7
DA:161,2
DA:162,1
DA:164,1
DA:168,1
DA:172,2
DA:176,3
DA:177,3
DA:179,3
DA:180,3
DA:183,3
DA:187,1
DA:191,1
DA:195,1
DA:201,3
DA:202,3
DA:203,3
DA:204,4
DA:205,3
DA:217,4
DA:218,4
DA:219,1
DA:221,3
DA:224,4
DA:226,3
DA:236,2
DA:237,2
DA:238,2
DA:239,3
DA:240,2
DA:255,13
DA:257,5
DA:259,2
DA:261,2
DA:262,1
DA:264,1
DA:267,3
DA:268,3
DA:270,1
DA:272,2
DA:273,1
DA:275,1
DA:278,1
DA:283,3
DA:284,3
DA:285,3
DA:286,3
DA:306,2
DA:310,6
DA:311,6
DA:315,6
DA:316,6
DA:317,4
DA:319,2
DA:324,40
DA:328,8
DA:329,8
DA:337,48
DA:342,48
DA:343,48
DA:345,1
DA:347,47
DA:348,47
DA:349,9
DA:350,9
DA:351,8
DA:353,1
DA:355,38
DA:356,38
DA:358,1
DA:363,20
DA:364,4
DA:366,16
DA:370,66
LF:119
LH:119
BRDA:70,0,0,10
BRDA:76,1,0,2
BRDA:76,1,1,3
BRDA:84,2,0,1
BRDA:84,2,1,1
BRDA:89,3,0,2
BRDA:89,3,1,2
BRDA:97,4,0,7
BRDA:97,4,1,6
BRDA:97,4,2,5
BRDA:102,5,0,4
BRDA:102,5,1,1
BRDA:104,6,0,4
BRDA:104,6,1,1
BRDA:108,7,0,7
BRDA:108,7,1,7
BRDA:108,7,2,7
BRDA:112,8,0,5
BRDA:112,8,1,1
BRDA:113,9,0,5
BRDA:113,9,1,1
BRDA:120,10,0,1
BRDA:120,10,1,3
BRDA:124,11,0,1
BRDA:124,11,1,2
BRDA:124,12,0,3
BRDA:124,12,1,3
BRDA:124,12,2,2
BRDA:127,13,0,1
BRDA:127,13,1,1
BRDA:130,14,0,1
BRDA:130,14,1,1
BRDA:132,15,0,1
BRDA:132,15,1,1
BRDA:133,16,0,1
BRDA:133,16,1,1
BRDA:137,17,0,1
BRDA:137,17,1,1
BRDA:139,18,0,2
BRDA:139,18,1,2
BRDA:142,19,0,1
BRDA:142,19,1,1
BRDA:152,20,0,7
BRDA:152,20,1,6
BRDA:156,21,0,7
BRDA:156,21,1,7
BRDA:157,22,0,1
BRDA:157,22,1,6
BRDA:161,23,0,1
BRDA:161,23,1,1
BRDA:202,24,0,2
BRDA:202,24,1,1
BRDA:204,25,0,4
BRDA:204,25,1,4
BRDA:207,26,0,2
BRDA:207,26,1,1
BRDA:208,27,0,2
BRDA:208,27,1,1
BRDA:209,28,0,2
BRDA:209,28,1,1
BRDA:210,29,0,1
BRDA:210,29,1,2
BRDA:211,30,0,2
BRDA:211,30,1,1
BRDA:212,31,0,2
BRDA:212,31,1,1
BRDA:218,32,0,1
BRDA:218,32,1,3
BRDA:222,33,0,2
BRDA:222,33,1,1
BRDA:224,34,0,4
BRDA:224,34,1,3
BRDA:228,35,0,2
BRDA:228,35,1,1
BRDA:229,36,0,2
BRDA:229,36,1,1
BRDA:237,37,0,1
BRDA:237,37,1,1
BRDA:239,38,0,3
BRDA:239,38,1,3
BRDA:242,39,0,1
BRDA:242,39,1,1
BRDA:243,40,0,1
BRDA:243,40,1,1
BRDA:244,41,0,1
BRDA:244,41,1,1
BRDA:245,42,0,1
BRDA:245,42,1,1
BRDA:255,43,0,5
BRDA:255,43,1,2
BRDA:255,43,2,2
BRDA:255,43,3,3
BRDA:255,43,4,1
BRDA:261,44,0,1
BRDA:261,44,1,1
BRDA:272,45,0,1
BRDA:272,45,1,1
BRDA:283,46,0,2
BRDA:283,46,1,1
BRDA:284,47,0,2
BRDA:284,47,1,1
BRDA:285,48,0,2
BRDA:285,48,1,1
BRDA:288,49,0,1
BRDA:288,49,1,2
BRDA:289,50,0,1
BRDA:289,50,1,2
BRDA:291,51,0,2
BRDA:291,51,1,1
BRDA:292,52,0,1
BRDA:292,52,1,2
BRDA:295,53,0,2
BRDA:295,53,1,1
BRDA:296,54,0,2
BRDA:296,54,1,1
BRDA:299,55,0,2
BRDA:299,55,1,1
BRDA:348,56,0,9
BRDA:348,56,1,38
BRDA:350,57,0,8
BRDA:350,57,1,1
BRDA:363,58,0,4
BRDA:363,58,1,16
BRDA:370,59,0,66
BRDA:370,59,1,60
BRDA:370,59,2,59
BRF:126
BRH:126
end_of_record
TN:
SF:src/core/identity.ts
FN:12,(anonymous_0)
FN:16,(anonymous_1)
FNF:2
FNH:2
FNDA:7,(anonymous_0)
FNDA:6,(anonymous_1)
DA:7,2
DA:10,2
DA:13,7
DA:17,6
LF:4
LH:4
BRDA:13,0,0,2
BRDA:13,0,1,5
BRF:2
BRH:2
end_of_record
TN:
SF:src/core/pairing.ts
FN:16,(anonymous_0)
FN:59,(anonymous_1)
FN:64,(anonymous_2)
FN:76,(anonymous_3)
FNF:4
FNH:4
FNDA:16,(anonymous_0)
FNDA:17,(anonymous_1)
FNDA:3,(anonymous_2)
FNDA:1,(anonymous_3)
DA:11,2
DA:12,2
DA:13,2
DA:14,2
DA:18,16
DA:19,16
DA:21,1
DA:23,15
DA:24,15
DA:25,2
DA:27,13
DA:28,13
DA:29,13
DA:30,13
DA:31,13
DA:32,13
DA:33,2
DA:35,11
DA:36,2
DA:38,9
DA:39,2
DA:41,7
DA:42,7
DA:43,1
DA:45,6
DA:46,1
DA:48,5
DA:56,5
DA:60,17
DA:61,17
DA:65,3
DA:66,3
DA:73,2
DA:77,1
LF:34
LH:34
BRDA:24,0,0,2
BRDA:24,0,1,13
BRDA:24,1,0,15
BRDA:24,1,1,14
BRDA:28,2,0,13
BRDA:28,2,1,1
BRDA:29,3,0,13
BRDA:29,3,1,1
BRDA:30,4,0,13
BRDA:30,4,1,1
BRDA:32,5,0,2
BRDA:32,5,1,11
BRDA:32,6,0,13
BRDA:32,6,1,12
BRDA:35,7,0,2
BRDA:35,7,1,9
BRDA:35,8,0,11
BRDA:35,8,1,11
BRDA:35,8,2,10
BRDA:38,9,0,2
BRDA:38,9,1,7
BRDA:42,10,0,1
BRDA:42,10,1,6
BRDA:42,11,0,7
BRDA:42,11,1,3
BRDA:45,12,0,1
BRDA:45,12,1,5
BRDA:45,13,0,6
BRDA:45,13,1,4
BRDA:51,14,0,2
BRDA:51,14,1,3
BRDA:51,15,0,5
BRDA:51,15,1,3
BRDA:52,16,0,2
BRDA:52,16,1,3
BRDA:61,17,0,13
BRDA:61,17,1,4
BRDA:65,18,0,1
BRDA:65,18,1,2
BRDA:65,19,0,3
BRDA:65,19,1,2
BRF:41
BRH:41
end_of_record
TN:
SF:src/core/presenters.ts
FN:31,(anonymous_0)
FN:36,(anonymous_1)
FN:41,(anonymous_2)
FN:46,(anonymous_3)
FN:47,(anonymous_4)
FN:63,(anonymous_5)
FN:69,(anonymous_6)
FN:70,(anonymous_7)
FN:82,(anonymous_8)
FN:83,(anonymous_9)
FN:93,(anonymous_10)
FN:94,(anonymous_11)
FN:116,(anonymous_12)
FN:117,(anonymous_13)
FN:124,(anonymous_14)
FN:138,(anonymous_15)
FN:151,(anonymous_16)
FN:162,(anonymous_17)
FN:173,(anonymous_18)
FNF:19
FNH:19
FNDA:17,(anonymous_0)
FNDA:14,(anonymous_1)
FNDA:11,(anonymous_2)
FNDA:4,(anonymous_3)
FNDA:6,(anonymous_4)
FNDA:6,(anonymous_5)
FNDA:4,(anonymous_6)
FNDA:11,(anonymous_7)
FNDA:2,(anonymous_8)
FNDA:7,(anonymous_9)
FNDA:2,(anonymous_10)
FNDA:6,(anonymous_11)
FNDA:2,(anonymous_12)
FNDA:4,(anonymous_13)
FNDA:9,(anonymous_14)
FNDA:8,(anonymous_15)
FNDA:4,(anonymous_16)
FNDA:6,(anonymous_17)
FNDA:7,(anonymous_18)
DA:21,2
DA:32,17
DA:37,14
DA:42,11
DA:43,11
DA:47,4
DA:48,6
DA:49,6
DA:63,6
DA:65,4
DA:66,4
DA:70,11
DA:83,7
DA:94,2
DA:95,6
DA:96,6
DA:97,6
DA:98,6
DA:105,6
DA:117,4
DA:125,9
DA:126,5
DA:128,4
DA:129,4
DA:130,4
DA:131,4
DA:132,3
DA:133,3
DA:135,4
DA:139,8
DA:140,8
DA:141,3
DA:143,5
DA:144,5
DA:145,1
DA:147,4
DA:148,4
DA:152,4
DA:153,1
DA:155,3
DA:156,3
DA:157,1
DA:159,2
DA:163,6
DA:164,3
DA:166,3
DA:167,3
DA:168,1
DA:170,2
DA:174,7
DA:175,2
DA:177,5
DA:178,1
DA:180,4
DA:181,3
DA:183,1
LF:56
LH:56
BRDA:32,0,0,17
BRDA:32,0,1,10
BRDA:37,1,0,14
BRDA:37,1,1,9
BRDA:43,2,0,1
BRDA:43,2,1,10
BRDA:48,3,0,6
BRDA:48,3,1,3
BRDA:54,4,0,3
BRDA:54,4,1,3
BRDA:56,5,0,1
BRDA:56,5,1,2
BRDA:65,6,0,1
BRDA:65,6,1,3
BRDA:65,7,0,2
BRDA:65,7,1,1
BRDA:73,8,0,10
BRDA:73,8,1,1
BRDA:78,9,0,7
BRDA:78,9,1,4
BRDA:97,10,0,2
BRDA:97,10,1,4
BRDA:97,11,0,6
BRDA:97,11,1,5
BRDA:98,12,0,1
BRDA:98,12,1,5
BRDA:100,13,0,1
BRDA:100,13,1,4
BRDA:100,14,0,5
BRDA:100,14,1,3
BRDA:102,15,0,1
BRDA:102,15,1,3
BRDA:108,16,0,1
BRDA:108,16,1,5
BRDA:109,17,0,2
BRDA:109,17,1,4
BRDA:120,18,0,2
BRDA:120,18,1,2
BRDA:120,19,0,1
BRDA:120,19,1,1
BRDA:125,20,0,5
BRDA:125,20,1,4
BRDA:131,21,0,7
BRDA:131,21,1,4
BRDA:140,22,0,3
BRDA:140,22,1,5
BRDA:144,23,0,1
BRDA:144,23,1,4
BRDA:148,24,0,1
BRDA:148,24,1,3
BRDA:152,25,0,1
BRDA:152,25,1,3
BRDA:156,26,0,1
BRDA:156,26,1,2
BRDA:159,27,0,1
BRDA:159,27,1,1
BRDA:163,28,0,3
BRDA:163,28,1,3
BRDA:167,29,0,1
BRDA:167,29,1,2
BRDA:170,30,0,1
BRDA:170,30,1,1
BRDA:170,31,0,2
BRDA:170,31,1,1
BRDA:174,32,0,2
BRDA:174,32,1,5
BRDA:177,33,0,1
BRDA:177,33,1,4
BRDA:180,34,0,3
BRDA:180,34,1,1
BRDA:181,35,0,2
BRDA:181,35,1,1
BRDA:181,36,0,3
BRDA:181,36,1,2
BRF:74
BRH:74
end_of_record
TN:
SF:src/core/screens.ts
FN:60,(anonymous_0)
FN:62,(anonymous_1)
FN:63,(anonymous_2)
FN:64,(anonymous_3)
FNF:4
FNH:4
FNDA:18,(anonymous_0)
FNDA:2,(anonymous_1)
FNDA:9,(anonymous_2)
FNDA:22,(anonymous_3)
DA:6,2
DA:20,2
DA:60,18
DA:63,9
DA:64,22
LF:5
LH:5
BRF:0
BRH:0
end_of_record
TN:
SF:src/core/settings.ts
FN:46,(anonymous_0)
FN:61,(anonymous_1)
FN:77,(anonymous_2)
FN:85,(anonymous_3)
FN:89,(anonymous_4)
FNF:5
FNH:5
FNDA:10,(anonymous_0)
FNDA:5,(anonymous_1)
FNDA:30,(anonymous_2)
FNDA:3,(anonymous_3)
FNDA:5,(anonymous_4)
DA:13,2
DA:23,2
DA:32,2
DA:47,10
DA:49,3
DA:51,1
DA:53,3
DA:55,2
DA:57,1
DA:63,5
DA:64,5
DA:66,1
DA:68,5
DA:69,5
DA:72,5
DA:77,30
DA:86,3
DA:90,5
LF:18
LH:18
BRDA:47,0,0,3
BRDA:47,0,1,1
BRDA:47,0,2,3
BRDA:47,0,3,2
BRDA:47,0,4,1
BRDA:64,1,0,1
BRDA:64,1,1,4
BRDA:68,2,0,4
BRDA:68,2,1,1
BRDA:68,3,0,5
BRDA:68,3,1,4
BRDA:69,4,0,2
BRDA:69,4,1,3
BRDA:69,5,0,5
BRDA:69,5,1,2
BRDA:73,6,0,1
BRDA:73,6,1,4
BRDA:74,7,0,1
BRDA:74,7,1,4
BRDA:75,8,0,2
BRDA:75,8,1,3
BRDA:79,9,0,7
BRDA:79,9,1,23
BRDA:90,10,0,4
BRDA:90,10,1,1
BRF:25
BRH:25
end_of_record
